                                      1 ;--------------------------------------------------------
                                      2 ; File Created by SDCC : free open source ISO C Compiler
                                      3 ; Version 4.5.1 #15267 (Linux)
                                      4 ;--------------------------------------------------------
                                      5 	.module ECS
                                      6 	
                                      7 ;--------------------------------------------------------
                                      8 ; Public variables in this module
                                      9 ;--------------------------------------------------------
                                     10 	.globl _entity
                                     11 	.globl _EntityAddComponent
                                     12 	.globl _EntityRemoveComponent
                                     13 	.globl _EntityHasComponent
                                     14 	.globl _GetNextAvailableComponentPoolSlot
                                     15 	.globl _getEntityById
                                     16 ;--------------------------------------------------------
                                     17 ; special function registers
                                     18 ;--------------------------------------------------------
                                     19 ;--------------------------------------------------------
                                     20 ; ram data
                                     21 ;--------------------------------------------------------
                                     22 	.area _DATA
    00000000                         23 _entity::
    00000000                         24 	.ds 300
                                     25 ;--------------------------------------------------------
                                     26 ; ram data
                                     27 ;--------------------------------------------------------
                                     28 	.area _INITIALIZED
                                     29 ;--------------------------------------------------------
                                     30 ; absolute external ram data
                                     31 ;--------------------------------------------------------
                                     32 	.area _DABS (ABS)
                                     33 ;--------------------------------------------------------
                                     34 ; global & static initialisations
                                     35 ;--------------------------------------------------------
                                     36 	.area _HOME
                                     37 	.area _GSINIT
                                     38 	.area _GSFINAL
                                     39 	.area _GSINIT
                                     40 ;--------------------------------------------------------
                                     41 ; Home
                                     42 ;--------------------------------------------------------
                                     43 	.area _HOME
                                     44 	.area _HOME
                                     45 ;--------------------------------------------------------
                                     46 ; code
                                     47 ;--------------------------------------------------------
                                     48 	.area _CODE
                                     49 ;Source/Engine/ECS/../Libraries/vec2.h:32: static inline void vec2_set(vec2 *v, int x, int y) {
                                     50 ;	---------------------------------
                                     51 ; Function vec2_set
                                     52 ; ---------------------------------
    00000000                         53 _vec2_set:
    00000000 69               [ 4]   54 	ld	l, c
    00000001 60               [ 4]   55 	ld	h, b
                                     56 ;Source/Engine/ECS/../Libraries/vec2.h:33: v->x = F12(x);
    00000002 4B               [ 4]   57 	ld	c, e
    00000003 42               [ 4]   58 	ld	b, d
    00000004 29               [ 8]   59 	add	hl, hl
    00000005 29               [ 8]   60 	add	hl, hl
    00000006 29               [ 8]   61 	add	hl, hl
    00000007 29               [ 8]   62 	add	hl, hl
    00000008 7D               [ 4]   63 	ld	a, l
    00000009 02               [ 8]   64 	ld	(bc), a
    0000000A 03               [ 8]   65 	inc	bc
    0000000B 7C               [ 4]   66 	ld	a, h
    0000000C 02               [ 8]   67 	ld	(bc), a
                                     68 ;Source/Engine/ECS/../Libraries/vec2.h:34: v->y = F12(y);
    0000000D 13               [ 8]   69 	inc	de
    0000000E 13               [ 8]   70 	inc	de
    0000000F F8 02            [12]   71 	ldhl	sp,	#2
    00000011 2A               [ 8]   72 	ld	a, (hl+)
    00000012 46               [ 8]   73 	ld	b, (hl)
    00000013 87               [ 4]   74 	add	a, a
    00000014 CB 10            [ 8]   75 	rl	b
    00000016 87               [ 4]   76 	add	a, a
    00000017 CB 10            [ 8]   77 	rl	b
    00000019 87               [ 4]   78 	add	a, a
    0000001A CB 10            [ 8]   79 	rl	b
    0000001C 87               [ 4]   80 	add	a, a
    0000001D CB 10            [ 8]   81 	rl	b
    0000001F 4F               [ 4]   82 	ld	c, a
    00000020 12               [ 8]   83 	ld	(de), a
    00000021 13               [ 8]   84 	inc	de
    00000022 78               [ 4]   85 	ld	a, b
    00000023 12               [ 8]   86 	ld	(de), a
                                     87 ;Source/Engine/ECS/../Libraries/vec2.h:35: }
    00000024 E1               [12]   88 	pop	hl
    00000025 F1               [12]   89 	pop	af
    00000026 E9               [ 4]   90 	jp	(hl)
                                     91 ;Source/Engine/ECS/../Libraries/vec2.h:38: static inline void vec2_add(vec2 *a, const vec2 *b) {
                                     92 ;	---------------------------------
                                     93 ; Function vec2_add
                                     94 ; ---------------------------------
    00000027                         95 _vec2_add:
    00000027 E8 F8            [16]   96 	add	sp, #-8
    00000029 F8 06            [12]   97 	ldhl	sp,	#6
    0000002B 7B               [ 4]   98 	ld	a, e
    0000002C 22               [ 8]   99 	ld	(hl+), a
    0000002D 72               [ 8]  100 	ld	(hl), d
    0000002E F8 04            [12]  101 	ldhl	sp,	#4
    00000030 79               [ 4]  102 	ld	a, c
    00000031 22               [ 8]  103 	ld	(hl+), a
                                    104 ;Source/Engine/ECS/../Libraries/vec2.h:39: a->x += b->x;
    00000032 78               [ 4]  105 	ld	a, b
    00000033 22               [ 8]  106 	ld	(hl+), a
    00000034 7E               [ 8]  107 	ld	a, (hl)
    00000035 F8 02            [12]  108 	ldhl	sp,	#2
    00000037 77               [ 8]  109 	ld	(hl), a
    00000038 F8 07            [12]  110 	ldhl	sp,	#7
    0000003A 7E               [ 8]  111 	ld	a, (hl)
    0000003B F8 03            [12]  112 	ldhl	sp,	#3
    0000003D 32               [ 8]  113 	ld	(hl-), a
    0000003E 2A               [ 8]  114 	ld	a, (hl+)
    0000003F 5F               [ 4]  115 	ld	e, a
    00000040 2A               [ 8]  116 	ld	a, (hl+)
    00000041 57               [ 4]  117 	ld	d, a
    00000042 1A               [ 8]  118 	ld	a, (de)
    00000043 4F               [ 4]  119 	ld	c, a
    00000044 13               [ 8]  120 	inc	de
    00000045 1A               [ 8]  121 	ld	a, (de)
    00000046 47               [ 4]  122 	ld	b, a
    00000047 2A               [ 8]  123 	ld	a, (hl+)
    00000048 5F               [ 4]  124 	ld	e, a
    00000049 56               [ 8]  125 	ld	d, (hl)
    0000004A 1A               [ 8]  126 	ld	a, (de)
    0000004B 6F               [ 4]  127 	ld	l, a
    0000004C 13               [ 8]  128 	inc	de
    0000004D 1A               [ 8]  129 	ld	a, (de)
    0000004E 67               [ 4]  130 	ld	h, a
    0000004F 09               [ 8]  131 	add	hl, bc
    00000050 4D               [ 4]  132 	ld	c, l
    00000051 44               [ 4]  133 	ld	b, h
    00000052 F8 02            [12]  134 	ldhl	sp,	#2
    00000054 2A               [ 8]  135 	ld	a, (hl+)
    00000055 66               [ 8]  136 	ld	h, (hl)
    00000056 6F               [ 4]  137 	ld	l, a
    00000057 79               [ 4]  138 	ld	a, c
    00000058 22               [ 8]  139 	ld	(hl+), a
    00000059 70               [ 8]  140 	ld	(hl), b
                                    141 ;Source/Engine/ECS/../Libraries/vec2.h:40: a->y += b->y;
    0000005A F8 06            [12]  142 	ldhl	sp,	#6
    0000005C 2A               [ 8]  143 	ld	a, (hl+)
    0000005D 4F               [ 4]  144 	ld	c, a
    0000005E 46               [ 8]  145 	ld	b, (hl)
    0000005F 03               [ 8]  146 	inc	bc
    00000060 03               [ 8]  147 	inc	bc
    00000061 59               [ 4]  148 	ld	e, c
    00000062 50               [ 4]  149 	ld	d, b
    00000063 1A               [ 8]  150 	ld	a, (de)
    00000064 F8 00            [12]  151 	ldhl	sp,	#0
    00000066 22               [ 8]  152 	ld	(hl+), a
    00000067 13               [ 8]  153 	inc	de
    00000068 1A               [ 8]  154 	ld	a, (de)
    00000069 77               [ 8]  155 	ld	(hl), a
    0000006A F8 04            [12]  156 	ldhl	sp,	#4
    0000006C 2A               [ 8]  157 	ld	a, (hl+)
    0000006D 66               [ 8]  158 	ld	h, (hl)
    0000006E 6F               [ 4]  159 	ld	l, a
    0000006F 23               [ 8]  160 	inc	hl
    00000070 23               [ 8]  161 	inc	hl
    00000071 5D               [ 4]  162 	ld	e, l
    00000072 54               [ 4]  163 	ld	d, h
    00000073 1A               [ 8]  164 	ld	a, (de)
    00000074 F8 02            [12]  165 	ldhl	sp,	#2
    00000076 22               [ 8]  166 	ld	(hl+), a
    00000077 13               [ 8]  167 	inc	de
    00000078 1A               [ 8]  168 	ld	a, (de)
    00000079 77               [ 8]  169 	ld	(hl), a
    0000007A F8 02            [12]  170 	ldhl	sp,#2
    0000007C 2A               [ 8]  171 	ld	a, (hl+)
    0000007D 5F               [ 4]  172 	ld	e, a
    0000007E 56               [ 8]  173 	ld	d, (hl)
    0000007F E1               [12]  174 	pop	hl
    00000080 E5               [16]  175 	push	hl
    00000081 19               [ 8]  176 	add	hl, de
    00000082 5D               [ 4]  177 	ld	e, l
    00000083 54               [ 4]  178 	ld	d, h
    00000084 7B               [ 4]  179 	ld	a, e
    00000085 02               [ 8]  180 	ld	(bc), a
    00000086 03               [ 8]  181 	inc	bc
    00000087 7A               [ 4]  182 	ld	a, d
    00000088 02               [ 8]  183 	ld	(bc), a
                                    184 ;Source/Engine/ECS/../Libraries/vec2.h:41: }
    00000089 E8 08            [16]  185 	add	sp, #8
    0000008B C9               [16]  186 	ret
                                    187 ;Source/Engine/ECS/../Libraries/vec2.h:44: static inline void vec2_sub(vec2 *a, const vec2 *b) {
                                    188 ;	---------------------------------
                                    189 ; Function vec2_sub
                                    190 ; ---------------------------------
    0000008C                        191 _vec2_sub:
    0000008C E8 FA            [16]  192 	add	sp, #-6
    0000008E F8 04            [12]  193 	ldhl	sp,	#4
    00000090 7B               [ 4]  194 	ld	a, e
    00000091 22               [ 8]  195 	ld	(hl+), a
    00000092 72               [ 8]  196 	ld	(hl), d
    00000093 F8 02            [12]  197 	ldhl	sp,	#2
    00000095 79               [ 4]  198 	ld	a, c
    00000096 22               [ 8]  199 	ld	(hl+), a
                                    200 ;Source/Engine/ECS/../Libraries/vec2.h:45: a->x -= b->x;
    00000097 78               [ 4]  201 	ld	a, b
    00000098 22               [ 8]  202 	ld	(hl+), a
    00000099 7E               [ 8]  203 	ld	a, (hl)
    0000009A F8 00            [12]  204 	ldhl	sp,	#0
    0000009C 77               [ 8]  205 	ld	(hl), a
    0000009D F8 05            [12]  206 	ldhl	sp,	#5
    0000009F 7E               [ 8]  207 	ld	a, (hl)
    000000A0 F8 01            [12]  208 	ldhl	sp,	#1
    000000A2 22               [ 8]  209 	ld	(hl+), a
    000000A3 D1               [12]  210 	pop	de
    000000A4 D5               [16]  211 	push	de
    000000A5 1A               [ 8]  212 	ld	a, (de)
    000000A6 4F               [ 4]  213 	ld	c, a
    000000A7 13               [ 8]  214 	inc	de
    000000A8 1A               [ 8]  215 	ld	a, (de)
    000000A9 47               [ 4]  216 	ld	b, a
    000000AA 2A               [ 8]  217 	ld	a, (hl+)
    000000AB 5F               [ 4]  218 	ld	e, a
    000000AC 56               [ 8]  219 	ld	d, (hl)
    000000AD 1A               [ 8]  220 	ld	a, (de)
    000000AE 6F               [ 4]  221 	ld	l, a
    000000AF 13               [ 8]  222 	inc	de
    000000B0 1A               [ 8]  223 	ld	a, (de)
    000000B1 67               [ 4]  224 	ld	h, a
    000000B2 79               [ 4]  225 	ld	a, c
    000000B3 95               [ 4]  226 	sub	a, l
    000000B4 4F               [ 4]  227 	ld	c, a
    000000B5 78               [ 4]  228 	ld	a, b
    000000B6 9C               [ 4]  229 	sbc	a, h
    000000B7 47               [ 4]  230 	ld	b, a
    000000B8 E1               [12]  231 	pop	hl
    000000B9 E5               [16]  232 	push	hl
    000000BA 79               [ 4]  233 	ld	a, c
    000000BB 22               [ 8]  234 	ld	(hl+), a
    000000BC 70               [ 8]  235 	ld	(hl), b
                                    236 ;Source/Engine/ECS/../Libraries/vec2.h:46: a->y -= b->y;
    000000BD F8 04            [12]  237 	ldhl	sp,#4
    000000BF 2A               [ 8]  238 	ld	a, (hl+)
    000000C0 5F               [ 4]  239 	ld	e, a
    000000C1 56               [ 8]  240 	ld	d, (hl)
    000000C2 21 02 00         [12]  241 	ld	hl, #0x0002
    000000C5 19               [ 8]  242 	add	hl, de
    000000C6 33               [ 8]  243 	inc	sp
    000000C7 33               [ 8]  244 	inc	sp
    000000C8 5D               [ 4]  245 	ld	e, l
    000000C9 54               [ 4]  246 	ld	d, h
    000000CA D5               [16]  247 	push	de
    000000CB 1A               [ 8]  248 	ld	a, (de)
    000000CC 4F               [ 4]  249 	ld	c, a
    000000CD 13               [ 8]  250 	inc	de
    000000CE 1A               [ 8]  251 	ld	a, (de)
    000000CF 47               [ 4]  252 	ld	b, a
    000000D0 F8 02            [12]  253 	ldhl	sp,	#2
    000000D2 2A               [ 8]  254 	ld	a, (hl+)
    000000D3 66               [ 8]  255 	ld	h, (hl)
    000000D4 6F               [ 4]  256 	ld	l, a
    000000D5 23               [ 8]  257 	inc	hl
    000000D6 23               [ 8]  258 	inc	hl
    000000D7 2A               [ 8]  259 	ld	a,	(hl+)
    000000D8 66               [ 8]  260 	ld	h, (hl)
    000000D9 6F               [ 4]  261 	ld	l, a
    000000DA 79               [ 4]  262 	ld	a, c
    000000DB 95               [ 4]  263 	sub	a, l
    000000DC 4F               [ 4]  264 	ld	c, a
    000000DD 78               [ 4]  265 	ld	a, b
    000000DE 9C               [ 4]  266 	sbc	a, h
    000000DF 47               [ 4]  267 	ld	b, a
    000000E0 E1               [12]  268 	pop	hl
    000000E1 E5               [16]  269 	push	hl
    000000E2 79               [ 4]  270 	ld	a, c
    000000E3 22               [ 8]  271 	ld	(hl+), a
    000000E4 70               [ 8]  272 	ld	(hl), b
                                    273 ;Source/Engine/ECS/../Libraries/vec2.h:47: }
    000000E5 E8 06            [16]  274 	add	sp, #6
    000000E7 C9               [16]  275 	ret
                                    276 ;Source/Engine/ECS/../Libraries/vec2.h:50: static inline void vec2_scale(vec2 *a, f12 s) {
                                    277 ;	---------------------------------
                                    278 ; Function vec2_scale
                                    279 ; ---------------------------------
    000000E8                        280 _vec2_scale:
    000000E8 E8 F2            [16]  281 	add	sp, #-14
    000000EA F8 0C            [12]  282 	ldhl	sp,	#12
    000000EC 7B               [ 4]  283 	ld	a, e
    000000ED 22               [ 8]  284 	ld	(hl+), a
    000000EE 72               [ 8]  285 	ld	(hl), d
    000000EF F8 0A            [12]  286 	ldhl	sp,	#10
    000000F1 79               [ 4]  287 	ld	a, c
    000000F2 22               [ 8]  288 	ld	(hl+), a
                                    289 ;Source/Engine/ECS/../Libraries/vec2.h:52: a->x = ((int32_t)a->x * s) >> 4;
    000000F3 78               [ 4]  290 	ld	a, b
    000000F4 22               [ 8]  291 	ld	(hl+), a
    000000F5 7E               [ 8]  292 	ld	a, (hl)
    000000F6 F8 00            [12]  293 	ldhl	sp,	#0
    000000F8 77               [ 8]  294 	ld	(hl), a
    000000F9 F8 0D            [12]  295 	ldhl	sp,	#13
    000000FB 7E               [ 8]  296 	ld	a, (hl)
    000000FC F8 01            [12]  297 	ldhl	sp,	#1
    000000FE 22               [ 8]  298 	ld	(hl+), a
    000000FF D1               [12]  299 	pop	de
    00000100 D5               [16]  300 	push	de
    00000101 1A               [ 8]  301 	ld	a, (de)
    00000102 4F               [ 4]  302 	ld	c, a
    00000103 13               [ 8]  303 	inc	de
    00000104 1A               [ 8]  304 	ld	a, (de)
    00000105 71               [ 8]  305 	ld	(hl), c
    00000106 23               [ 8]  306 	inc	hl
    00000107 22               [ 8]  307 	ld	(hl+), a
    00000108 07               [ 4]  308 	rlca
    00000109 9F               [ 4]  309 	sbc	a, a
    0000010A 22               [ 8]  310 	ld	(hl+), a
    0000010B 77               [ 8]  311 	ld	(hl), a
    0000010C F8 0A            [12]  312 	ldhl	sp,	#10
    0000010E 7E               [ 8]  313 	ld	a, (hl)
    0000010F F8 06            [12]  314 	ldhl	sp,	#6
    00000111 77               [ 8]  315 	ld	(hl), a
    00000112 F8 0B            [12]  316 	ldhl	sp,	#11
    00000114 7E               [ 8]  317 	ld	a, (hl)
    00000115 F8 07            [12]  318 	ldhl	sp,	#7
    00000117 22               [ 8]  319 	ld	(hl+), a
    00000118 07               [ 4]  320 	rlca
    00000119 9F               [ 4]  321 	sbc	a, a
    0000011A 22               [ 8]  322 	ld	(hl+), a
    0000011B 32               [ 8]  323 	ld	(hl-), a
    0000011C 2A               [ 8]  324 	ld	a, (hl+)
    0000011D 5F               [ 4]  325 	ld	e, a
    0000011E 56               [ 8]  326 	ld	d, (hl)
    0000011F D5               [16]  327 	push	de
    00000120 F8 08            [12]  328 	ldhl	sp,	#8
    00000122 2A               [ 8]  329 	ld	a, (hl+)
    00000123 5F               [ 4]  330 	ld	e, a
    00000124 56               [ 8]  331 	ld	d, (hl)
    00000125 D5               [16]  332 	push	de
    00000126 F8 06            [12]  333 	ldhl	sp,	#6
    00000128 2A               [ 8]  334 	ld	a, (hl+)
    00000129 4F               [ 4]  335 	ld	c, a
    0000012A 2A               [ 8]  336 	ld	a, (hl+)
    0000012B 47               [ 4]  337 	ld	b, a
    0000012C 2A               [ 8]  338 	ld	a, (hl+)
    0000012D 5F               [ 4]  339 	ld	e, a
    0000012E 56               [ 8]  340 	ld	d, (hl)
    0000012F CDr00r00         [24]  341 	call	__mullong
    00000132 3E 04            [ 8]  342 	ld	a, #0x04
    00000134                        343 00103$:
    00000134 CB 2A            [ 8]  344 	sra	d
    00000136 CB 1B            [ 8]  345 	rr	e
    00000138 CB 18            [ 8]  346 	rr	b
    0000013A CB 19            [ 8]  347 	rr	c
    0000013C 3D               [ 4]  348 	dec	a
    0000013D 20 F5            [12]  349 	jr	NZ, 00103$
    0000013F E1               [12]  350 	pop	hl
    00000140 E5               [16]  351 	push	hl
    00000141 79               [ 4]  352 	ld	a, c
    00000142 22               [ 8]  353 	ld	(hl+), a
    00000143 70               [ 8]  354 	ld	(hl), b
                                    355 ;Source/Engine/ECS/../Libraries/vec2.h:53: a->y = ((int32_t)a->y * s) >> 4;
    00000144 F8 0C            [12]  356 	ldhl	sp,#12
    00000146 2A               [ 8]  357 	ld	a, (hl+)
    00000147 5F               [ 4]  358 	ld	e, a
    00000148 56               [ 8]  359 	ld	d, (hl)
    00000149 21 02 00         [12]  360 	ld	hl, #0x0002
    0000014C 19               [ 8]  361 	add	hl, de
    0000014D E5               [16]  362 	push	hl
    0000014E 7D               [ 4]  363 	ld	a, l
    0000014F F8 06            [12]  364 	ldhl	sp,	#6
    00000151 77               [ 8]  365 	ld	(hl), a
    00000152 E1               [12]  366 	pop	hl
    00000153 7C               [ 4]  367 	ld	a, h
    00000154 F8 05            [12]  368 	ldhl	sp,	#5
    00000156 32               [ 8]  369 	ld	(hl-), a
    00000157 2A               [ 8]  370 	ld	a, (hl+)
    00000158 5F               [ 4]  371 	ld	e, a
    00000159 56               [ 8]  372 	ld	d, (hl)
    0000015A 1A               [ 8]  373 	ld	a, (de)
    0000015B 4F               [ 4]  374 	ld	c, a
    0000015C 13               [ 8]  375 	inc	de
    0000015D 1A               [ 8]  376 	ld	a, (de)
    0000015E 47               [ 4]  377 	ld	b, a
    0000015F 07               [ 4]  378 	rlca
    00000160 9F               [ 4]  379 	sbc	a, a
    00000161 5F               [ 4]  380 	ld	e, a
    00000162 57               [ 4]  381 	ld	d, a
    00000163 F8 08            [12]  382 	ldhl	sp,	#8
    00000165 2A               [ 8]  383 	ld	a, (hl+)
    00000166 66               [ 8]  384 	ld	h, (hl)
    00000167 6F               [ 4]  385 	ld	l, a
    00000168 E5               [16]  386 	push	hl
    00000169 F8 08            [12]  387 	ldhl	sp,	#8
    0000016B 2A               [ 8]  388 	ld	a, (hl+)
    0000016C 66               [ 8]  389 	ld	h, (hl)
    0000016D 6F               [ 4]  390 	ld	l, a
    0000016E E5               [16]  391 	push	hl
    0000016F CDr00r00         [24]  392 	call	__mullong
    00000172 3E 04            [ 8]  393 	ld	a, #0x04
    00000174                        394 00105$:
    00000174 CB 2A            [ 8]  395 	sra	d
    00000176 CB 1B            [ 8]  396 	rr	e
    00000178 CB 18            [ 8]  397 	rr	b
    0000017A CB 19            [ 8]  398 	rr	c
    0000017C 3D               [ 4]  399 	dec	a
    0000017D 20 F5            [12]  400 	jr	NZ, 00105$
    0000017F F8 04            [12]  401 	ldhl	sp,	#4
    00000181 2A               [ 8]  402 	ld	a, (hl+)
    00000182 66               [ 8]  403 	ld	h, (hl)
    00000183 6F               [ 4]  404 	ld	l, a
    00000184 79               [ 4]  405 	ld	a, c
    00000185 22               [ 8]  406 	ld	(hl+), a
    00000186 70               [ 8]  407 	ld	(hl), b
                                    408 ;Source/Engine/ECS/../Libraries/vec2.h:54: }
    00000187 E8 0E            [16]  409 	add	sp, #14
    00000189 C9               [16]  410 	ret
                                    411 ;Source/Engine/ECS/../Libraries/vec2.h:57: static inline void vec2_copy(vec2 *dest, const vec2 *src) {
                                    412 ;	---------------------------------
                                    413 ; Function vec2_copy
                                    414 ; ---------------------------------
    0000018A                        415 _vec2_copy:
    0000018A E8 FC            [16]  416 	add	sp, #-4
    0000018C F8 02            [12]  417 	ldhl	sp,	#2
    0000018E 7B               [ 4]  418 	ld	a, e
    0000018F 22               [ 8]  419 	ld	(hl+), a
                                    420 ;Source/Engine/ECS/../Libraries/vec2.h:58: dest->x = src->x;
    00000190 7A               [ 4]  421 	ld	a, d
    00000191 32               [ 8]  422 	ld	(hl-), a
    00000192 33               [ 8]  423 	inc	sp
    00000193 33               [ 8]  424 	inc	sp
    00000194 C5               [16]  425 	push	bc
    00000195 2A               [ 8]  426 	ld	a, (hl+)
    00000196 4F               [ 4]  427 	ld	c, a
    00000197 46               [ 8]  428 	ld	b, (hl)
    00000198 D1               [12]  429 	pop	de
    00000199 D5               [16]  430 	push	de
    0000019A 1A               [ 8]  431 	ld	a, (de)
    0000019B 6F               [ 4]  432 	ld	l, a
    0000019C 13               [ 8]  433 	inc	de
    0000019D 1A               [ 8]  434 	ld	a, (de)
    0000019E 67               [ 4]  435 	ld	h, a
    0000019F 7D               [ 4]  436 	ld	a, l
    000001A0 02               [ 8]  437 	ld	(bc), a
    000001A1 03               [ 8]  438 	inc	bc
    000001A2 7C               [ 4]  439 	ld	a, h
    000001A3 02               [ 8]  440 	ld	(bc), a
                                    441 ;Source/Engine/ECS/../Libraries/vec2.h:59: dest->y = src->y;
    000001A4 F8 02            [12]  442 	ldhl	sp,	#2
    000001A6 2A               [ 8]  443 	ld	a, (hl+)
    000001A7 4F               [ 4]  444 	ld	c, a
    000001A8 46               [ 8]  445 	ld	b, (hl)
    000001A9 03               [ 8]  446 	inc	bc
    000001AA 03               [ 8]  447 	inc	bc
    000001AB E1               [12]  448 	pop	hl
    000001AC E5               [16]  449 	push	hl
    000001AD 23               [ 8]  450 	inc	hl
    000001AE 23               [ 8]  451 	inc	hl
    000001AF 2A               [ 8]  452 	ld	a,	(hl+)
    000001B0 66               [ 8]  453 	ld	h, (hl)
    000001B1 02               [ 8]  454 	ld	(bc), a
    000001B2 03               [ 8]  455 	inc	bc
    000001B3 7C               [ 4]  456 	ld	a, h
    000001B4 02               [ 8]  457 	ld	(bc), a
                                    458 ;Source/Engine/ECS/../Libraries/vec2.h:60: }
    000001B5 E8 04            [16]  459 	add	sp, #4
    000001B7 C9               [16]  460 	ret
                                    461 ;Source/Engine/ECS/../Libraries/vec2.h:63: static inline bool vec2_equal(const vec2 *a, const vec2 *b) {
                                    462 ;	---------------------------------
                                    463 ; Function vec2_equal
                                    464 ; ---------------------------------
    000001B8                        465 _vec2_equal:
    000001B8 E8 F8            [16]  466 	add	sp, #-8
    000001BA F8 06            [12]  467 	ldhl	sp,	#6
    000001BC 7B               [ 4]  468 	ld	a, e
    000001BD 22               [ 8]  469 	ld	(hl+), a
    000001BE 72               [ 8]  470 	ld	(hl), d
    000001BF F8 04            [12]  471 	ldhl	sp,	#4
    000001C1 79               [ 4]  472 	ld	a, c
    000001C2 22               [ 8]  473 	ld	(hl+), a
                                    474 ;Source/Engine/ECS/../Libraries/vec2.h:64: return a->x == b->x && a->y == b->y;
    000001C3 78               [ 4]  475 	ld	a, b
    000001C4 22               [ 8]  476 	ld	(hl+), a
    000001C5 2A               [ 8]  477 	ld	a, (hl+)
    000001C6 5F               [ 4]  478 	ld	e, a
    000001C7 3A               [ 8]  479 	ld	a, (hl-)
    000001C8 2B               [ 8]  480 	dec	hl
    000001C9 2B               [ 8]  481 	dec	hl
    000001CA 57               [ 4]  482 	ld	d, a
    000001CB 1A               [ 8]  483 	ld	a, (de)
    000001CC 4F               [ 4]  484 	ld	c, a
    000001CD 13               [ 8]  485 	inc	de
    000001CE 1A               [ 8]  486 	ld	a, (de)
    000001CF 47               [ 4]  487 	ld	b, a
    000001D0 2A               [ 8]  488 	ld	a, (hl+)
    000001D1 5F               [ 4]  489 	ld	e, a
    000001D2 56               [ 8]  490 	ld	d, (hl)
    000001D3 1A               [ 8]  491 	ld	a, (de)
    000001D4 6F               [ 4]  492 	ld	l, a
    000001D5 13               [ 8]  493 	inc	de
    000001D6 1A               [ 8]  494 	ld	a, (de)
    000001D7 67               [ 4]  495 	ld	h, a
    000001D8 7D               [ 4]  496 	ld	a, l
    000001D9 91               [ 4]  497 	sub	a, c
    000001DA 20 3D            [12]  498 	jr	NZ, 00103$
    000001DC 7C               [ 4]  499 	ld	a, h
    000001DD 90               [ 4]  500 	sub	a, b
    000001DE 20 39            [12]  501 	jr	NZ, 00103$
    000001E0 F8 06            [12]  502 	ldhl	sp,	#6
    000001E2 2A               [ 8]  503 	ld	a, (hl+)
    000001E3 4F               [ 4]  504 	ld	c, a
    000001E4 46               [ 8]  505 	ld	b, (hl)
    000001E5 03               [ 8]  506 	inc	bc
    000001E6 03               [ 8]  507 	inc	bc
    000001E7 59               [ 4]  508 	ld	e, c
    000001E8 50               [ 4]  509 	ld	d, b
    000001E9 1A               [ 8]  510 	ld	a, (de)
    000001EA F8 00            [12]  511 	ldhl	sp,	#0
    000001EC 22               [ 8]  512 	ld	(hl+), a
    000001ED 13               [ 8]  513 	inc	de
    000001EE 1A               [ 8]  514 	ld	a, (de)
    000001EF 77               [ 8]  515 	ld	(hl), a
    000001F0 F8 04            [12]  516 	ldhl	sp,#4
    000001F2 2A               [ 8]  517 	ld	a, (hl+)
    000001F3 5F               [ 4]  518 	ld	e, a
    000001F4 56               [ 8]  519 	ld	d, (hl)
    000001F5 21 02 00         [12]  520 	ld	hl, #0x0002
    000001F8 19               [ 8]  521 	add	hl, de
    000001F9 E5               [16]  522 	push	hl
    000001FA 7D               [ 4]  523 	ld	a, l
    000001FB F8 04            [12]  524 	ldhl	sp,	#4
    000001FD 77               [ 8]  525 	ld	(hl), a
    000001FE E1               [12]  526 	pop	hl
    000001FF 7C               [ 4]  527 	ld	a, h
    00000200 F8 03            [12]  528 	ldhl	sp,	#3
    00000202 32               [ 8]  529 	ld	(hl-), a
    00000203 2A               [ 8]  530 	ld	a, (hl+)
    00000204 5F               [ 4]  531 	ld	e, a
    00000205 3A               [ 8]  532 	ld	a, (hl-)
    00000206 57               [ 4]  533 	ld	d, a
    00000207 1A               [ 8]  534 	ld	a, (de)
    00000208 22               [ 8]  535 	ld	(hl+), a
    00000209 13               [ 8]  536 	inc	de
    0000020A 1A               [ 8]  537 	ld	a, (de)
    0000020B 77               [ 8]  538 	ld	(hl), a
    0000020C F8 00            [12]  539 	ldhl	sp,	#0
    0000020E 2A               [ 8]  540 	ld	a, (hl+)
    0000020F 23               [ 8]  541 	inc	hl
    00000210 96               [ 8]  542 	sub	a, (hl)
    00000211 20 06            [12]  543 	jr	NZ, 00115$
    00000213 2B               [ 8]  544 	dec	hl
    00000214 2A               [ 8]  545 	ld	a, (hl+)
    00000215 23               [ 8]  546 	inc	hl
    00000216 96               [ 8]  547 	sub	a, (hl)
    00000217 28 03            [12]  548 	jr	Z, 00104$
    00000219                        549 00115$:
    00000219                        550 00103$:
    00000219 AF               [ 4]  551 	xor	a, a
    0000021A 18 02            [12]  552 	jr	00105$
    0000021C                        553 00104$:
    0000021C 3E 01            [ 8]  554 	ld	a, #0x01
    0000021E                        555 00105$:
                                    556 ;Source/Engine/ECS/../Libraries/vec2.h:65: }
    0000021E E8 08            [16]  557 	add	sp, #8
    00000220 C9               [16]  558 	ret
                                    559 ;Source/Engine/ECS/../Components/transform_component.h:41: static inline vec2 getTransformPos(uint8_t entityID) {
                                    560 ;	---------------------------------
                                    561 ; Function getTransformPos
                                    562 ; ---------------------------------
    00000221                        563 _getTransformPos:
    00000221 E8 FB            [16]  564 	add	sp, #-5
    00000223 F8 04            [12]  565 	ldhl	sp,	#4
    00000225 77               [ 8]  566 	ld	(hl), a
                                    567 ;Source/Engine/ECS/../Components/transform_component.h:42: vec2 tmp = {0, 0};
    00000226 AF               [ 4]  568 	xor	a, a
    00000227 F8 00            [12]  569 	ldhl	sp,	#0
    00000229 22               [ 8]  570 	ld	(hl+), a
    0000022A 22               [ 8]  571 	ld	(hl+), a
    0000022B AF               [ 4]  572 	xor	a, a
    0000022C 22               [ 8]  573 	ld	(hl+), a
    0000022D 77               [ 8]  574 	ld	(hl), a
                                    575 ;Source/Engine/ECS/../Components/transform_component.h:43: for (uint8_t i = 0; i < TRANSFORM_POOL_SIZE; i++) {
    0000022E 0E 00            [ 8]  576 	ld	c, #0x00
    00000230 59               [ 4]  577 	ld	e, c
    00000231                        578 00105$:
    00000231 7B               [ 4]  579 	ld	a, e
    00000232 D6 64            [ 8]  580 	sub	a, #0x64
    00000234 30 2B            [12]  581 	jr	NC, 00103$
                                    582 ;Source/Engine/ECS/../Components/transform_component.h:44: if (transformComponent.entityID[i] == entityID) {
    00000236 21r00r00         [12]  583 	ld	hl, #_transformComponent
    00000239 16 00            [ 8]  584 	ld	d, #0x00
    0000023B 19               [ 8]  585 	add	hl, de
    0000023C 46               [ 8]  586 	ld	b, (hl)
    0000023D F8 04            [12]  587 	ldhl	sp,	#4
    0000023F 7E               [ 8]  588 	ld	a, (hl)
    00000240 90               [ 4]  589 	sub	a, b
    00000241 20 1A            [12]  590 	jr	NZ, 00106$
                                    591 ;Source/Engine/ECS/../Components/transform_component.h:45: tmp = transformComponent.position[i];
    00000243 11r64r00         [12]  592 	ld	de, #_transformComponent + 100
    00000246 69               [ 4]  593 	ld	l, c
    00000247 26 00            [ 8]  594 	ld	h, #0x00
    00000249 29               [ 8]  595 	add	hl, hl
    0000024A 29               [ 8]  596 	add	hl, hl
    0000024B 19               [ 8]  597 	add	hl, de
    0000024C 4D               [ 4]  598 	ld	c, l
    0000024D 44               [ 4]  599 	ld	b, h
    0000024E 21 00 00         [12]  600 	ld	hl, #0
    00000251 39               [ 8]  601 	add	hl, sp
    00000252 5D               [ 4]  602 	ld	e, l
    00000253 54               [ 4]  603 	ld	d, h
    00000254 21 04 00         [12]  604 	ld	hl, #0x0004
    00000257 E5               [16]  605 	push	hl
    00000258 CDr00r00         [24]  606 	call	___memcpy
                                    607 ;Source/Engine/ECS/../Components/transform_component.h:46: break;
    0000025B 18 04            [12]  608 	jr	00103$
    0000025D                        609 00106$:
                                    610 ;Source/Engine/ECS/../Components/transform_component.h:43: for (uint8_t i = 0; i < TRANSFORM_POOL_SIZE; i++) {
    0000025D 1C               [ 4]  611 	inc	e
    0000025E 4B               [ 4]  612 	ld	c, e
    0000025F 18 D0            [12]  613 	jr	00105$
    00000261                        614 00103$:
                                    615 ;Source/Engine/ECS/../Components/transform_component.h:49: return tmp;
    00000261 F8 07            [12]  616 	ldhl	sp,	#7
    00000263 2A               [ 8]  617 	ld	a, (hl+)
    00000264 4F               [ 4]  618 	ld	c, a
    00000265 46               [ 8]  619 	ld	b, (hl)
    00000266 F8 00            [12]  620 	ldhl	sp,	#0
    00000268 2A               [ 8]  621 	ld	a, (hl+)
    00000269 02               [ 8]  622 	ld	(bc), a
    0000026A 03               [ 8]  623 	inc	bc
    0000026B 2A               [ 8]  624 	ld	a, (hl+)
    0000026C 02               [ 8]  625 	ld	(bc), a
    0000026D 03               [ 8]  626 	inc	bc
    0000026E 2A               [ 8]  627 	ld	a, (hl+)
    0000026F 02               [ 8]  628 	ld	(bc), a
    00000270 03               [ 8]  629 	inc	bc
    00000271 7E               [ 8]  630 	ld	a, (hl)
    00000272 02               [ 8]  631 	ld	(bc), a
                                    632 ;Source/Engine/ECS/../Components/transform_component.h:50: }
    00000273 E8 05            [16]  633 	add	sp, #5
    00000275 E1               [12]  634 	pop	hl
    00000276 F1               [12]  635 	pop	af
    00000277 E9               [ 4]  636 	jp	(hl)
                                    637 ;Source/Engine/ECS/ECS.c:9: void EntityAddComponent (Entity *entity, uint16_t component) {
                                    638 ;	---------------------------------
                                    639 ; Function EntityAddComponent
                                    640 ; ---------------------------------
    00000278                        641 _EntityAddComponent::
    00000278 E8 F5            [16]  642 	add	sp, #-11
    0000027A F8 09            [12]  643 	ldhl	sp,	#9
    0000027C 7B               [ 4]  644 	ld	a, e
    0000027D 22               [ 8]  645 	ld	(hl+), a
    0000027E 72               [ 8]  646 	ld	(hl), d
    0000027F F8 07            [12]  647 	ldhl	sp,	#7
    00000281 79               [ 4]  648 	ld	a, c
    00000282 22               [ 8]  649 	ld	(hl+), a
                                    650 ;Source/Engine/ECS/ECS.c:13: if (EntityHasComponent(entity, component)){
    00000283 78               [ 4]  651 	ld	a, b
    00000284 32               [ 8]  652 	ld	(hl-), a
    00000285 2A               [ 8]  653 	ld	a, (hl+)
    00000286 4F               [ 4]  654 	ld	c, a
    00000287 2A               [ 8]  655 	ld	a, (hl+)
    00000288 47               [ 4]  656 	ld	b, a
    00000289 2A               [ 8]  657 	ld	a, (hl+)
    0000028A 5F               [ 4]  658 	ld	e, a
    0000028B 56               [ 8]  659 	ld	d, (hl)
    0000028C CDr39r05         [24]  660 	call	_EntityHasComponent
    0000028F F8 06            [12]  661 	ldhl	sp,#6
    00000291 77               [ 8]  662 	ld	(hl), a
    00000292 CB 46            [12]  663 	bit	0, (hl)
                                    664 ;Source/Engine/ECS/ECS.c:14: return;
    00000294 C2r50r04         [16]  665 	jp	NZ, 00112$
                                    666 ;Source/Engine/ECS/ECS.c:17: entity->components |= component;
    00000297 F8 09            [12]  667 	ldhl	sp,	#9
    00000299 2A               [ 8]  668 	ld	a, (hl+)
    0000029A 4F               [ 4]  669 	ld	c, a
    0000029B 46               [ 8]  670 	ld	b, (hl)
    0000029C 03               [ 8]  671 	inc	bc
    0000029D 69               [ 4]  672 	ld	l, c
    0000029E 60               [ 4]  673 	ld	h, b
    0000029F 23               [ 8]  674 	inc	hl
    000002A0 3A               [ 8]  675 	ld	a,	(hl-)
    000002A1 6E               [ 8]  676 	ld	l, (hl)
    000002A2 F5               [16]  677 	push	af
    000002A3 7D               [ 4]  678 	ld	a, l
    000002A4 E5               [16]  679 	push	hl
    000002A5 F8 0B            [12]  680 	ldhl	sp,	#11
    000002A7 B6               [ 8]  681 	or	a, (hl)
    000002A8 E1               [12]  682 	pop	hl
    000002A9 5F               [ 4]  683 	ld	e, a
    000002AA F1               [12]  684 	pop	af
    000002AB F8 08            [12]  685 	ldhl	sp,	#8
    000002AD B6               [ 8]  686 	or	a, (hl)
                                    687 ;Source/Engine/ECS/ECS.c:25: transformComponent.entityID[nextPoolSlot] = entity->ID;
    000002AE 23               [ 8]  688 	inc	hl
    000002AF 57               [ 4]  689 	ld	d, a
    000002B0 7B               [ 4]  690 	ld	a, e
    000002B1 02               [ 8]  691 	ld	(bc), a
    000002B2 03               [ 8]  692 	inc	bc
    000002B3 7A               [ 4]  693 	ld	a, d
    000002B4 02               [ 8]  694 	ld	(bc), a
    000002B5 7E               [ 8]  695 	ld	a, (hl)
    000002B6 F8 01            [12]  696 	ldhl	sp,	#1
    000002B8 77               [ 8]  697 	ld	(hl), a
    000002B9 F8 0A            [12]  698 	ldhl	sp,	#10
    000002BB 7E               [ 8]  699 	ld	a, (hl)
    000002BC F8 02            [12]  700 	ldhl	sp,	#2
    000002BE 77               [ 8]  701 	ld	(hl), a
                                    702 ;Source/Engine/ECS/ECS.c:20: switch (component) {
    000002BF F8 07            [12]  703 	ldhl	sp,	#7
    000002C1 2A               [ 8]  704 	ld	a, (hl+)
    000002C2 3D               [ 4]  705 	dec	a
    000002C3 B6               [ 8]  706 	or	a, (hl)
    000002C4 28 0C            [12]  707 	jr	Z, 00103$
    000002C6 F8 07            [12]  708 	ldhl	sp,	#7
    000002C8 2A               [ 8]  709 	ld	a, (hl+)
    000002C9 D6 02            [ 8]  710 	sub	a, #0x02
    000002CB B6               [ 8]  711 	or	a, (hl)
    000002CC CAr59r03         [16]  712 	jp	Z, 00106$
    000002CF C3r50r04         [16]  713 	jp	00112$
                                    714 ;Source/Engine/ECS/ECS.c:21: case TRANSFORM_COMPONENT:
    000002D2                        715 00103$:
                                    716 ;Source/Engine/ECS/ECS.c:22: nextPoolSlot = GetNextAvailableComponentPoolSlot(transformComponent.entityID, TRANSFORM_POOL_SIZE);
    000002D2 3E 64            [ 8]  717 	ld	a, #0x64
    000002D4 11r00r00         [12]  718 	ld	de, #_transformComponent
    000002D7 CDr4Br05         [24]  719 	call	_GetNextAvailableComponentPoolSlot
                                    720 ;Source/Engine/ECS/ECS.c:23: if (nextPoolSlot != 255) {
    000002DA F8 00            [12]  721 	ldhl	sp,#0
    000002DC 77               [ 8]  722 	ld	(hl), a
    000002DD 3C               [ 4]  723 	inc	a
    000002DE CAr50r04         [16]  724 	jp	Z, 00112$
                                    725 ;Source/Engine/ECS/ECS.c:24: vec2_set(&transformComponent.position[nextPoolSlot], 0, 0);
    000002E1 F8 00            [12]  726 	ldhl	sp,	#0
    000002E3 7E               [ 8]  727 	ld	a, (hl)
    000002E4 F8 05            [12]  728 	ldhl	sp,	#5
    000002E6 22               [ 8]  729 	ld	(hl+), a
    000002E7 AF               [ 4]  730 	xor	a, a
    000002E8 32               [ 8]  731 	ld	(hl-), a
    000002E9 3A               [ 8]  732 	ld	a, (hl-)
    000002EA 2B               [ 8]  733 	dec	hl
    000002EB 22               [ 8]  734 	ld	(hl+), a
    000002EC 36 00            [12]  735 	ld	(hl), #0x00
    000002EE 3E 02            [ 8]  736 	ld	a, #0x02
    000002F0                        737 00152$:
    000002F0 F8 03            [12]  738 	ldhl	sp,	#3
    000002F2 CB 26            [16]  739 	sla	(hl)
    000002F4 23               [ 8]  740 	inc	hl
    000002F5 CB 16            [16]  741 	rl	(hl)
    000002F7 3D               [ 4]  742 	dec	a
    000002F8 20 F6            [12]  743 	jr	NZ, 00152$
    000002FA 2B               [ 8]  744 	dec	hl
    000002FB 2A               [ 8]  745 	ld	a, (hl+)
    000002FC 5F               [ 4]  746 	ld	e, a
    000002FD 56               [ 8]  747 	ld	d, (hl)
    000002FE 21r64r00         [12]  748 	ld	hl, #(_transformComponent + 100)
    00000301 19               [ 8]  749 	add	hl, de
    00000302 E5               [16]  750 	push	hl
    00000303 7D               [ 4]  751 	ld	a, l
    00000304 F8 07            [12]  752 	ldhl	sp,	#7
    00000306 77               [ 8]  753 	ld	(hl), a
    00000307 E1               [12]  754 	pop	hl
    00000308 7C               [ 4]  755 	ld	a, h
    00000309 F8 06            [12]  756 	ldhl	sp,	#6
    0000030B 32               [ 8]  757 	ld	(hl-), a
    0000030C 3A               [ 8]  758 	ld	a, (hl-)
    0000030D 2B               [ 8]  759 	dec	hl
    0000030E 77               [ 8]  760 	ld	(hl), a
    0000030F F8 06            [12]  761 	ldhl	sp,	#6
    00000311 3A               [ 8]  762 	ld	a, (hl-)
    00000312 2B               [ 8]  763 	dec	hl
                                    764 ;Source/Engine/ECS/../Libraries/vec2.h:33: v->x = F12(x);
    00000313 32               [ 8]  765 	ld	(hl-), a
    00000314 2A               [ 8]  766 	ld	a, (hl+)
    00000315 66               [ 8]  767 	ld	h, (hl)
    00000316 6F               [ 4]  768 	ld	l, a
    00000317 AF               [ 4]  769 	xor	a, a
    00000318 22               [ 8]  770 	ld	(hl+), a
    00000319 77               [ 8]  771 	ld	(hl), a
                                    772 ;Source/Engine/ECS/../Libraries/vec2.h:34: v->y = F12(y);
    0000031A F8 03            [12]  773 	ldhl	sp,#3
    0000031C 2A               [ 8]  774 	ld	a, (hl+)
    0000031D 5F               [ 4]  775 	ld	e, a
    0000031E 56               [ 8]  776 	ld	d, (hl)
    0000031F 21 02 00         [12]  777 	ld	hl, #0x0002
    00000322 19               [ 8]  778 	add	hl, de
    00000323 E5               [16]  779 	push	hl
    00000324 7D               [ 4]  780 	ld	a, l
    00000325 F8 07            [12]  781 	ldhl	sp,	#7
    00000327 77               [ 8]  782 	ld	(hl), a
    00000328 E1               [12]  783 	pop	hl
    00000329 7C               [ 4]  784 	ld	a, h
    0000032A F8 06            [12]  785 	ldhl	sp,	#6
    0000032C 32               [ 8]  786 	ld	(hl-), a
    0000032D 2A               [ 8]  787 	ld	a, (hl+)
    0000032E 66               [ 8]  788 	ld	h, (hl)
    0000032F 6F               [ 4]  789 	ld	l, a
    00000330 AF               [ 4]  790 	xor	a, a
    00000331 22               [ 8]  791 	ld	(hl+), a
    00000332 77               [ 8]  792 	ld	(hl), a
                                    793 ;Source/Engine/ECS/ECS.c:25: transformComponent.entityID[nextPoolSlot] = entity->ID;
    00000333 11r00r00         [12]  794 	ld	de, #_transformComponent
    00000336 F8 00            [12]  795 	ldhl	sp,	#0
    00000338 6E               [ 8]  796 	ld	l, (hl)
    00000339 26 00            [ 8]  797 	ld	h, #0x00
    0000033B 19               [ 8]  798 	add	hl, de
    0000033C E5               [16]  799 	push	hl
    0000033D 7D               [ 4]  800 	ld	a, l
    0000033E F8 07            [12]  801 	ldhl	sp,	#7
    00000340 77               [ 8]  802 	ld	(hl), a
    00000341 E1               [12]  803 	pop	hl
    00000342 7C               [ 4]  804 	ld	a, h
    00000343 F8 06            [12]  805 	ldhl	sp,	#6
    00000345 77               [ 8]  806 	ld	(hl), a
    00000346 F8 01            [12]  807 	ldhl	sp,#1
    00000348 2A               [ 8]  808 	ld	a, (hl+)
    00000349 5F               [ 4]  809 	ld	e, a
    0000034A 2A               [ 8]  810 	ld	a, (hl+)
    0000034B 23               [ 8]  811 	inc	hl
    0000034C 57               [ 4]  812 	ld	d, a
    0000034D 1A               [ 8]  813 	ld	a, (de)
    0000034E 22               [ 8]  814 	ld	(hl+), a
    0000034F 2A               [ 8]  815 	ld	a, (hl+)
    00000350 5F               [ 4]  816 	ld	e, a
    00000351 3A               [ 8]  817 	ld	a, (hl-)
    00000352 2B               [ 8]  818 	dec	hl
    00000353 57               [ 4]  819 	ld	d, a
    00000354 7E               [ 8]  820 	ld	a, (hl)
    00000355 12               [ 8]  821 	ld	(de), a
                                    822 ;Source/Engine/ECS/ECS.c:27: break;
    00000356 C3r50r04         [16]  823 	jp	00112$
                                    824 ;Source/Engine/ECS/ECS.c:28: case SPRITE_COMPONENT:
    00000359                        825 00106$:
                                    826 ;Source/Engine/ECS/ECS.c:29: nextPoolSlot = GetNextAvailableComponentPoolSlot(spriteComponent.entityID, SPRITE_POOL_SIZE);
    00000359 3E 32            [ 8]  827 	ld	a, #0x32
    0000035B 11r00r00         [12]  828 	ld	de, #_spriteComponent
    0000035E CDr4Br05         [24]  829 	call	_GetNextAvailableComponentPoolSlot
                                    830 ;Source/Engine/ECS/ECS.c:30: if (nextPoolSlot != 255) {
    00000361 F8 03            [12]  831 	ldhl	sp,#3
    00000363 77               [ 8]  832 	ld	(hl), a
    00000364 3C               [ 4]  833 	inc	a
    00000365 CAr50r04         [16]  834 	jp	Z, 00112$
                                    835 ;Source/Engine/ECS/ECS.c:31: spriteComponent.entityID[nextPoolSlot] = entity->ID;
    00000368 11r00r00         [12]  836 	ld	de, #_spriteComponent
    0000036B F8 03            [12]  837 	ldhl	sp,	#3
    0000036D 6E               [ 8]  838 	ld	l, (hl)
    0000036E 26 00            [ 8]  839 	ld	h, #0x00
    00000370 19               [ 8]  840 	add	hl, de
    00000371 E5               [16]  841 	push	hl
    00000372 7D               [ 4]  842 	ld	a, l
    00000373 F8 06            [12]  843 	ldhl	sp,	#6
    00000375 77               [ 8]  844 	ld	(hl), a
    00000376 E1               [12]  845 	pop	hl
    00000377 7C               [ 4]  846 	ld	a, h
    00000378 F8 05            [12]  847 	ldhl	sp,	#5
    0000037A 77               [ 8]  848 	ld	(hl), a
    0000037B F8 01            [12]  849 	ldhl	sp,#1
    0000037D 2A               [ 8]  850 	ld	a, (hl+)
    0000037E 5F               [ 4]  851 	ld	e, a
    0000037F 56               [ 8]  852 	ld	d, (hl)
    00000380 1A               [ 8]  853 	ld	a, (de)
    00000381 F8 06            [12]  854 	ldhl	sp,	#6
    00000383 32               [ 8]  855 	ld	(hl-), a
    00000384 2B               [ 8]  856 	dec	hl
    00000385 2A               [ 8]  857 	ld	a, (hl+)
    00000386 5F               [ 4]  858 	ld	e, a
    00000387 2A               [ 8]  859 	ld	a, (hl+)
    00000388 57               [ 4]  860 	ld	d, a
    00000389 7E               [ 8]  861 	ld	a, (hl)
    0000038A 12               [ 8]  862 	ld	(de), a
                                    863 ;Source/Engine/ECS/ECS.c:32: spriteComponent.tileData[nextPoolSlot] = 0; // Null pointer, but zero for consistency
    0000038B F8 03            [12]  864 	ldhl	sp,	#3
    0000038D 7E               [ 8]  865 	ld	a, (hl)
    0000038E 87               [ 4]  866 	add	a, a
    0000038F F8 06            [12]  867 	ldhl	sp,	#6
    00000391 77               [ 8]  868 	ld	(hl), a
    00000392 11r32r00         [12]  869 	ld	de, #(_spriteComponent + 50)
    00000395 6E               [ 8]  870 	ld	l, (hl)
    00000396 26 00            [ 8]  871 	ld	h, #0x00
    00000398 19               [ 8]  872 	add	hl, de
    00000399 E5               [16]  873 	push	hl
    0000039A 7D               [ 4]  874 	ld	a, l
    0000039B F8 06            [12]  875 	ldhl	sp,	#6
    0000039D 77               [ 8]  876 	ld	(hl), a
    0000039E E1               [12]  877 	pop	hl
    0000039F 7C               [ 4]  878 	ld	a, h
    000003A0 F8 05            [12]  879 	ldhl	sp,	#5
    000003A2 32               [ 8]  880 	ld	(hl-), a
    000003A3 2A               [ 8]  881 	ld	a, (hl+)
    000003A4 66               [ 8]  882 	ld	h, (hl)
    000003A5 6F               [ 4]  883 	ld	l, a
    000003A6 AF               [ 4]  884 	xor	a, a
    000003A7 22               [ 8]  885 	ld	(hl+), a
    000003A8 77               [ 8]  886 	ld	(hl), a
                                    887 ;Source/Engine/ECS/ECS.c:33: spriteComponent.tileIndex[nextPoolSlot] = 0;
    000003A9 11r96r00         [12]  888 	ld	de, #(_spriteComponent + 150)
    000003AC F8 03            [12]  889 	ldhl	sp,	#3
    000003AE 6E               [ 8]  890 	ld	l, (hl)
    000003AF 26 00            [ 8]  891 	ld	h, #0x00
    000003B1 19               [ 8]  892 	add	hl, de
    000003B2 E5               [16]  893 	push	hl
    000003B3 7D               [ 4]  894 	ld	a, l
    000003B4 F8 06            [12]  895 	ldhl	sp,	#6
    000003B6 77               [ 8]  896 	ld	(hl), a
    000003B7 E1               [12]  897 	pop	hl
    000003B8 7C               [ 4]  898 	ld	a, h
    000003B9 F8 05            [12]  899 	ldhl	sp,	#5
    000003BB 32               [ 8]  900 	ld	(hl-), a
    000003BC 2A               [ 8]  901 	ld	a, (hl+)
    000003BD 66               [ 8]  902 	ld	h, (hl)
    000003BE 6F               [ 4]  903 	ld	l, a
    000003BF 36 00            [12]  904 	ld	(hl), #0x00
                                    905 ;Source/Engine/ECS/ECS.c:34: spriteComponent.width[nextPoolSlot] = 0;
    000003C1 11rC8r00         [12]  906 	ld	de, #(_spriteComponent + 200)
    000003C4 F8 03            [12]  907 	ldhl	sp,	#3
    000003C6 6E               [ 8]  908 	ld	l, (hl)
    000003C7 26 00            [ 8]  909 	ld	h, #0x00
    000003C9 19               [ 8]  910 	add	hl, de
    000003CA E5               [16]  911 	push	hl
    000003CB 7D               [ 4]  912 	ld	a, l
    000003CC F8 06            [12]  913 	ldhl	sp,	#6
    000003CE 77               [ 8]  914 	ld	(hl), a
    000003CF E1               [12]  915 	pop	hl
    000003D0 7C               [ 4]  916 	ld	a, h
    000003D1 F8 05            [12]  917 	ldhl	sp,	#5
    000003D3 32               [ 8]  918 	ld	(hl-), a
    000003D4 2A               [ 8]  919 	ld	a, (hl+)
    000003D5 66               [ 8]  920 	ld	h, (hl)
    000003D6 6F               [ 4]  921 	ld	l, a
    000003D7 36 00            [12]  922 	ld	(hl), #0x00
                                    923 ;Source/Engine/ECS/ECS.c:35: spriteComponent.height[nextPoolSlot] = 0;
    000003D9 11rFAr00         [12]  924 	ld	de, #(_spriteComponent + 250)
    000003DC F8 03            [12]  925 	ldhl	sp,	#3
    000003DE 6E               [ 8]  926 	ld	l, (hl)
    000003DF 26 00            [ 8]  927 	ld	h, #0x00
    000003E1 19               [ 8]  928 	add	hl, de
    000003E2 E5               [16]  929 	push	hl
    000003E3 7D               [ 4]  930 	ld	a, l
    000003E4 F8 06            [12]  931 	ldhl	sp,	#6
    000003E6 77               [ 8]  932 	ld	(hl), a
    000003E7 E1               [12]  933 	pop	hl
    000003E8 7C               [ 4]  934 	ld	a, h
    000003E9 F8 05            [12]  935 	ldhl	sp,	#5
    000003EB 32               [ 8]  936 	ld	(hl-), a
    000003EC 2A               [ 8]  937 	ld	a, (hl+)
    000003ED 66               [ 8]  938 	ld	h, (hl)
    000003EE 6F               [ 4]  939 	ld	l, a
    000003EF 36 00            [12]  940 	ld	(hl), #0x00
                                    941 ;Source/Engine/ECS/ECS.c:36: spriteComponent.offset[nextPoolSlot].x = 0;
    000003F1 11r2Cr01         [12]  942 	ld	de, #(_spriteComponent + 300)
    000003F4 F8 06            [12]  943 	ldhl	sp,	#6
    000003F6 6E               [ 8]  944 	ld	l, (hl)
    000003F7 26 00            [ 8]  945 	ld	h, #0x00
    000003F9 19               [ 8]  946 	add	hl, de
    000003FA E5               [16]  947 	push	hl
    000003FB 7D               [ 4]  948 	ld	a, l
    000003FC F8 03            [12]  949 	ldhl	sp,	#3
    000003FE 77               [ 8]  950 	ld	(hl), a
    000003FF E1               [12]  951 	pop	hl
    00000400 7C               [ 4]  952 	ld	a, h
    00000401 F8 02            [12]  953 	ldhl	sp,	#2
    00000403 32               [ 8]  954 	ld	(hl-), a
    00000404 2A               [ 8]  955 	ld	a, (hl+)
    00000405 66               [ 8]  956 	ld	h, (hl)
    00000406 6F               [ 4]  957 	ld	l, a
    00000407 36 00            [12]  958 	ld	(hl), #0x00
                                    959 ;Source/Engine/ECS/ECS.c:37: spriteComponent.offset[nextPoolSlot].y = 0;
    00000409 F8 01            [12]  960 	ldhl	sp,#1
    0000040B 2A               [ 8]  961 	ld	a, (hl+)
    0000040C 5F               [ 4]  962 	ld	e, a
    0000040D 56               [ 8]  963 	ld	d, (hl)
    0000040E 6B               [ 4]  964 	ld	l, e
    0000040F 62               [ 4]  965 	ld	h, d
    00000410 23               [ 8]  966 	inc	hl
    00000411 E5               [16]  967 	push	hl
    00000412 7D               [ 4]  968 	ld	a, l
    00000413 F8 07            [12]  969 	ldhl	sp,	#7
    00000415 77               [ 8]  970 	ld	(hl), a
    00000416 E1               [12]  971 	pop	hl
    00000417 7C               [ 4]  972 	ld	a, h
    00000418 F8 06            [12]  973 	ldhl	sp,	#6
    0000041A 32               [ 8]  974 	ld	(hl-), a
    0000041B 2A               [ 8]  975 	ld	a, (hl+)
    0000041C 66               [ 8]  976 	ld	h, (hl)
    0000041D 6F               [ 4]  977 	ld	l, a
    0000041E 36 00            [12]  978 	ld	(hl), #0x00
                                    979 ;Source/Engine/ECS/ECS.c:38: spriteComponent.flags[nextPoolSlot] = 0;
    00000420 11r90r01         [12]  980 	ld	de, #(_spriteComponent + 400)
    00000423 F8 03            [12]  981 	ldhl	sp,	#3
    00000425 6E               [ 8]  982 	ld	l, (hl)
    00000426 26 00            [ 8]  983 	ld	h, #0x00
    00000428 19               [ 8]  984 	add	hl, de
    00000429 E5               [16]  985 	push	hl
    0000042A 7D               [ 4]  986 	ld	a, l
    0000042B F8 07            [12]  987 	ldhl	sp,	#7
    0000042D 77               [ 8]  988 	ld	(hl), a
    0000042E E1               [12]  989 	pop	hl
    0000042F 7C               [ 4]  990 	ld	a, h
    00000430 F8 06            [12]  991 	ldhl	sp,	#6
    00000432 32               [ 8]  992 	ld	(hl-), a
    00000433 2A               [ 8]  993 	ld	a, (hl+)
    00000434 66               [ 8]  994 	ld	h, (hl)
    00000435 6F               [ 4]  995 	ld	l, a
    00000436 36 00            [12]  996 	ld	(hl), #0x00
                                    997 ;Source/Engine/ECS/ECS.c:39: spriteComponent.palette[nextPoolSlot] = 0;
    00000438 11rC2r01         [12]  998 	ld	de, #(_spriteComponent + 450)
    0000043B F8 03            [12]  999 	ldhl	sp,	#3
    0000043D 6E               [ 8] 1000 	ld	l, (hl)
    0000043E 26 00            [ 8] 1001 	ld	h, #0x00
    00000440 19               [ 8] 1002 	add	hl, de
    00000441 E5               [16] 1003 	push	hl
    00000442 7D               [ 4] 1004 	ld	a, l
    00000443 F8 07            [12] 1005 	ldhl	sp,	#7
    00000445 77               [ 8] 1006 	ld	(hl), a
    00000446 E1               [12] 1007 	pop	hl
    00000447 7C               [ 4] 1008 	ld	a, h
    00000448 F8 06            [12] 1009 	ldhl	sp,	#6
    0000044A 32               [ 8] 1010 	ld	(hl-), a
    0000044B 2A               [ 8] 1011 	ld	a, (hl+)
    0000044C 66               [ 8] 1012 	ld	h, (hl)
    0000044D 6F               [ 4] 1013 	ld	l, a
    0000044E 36 00            [12] 1014 	ld	(hl), #0x00
                                   1015 ;Source/Engine/ECS/ECS.c:46: }
    00000450                       1016 00112$:
                                   1017 ;Source/Engine/ECS/ECS.c:47: }
    00000450 E8 0B            [16] 1018 	add	sp, #11
    00000452 C9               [16] 1019 	ret
                                   1020 ;Source/Engine/ECS/ECS.c:50: void EntityRemoveComponent(Entity *entity, uint16_t component) {
                                   1021 ;	---------------------------------
                                   1022 ; Function EntityRemoveComponent
                                   1023 ; ---------------------------------
    00000453                       1024 _EntityRemoveComponent::
    00000453 E8 FA            [16] 1025 	add	sp, #-6
    00000455 F8 04            [12] 1026 	ldhl	sp,	#4
    00000457 7B               [ 4] 1027 	ld	a, e
    00000458 22               [ 8] 1028 	ld	(hl+), a
                                   1029 ;Source/Engine/ECS/ECS.c:52: entity->components &= ~component;
    00000459 7A               [ 4] 1030 	ld	a, d
    0000045A 32               [ 8] 1031 	ld	(hl-), a
    0000045B 2A               [ 8] 1032 	ld	a, (hl+)
    0000045C 5F               [ 4] 1033 	ld	e, a
    0000045D 56               [ 8] 1034 	ld	d, (hl)
    0000045E 6B               [ 4] 1035 	ld	l, e
    0000045F 62               [ 4] 1036 	ld	h, d
    00000460 23               [ 8] 1037 	inc	hl
    00000461 33               [ 8] 1038 	inc	sp
    00000462 33               [ 8] 1039 	inc	sp
    00000463 5D               [ 4] 1040 	ld	e, l
    00000464 54               [ 4] 1041 	ld	d, h
    00000465 D5               [16] 1042 	push	de
    00000466 1A               [ 8] 1043 	ld	a, (de)
    00000467 6F               [ 4] 1044 	ld	l, a
    00000468 13               [ 8] 1045 	inc	de
    00000469 1A               [ 8] 1046 	ld	a, (de)
    0000046A 67               [ 4] 1047 	ld	h, a
    0000046B 79               [ 4] 1048 	ld	a, c
    0000046C 2F               [ 4] 1049 	cpl
    0000046D 5F               [ 4] 1050 	ld	e, a
    0000046E 78               [ 4] 1051 	ld	a, b
    0000046F 2F               [ 4] 1052 	cpl
    00000470 57               [ 4] 1053 	ld	d, a
    00000471 7D               [ 4] 1054 	ld	a, l
    00000472 A3               [ 4] 1055 	and	a, e
    00000473 E5               [16] 1056 	push	hl
    00000474 F8 04            [12] 1057 	ldhl	sp,	#4
    00000476 77               [ 8] 1058 	ld	(hl), a
    00000477 E1               [12] 1059 	pop	hl
    00000478 7C               [ 4] 1060 	ld	a, h
    00000479 A2               [ 4] 1061 	and	a, d
    0000047A F8 03            [12] 1062 	ldhl	sp,	#3
    0000047C 77               [ 8] 1063 	ld	(hl), a
    0000047D D1               [12] 1064 	pop	de
    0000047E D5               [16] 1065 	push	de
    0000047F F8 02            [12] 1066 	ldhl	sp,	#2
    00000481 2A               [ 8] 1067 	ld	a, (hl+)
    00000482 12               [ 8] 1068 	ld	(de), a
    00000483 13               [ 8] 1069 	inc	de
                                   1070 ;Source/Engine/ECS/ECS.c:58: if (transformComponent.entityID[i] == entity -> ID)  {
    00000484 2A               [ 8] 1071 	ld	a, (hl+)
    00000485 12               [ 8] 1072 	ld	(de), a
    00000486 2A               [ 8] 1073 	ld	a, (hl+)
    00000487 5F               [ 4] 1074 	ld	e, a
    00000488 56               [ 8] 1075 	ld	d, (hl)
                                   1076 ;Source/Engine/ECS/ECS.c:55: switch (component) {
    00000489 79               [ 4] 1077 	ld	a, c
    0000048A 3D               [ 4] 1078 	dec	a
    0000048B B0               [ 4] 1079 	or	a, b
    0000048C 28 09            [12] 1080 	jr	Z, 00101$
    0000048E 79               [ 4] 1081 	ld	a, c
    0000048F D6 02            [ 8] 1082 	sub	a, #0x02
    00000491 B0               [ 4] 1083 	or	a, b
    00000492 28 43            [12] 1084 	jr	Z, 00105$
    00000494 C3r36r05         [16] 1085 	jp	00116$
                                   1086 ;Source/Engine/ECS/ECS.c:56: case TRANSFORM_COMPONENT:
    00000497                       1087 00101$:
                                   1088 ;Source/Engine/ECS/ECS.c:57: for (i = 0; i < TRANSFORM_POOL_SIZE; i++) {
    00000497 F8 03            [12] 1089 	ldhl	sp,	#3
    00000499 36 00            [12] 1090 	ld	(hl), #0x00
    0000049B 0E 00            [ 8] 1091 	ld	c, #0x00
    0000049D                       1092 00112$:
                                   1093 ;Source/Engine/ECS/ECS.c:58: if (transformComponent.entityID[i] == entity -> ID)  {
    0000049D 21r00r00         [12] 1094 	ld	hl, #_transformComponent
    000004A0 06 00            [ 8] 1095 	ld	b, #0x00
    000004A2 09               [ 8] 1096 	add	hl, bc
    000004A3 1A               [ 8] 1097 	ld	a, (de)
    000004A4 46               [ 8] 1098 	ld	b, (hl)
    000004A5 90               [ 4] 1099 	sub	a, b
    000004A6 20 24            [12] 1100 	jr	NZ, 00113$
                                   1101 ;Source/Engine/ECS/ECS.c:59: vec2_set(&transformComponent.position[i], 0, 0);
    000004A8 01r64r00         [12] 1102 	ld	bc, #_transformComponent + 100
    000004AB F8 03            [12] 1103 	ldhl	sp,	#3
    000004AD 5E               [ 8] 1104 	ld	e, (hl)
    000004AE 16 00            [ 8] 1105 	ld	d, #0x00
    000004B0 6B               [ 4] 1106 	ld	l, e
    000004B1 62               [ 4] 1107 	ld	h, d
    000004B2 29               [ 8] 1108 	add	hl, hl
    000004B3 29               [ 8] 1109 	add	hl, hl
    000004B4 09               [ 8] 1110 	add	hl, bc
                                   1111 ;Source/Engine/ECS/../Libraries/vec2.h:33: v->x = F12(x);
    000004B5 AF               [ 4] 1112 	xor	a, a
    000004B6 22               [ 8] 1113 	ld	(hl+), a
    000004B7 32               [ 8] 1114 	ld	(hl-), a
                                   1115 ;Source/Engine/ECS/../Libraries/vec2.h:34: v->y = F12(y);
    000004B8 23               [ 8] 1116 	inc	hl
    000004B9 23               [ 8] 1117 	inc	hl
    000004BA AF               [ 4] 1118 	xor	a, a
    000004BB 22               [ 8] 1119 	ld	(hl+), a
    000004BC 77               [ 8] 1120 	ld	(hl), a
                                   1121 ;Source/Engine/ECS/ECS.c:60: transformComponent.entityID[i] = 0;
    000004BD 11r00r00         [12] 1122 	ld	de, #_transformComponent
    000004C0 F8 03            [12] 1123 	ldhl	sp,	#3
    000004C2 6E               [ 8] 1124 	ld	l, (hl)
    000004C3 26 00            [ 8] 1125 	ld	h, #0x00
    000004C5 19               [ 8] 1126 	add	hl, de
    000004C6 4D               [ 4] 1127 	ld	c, l
    000004C7 44               [ 4] 1128 	ld	b, h
    000004C8 AF               [ 4] 1129 	xor	a, a
    000004C9 02               [ 8] 1130 	ld	(bc), a
                                   1131 ;Source/Engine/ECS/ECS.c:61: return;
    000004CA 18 6A            [12] 1132 	jr	00116$
    000004CC                       1133 00113$:
                                   1134 ;Source/Engine/ECS/ECS.c:57: for (i = 0; i < TRANSFORM_POOL_SIZE; i++) {
    000004CC 0C               [ 4] 1135 	inc	c
    000004CD F8 03            [12] 1136 	ldhl	sp,	#3
    000004CF 79               [ 4] 1137 	ld	a,c
    000004D0 77               [ 8] 1138 	ld	(hl),a
    000004D1 D6 64            [ 8] 1139 	sub	a, #0x64
    000004D3 38 C8            [12] 1140 	jr	C, 00112$
                                   1141 ;Source/Engine/ECS/ECS.c:64: break;
    000004D5 18 5F            [12] 1142 	jr	00116$
                                   1143 ;Source/Engine/ECS/ECS.c:65: case SPRITE_COMPONENT:
    000004D7                       1144 00105$:
                                   1145 ;Source/Engine/ECS/ECS.c:66: for (i = 0; i < SPRITE_POOL_SIZE; i++) {
    000004D7 01 00 00         [12] 1146 	ld	bc, #0x0
    000004DA                       1147 00114$:
                                   1148 ;Source/Engine/ECS/ECS.c:67: if (spriteComponent.entityID[i] == entity -> ID)  {
    000004DA 3Er00            [ 8] 1149 	ld	a, #<(_spriteComponent)
    000004DC 80               [ 4] 1150 	add	a, b
    000004DD 6F               [ 4] 1151 	ld	l, a
    000004DE 3Es00            [ 8] 1152 	ld	a, #>(_spriteComponent)
    000004E0 CE 00            [ 8] 1153 	adc	a, #0x00
    000004E2 67               [ 4] 1154 	ld	h, a
    000004E3 1A               [ 8] 1155 	ld	a, (de)
    000004E4 6E               [ 8] 1156 	ld	l, (hl)
    000004E5 95               [ 4] 1157 	sub	a, l
    000004E6 20 47            [12] 1158 	jr	NZ, 00115$
                                   1159 ;Source/Engine/ECS/ECS.c:68: spriteComponent.entityID[i] = 0;
    000004E8 21r00r00         [12] 1160 	ld	hl, #_spriteComponent
    000004EB 06 00            [ 8] 1161 	ld	b, #0x00
    000004ED 09               [ 8] 1162 	add	hl, bc
    000004EE 36 00            [12] 1163 	ld	(hl), #0x00
                                   1164 ;Source/Engine/ECS/ECS.c:69: spriteComponent.tileData[i] = 0;
    000004F0 21r32r00         [12] 1165 	ld	hl, #_spriteComponent + 50
    000004F3 79               [ 4] 1166 	ld	a, c
    000004F4 87               [ 4] 1167 	add	a, a
    000004F5 5F               [ 4] 1168 	ld	e, a
    000004F6 16 00            [ 8] 1169 	ld	d, #0x00
    000004F8 19               [ 8] 1170 	add	hl, de
    000004F9 AF               [ 4] 1171 	xor	a, a
    000004FA 22               [ 8] 1172 	ld	(hl+), a
    000004FB 77               [ 8] 1173 	ld	(hl), a
                                   1174 ;Source/Engine/ECS/ECS.c:70: spriteComponent.tileIndex[i] = 0;
    000004FC 21r96r00         [12] 1175 	ld	hl, #_spriteComponent + 150
    000004FF 06 00            [ 8] 1176 	ld	b, #0x00
    00000501 09               [ 8] 1177 	add	hl, bc
    00000502 36 00            [12] 1178 	ld	(hl), #0x00
                                   1179 ;Source/Engine/ECS/ECS.c:71: spriteComponent.width[i] = 0;
    00000504 21rC8r00         [12] 1180 	ld	hl, #_spriteComponent + 200
    00000507 06 00            [ 8] 1181 	ld	b, #0x00
    00000509 09               [ 8] 1182 	add	hl, bc
    0000050A 36 00            [12] 1183 	ld	(hl), #0x00
                                   1184 ;Source/Engine/ECS/ECS.c:72: spriteComponent.height[i] = 0;
    0000050C 21rFAr00         [12] 1185 	ld	hl, #_spriteComponent + 250
    0000050F 06 00            [ 8] 1186 	ld	b, #0x00
    00000511 09               [ 8] 1187 	add	hl, bc
    00000512 36 00            [12] 1188 	ld	(hl), #0x00
                                   1189 ;Source/Engine/ECS/ECS.c:73: spriteComponent.offset[i].x = 0;
    00000514 21r2Cr01         [12] 1190 	ld	hl, #_spriteComponent + 300
    00000517 16 00            [ 8] 1191 	ld	d, #0x00
    00000519 19               [ 8] 1192 	add	hl, de
                                   1193 ;Source/Engine/ECS/ECS.c:74: spriteComponent.offset[i].y = 0;
    0000051A AF               [ 4] 1194 	xor	a, a
    0000051B 22               [ 8] 1195 	ld	(hl+), a
    0000051C 77               [ 8] 1196 	ld	(hl), a
                                   1197 ;Source/Engine/ECS/ECS.c:75: spriteComponent.flags[i] = 0;
    0000051D 21r90r01         [12] 1198 	ld	hl, #(_spriteComponent + 400)
    00000520 06 00            [ 8] 1199 	ld	b, #0x00
    00000522 09               [ 8] 1200 	add	hl, bc
    00000523 36 00            [12] 1201 	ld	(hl), #0x00
                                   1202 ;Source/Engine/ECS/ECS.c:76: spriteComponent.palette[i] = 0;
    00000525 21rC2r01         [12] 1203 	ld	hl, #(_spriteComponent + 450)
    00000528 06 00            [ 8] 1204 	ld	b, #0x00
    0000052A 09               [ 8] 1205 	add	hl, bc
    0000052B 36 00            [12] 1206 	ld	(hl), #0x00
                                   1207 ;Source/Engine/ECS/ECS.c:77: return;
    0000052D 18 07            [12] 1208 	jr	00116$
    0000052F                       1209 00115$:
                                   1210 ;Source/Engine/ECS/ECS.c:66: for (i = 0; i < SPRITE_POOL_SIZE; i++) {
    0000052F 04               [ 4] 1211 	inc	b
    00000530 48               [ 4] 1212 	ld	c, b
    00000531 78               [ 4] 1213 	ld	a, b
    00000532 D6 32            [ 8] 1214 	sub	a, #0x32
    00000534 38 A4            [12] 1215 	jr	C, 00114$
                                   1216 ;Source/Engine/ECS/ECS.c:85: }
    00000536                       1217 00116$:
                                   1218 ;Source/Engine/ECS/ECS.c:86: }
    00000536 E8 06            [16] 1219 	add	sp, #6
    00000538 C9               [16] 1220 	ret
                                   1221 ;Source/Engine/ECS/ECS.c:89: bool EntityHasComponent(const Entity *entity, uint16_t component) {
                                   1222 ;	---------------------------------
                                   1223 ; Function EntityHasComponent
                                   1224 ; ---------------------------------
    00000539                       1225 _EntityHasComponent::
                                   1226 ;Source/Engine/ECS/ECS.c:90: return (entity->components & component) != 0;
    00000539 6B               [ 4] 1227 	ld	l, e
    0000053A 62               [ 4] 1228 	ld	h, d
    0000053B 23               [ 8] 1229 	inc	hl
    0000053C 2A               [ 8] 1230 	ld	a, (hl+)
    0000053D 6E               [ 8] 1231 	ld	l, (hl)
    0000053E A1               [ 4] 1232 	and	a, c
    0000053F 4F               [ 4] 1233 	ld	c, a
    00000540 7D               [ 4] 1234 	ld	a, l
    00000541 A0               [ 4] 1235 	and	a, b
    00000542 B1               [ 4] 1236 	or	a, c
    00000543 D6 01            [ 8] 1237 	sub	a, #0x01
    00000545 3E 00            [ 8] 1238 	ld	a, #0x00
    00000547 17               [ 4] 1239 	rla
    00000548 EE 01            [ 8] 1240 	xor	a, #0x01
                                   1241 ;Source/Engine/ECS/ECS.c:91: }
    0000054A C9               [16] 1242 	ret
                                   1243 ;Source/Engine/ECS/ECS.c:93: uint8_t GetNextAvailableComponentPoolSlot(uint8_t *poolPointer, uint8_t poolSize) {
                                   1244 ;	---------------------------------
                                   1245 ; Function GetNextAvailableComponentPoolSlot
                                   1246 ; ---------------------------------
    0000054B                       1247 _GetNextAvailableComponentPoolSlot::
    0000054B 3B               [ 8] 1248 	dec	sp
    0000054C 4F               [ 4] 1249 	ld	c, a
                                   1250 ;Source/Engine/ECS/ECS.c:95: for (i = 0; i < poolSize; i++) {
    0000054D F8 00            [12] 1251 	ldhl	sp,	#0
    0000054F 36 00            [12] 1252 	ld	(hl), #0x00
    00000551 06 00            [ 8] 1253 	ld	b, #0x00
    00000553                       1254 00105$:
    00000553 78               [ 4] 1255 	ld	a, b
    00000554 91               [ 4] 1256 	sub	a, c
    00000555 30 13            [12] 1257 	jr	NC, 00103$
                                   1258 ;Source/Engine/ECS/ECS.c:96: if (poolPointer[i] == 0) {
    00000557 68               [ 4] 1259 	ld	l, b
    00000558 26 00            [ 8] 1260 	ld	h, #0x00
    0000055A 19               [ 8] 1261 	add	hl, de
    0000055B 7E               [ 8] 1262 	ld	a, (hl)
    0000055C B7               [ 4] 1263 	or	a, a
    0000055D 20 05            [12] 1264 	jr	NZ, 00106$
                                   1265 ;Source/Engine/ECS/ECS.c:97: return i;
    0000055F F8 00            [12] 1266 	ldhl	sp,	#0
    00000561 7E               [ 8] 1267 	ld	a, (hl)
    00000562 18 08            [12] 1268 	jr	00107$
    00000564                       1269 00106$:
                                   1270 ;Source/Engine/ECS/ECS.c:95: for (i = 0; i < poolSize; i++) {
    00000564 04               [ 4] 1271 	inc	b
    00000565 F8 00            [12] 1272 	ldhl	sp,	#0
    00000567 70               [ 8] 1273 	ld	(hl), b
    00000568 18 E9            [12] 1274 	jr	00105$
    0000056A                       1275 00103$:
                                   1276 ;Source/Engine/ECS/ECS.c:100: return 255;
    0000056A 3E FF            [ 8] 1277 	ld	a, #0xff
    0000056C                       1278 00107$:
                                   1279 ;Source/Engine/ECS/ECS.c:101: }
    0000056C 33               [ 8] 1280 	inc	sp
    0000056D C9               [16] 1281 	ret
                                   1282 ;Source/Engine/ECS/ECS.c:103: Entity* getEntityById (uint8_t id) {
                                   1283 ;	---------------------------------
                                   1284 ; Function getEntityById
                                   1285 ; ---------------------------------
    0000056E                       1286 _getEntityById::
    0000056E 3B               [ 8] 1287 	dec	sp
    0000056F F8 00            [12] 1288 	ldhl	sp,	#0
    00000571 77               [ 8] 1289 	ld	(hl), a
                                   1290 ;Source/Engine/ECS/ECS.c:104: for (int i = 0; i < MAX_ENTITIES; i++) {
    00000572 01 00 00         [12] 1291 	ld	bc, #0x0000
    00000575                       1292 00105$:
    00000575 79               [ 4] 1293 	ld	a, c
    00000576 D6 64            [ 8] 1294 	sub	a, #0x64
    00000578 30 19            [12] 1295 	jr	NC, 00103$
                                   1296 ;Source/Engine/ECS/ECS.c:105: if (entity[i].ID == id) {
    0000057A 69               [ 4] 1297 	ld	l, c
    0000057B 60               [ 4] 1298 	ld	h, b
    0000057C 29               [ 8] 1299 	add	hl, hl
    0000057D 09               [ 8] 1300 	add	hl, bc
    0000057E 7D               [ 4] 1301 	ld	a, l
    0000057F C6r00            [ 8] 1302 	add	a, #<(_entity)
    00000581 5F               [ 4] 1303 	ld	e, a
    00000582 7C               [ 4] 1304 	ld	a, h
    00000583 CEs00            [ 8] 1305 	adc	a, #>(_entity)
    00000585 57               [ 4] 1306 	ld	d, a
    00000586 1A               [ 8] 1307 	ld	a, (de)
    00000587 F8 00            [12] 1308 	ldhl	sp,	#0
    00000589 96               [ 8] 1309 	sub	a, (hl)
    0000058A 20 04            [12] 1310 	jr	NZ, 00106$
                                   1311 ;Source/Engine/ECS/ECS.c:106: return &entity[i];
    0000058C 4B               [ 4] 1312 	ld	c, e
    0000058D 42               [ 4] 1313 	ld	b, d
    0000058E 18 06            [12] 1314 	jr	00107$
    00000590                       1315 00106$:
                                   1316 ;Source/Engine/ECS/ECS.c:104: for (int i = 0; i < MAX_ENTITIES; i++) {
    00000590 03               [ 8] 1317 	inc	bc
    00000591 18 E2            [12] 1318 	jr	00105$
    00000593                       1319 00103$:
                                   1320 ;Source/Engine/ECS/ECS.c:109: return 0;
    00000593 01 00 00         [12] 1321 	ld	bc, #0x0000
    00000596                       1322 00107$:
                                   1323 ;Source/Engine/ECS/ECS.c:110: }
    00000596 33               [ 8] 1324 	inc	sp
    00000597 C9               [16] 1325 	ret
                                   1326 	.area _CODE
                                   1327 	.area _INITIALIZER
                                   1328 	.area _CABS (ABS)
