                                      1 ;--------------------------------------------------------
                                      2 ; File Created by SDCC : free open source ISO C Compiler
                                      3 ; Version 4.5.1 #15267 (Linux)
                                      4 ;--------------------------------------------------------
                                      5 	.module axion_engine
                                      6 	
                                      7 ;--------------------------------------------------------
                                      8 ; Public variables in this module
                                      9 ;--------------------------------------------------------
                                     10 	.globl _main
                                     11 	.globl _RenderSprites
                                     12 	.globl _EntityAddComponent
                                     13 	.globl _set_sprite_data
                                     14 	.globl _set_bkg_data
                                     15 	.globl _display_off
                                     16 ;--------------------------------------------------------
                                     17 ; special function registers
                                     18 ;--------------------------------------------------------
                                     19 ;--------------------------------------------------------
                                     20 ; ram data
                                     21 ;--------------------------------------------------------
                                     22 	.area _DATA
                                     23 ;--------------------------------------------------------
                                     24 ; ram data
                                     25 ;--------------------------------------------------------
                                     26 	.area _INITIALIZED
                                     27 ;--------------------------------------------------------
                                     28 ; absolute external ram data
                                     29 ;--------------------------------------------------------
                                     30 	.area _DABS (ABS)
                                     31 ;--------------------------------------------------------
                                     32 ; global & static initialisations
                                     33 ;--------------------------------------------------------
                                     34 	.area _HOME
                                     35 	.area _GSINIT
                                     36 	.area _GSFINAL
                                     37 	.area _GSINIT
                                     38 ;--------------------------------------------------------
                                     39 ; Home
                                     40 ;--------------------------------------------------------
                                     41 	.area _HOME
                                     42 	.area _HOME
                                     43 ;--------------------------------------------------------
                                     44 ; code
                                     45 ;--------------------------------------------------------
                                     46 	.area _CODE
                                     47 ;Source/Engine/Components/../Libraries/vec2.h:32: static inline void vec2_set(vec2 *v, int x, int y) {
                                     48 ;	---------------------------------
                                     49 ; Function vec2_set
                                     50 ; ---------------------------------
    00000000                         51 _vec2_set:
    00000000 69               [ 4]   52 	ld	l, c
    00000001 60               [ 4]   53 	ld	h, b
                                     54 ;Source/Engine/Components/../Libraries/vec2.h:33: v->x = F12(x);
    00000002 4B               [ 4]   55 	ld	c, e
    00000003 42               [ 4]   56 	ld	b, d
    00000004 29               [ 8]   57 	add	hl, hl
    00000005 29               [ 8]   58 	add	hl, hl
    00000006 29               [ 8]   59 	add	hl, hl
    00000007 29               [ 8]   60 	add	hl, hl
    00000008 7D               [ 4]   61 	ld	a, l
    00000009 02               [ 8]   62 	ld	(bc), a
    0000000A 03               [ 8]   63 	inc	bc
    0000000B 7C               [ 4]   64 	ld	a, h
    0000000C 02               [ 8]   65 	ld	(bc), a
                                     66 ;Source/Engine/Components/../Libraries/vec2.h:34: v->y = F12(y);
    0000000D 13               [ 8]   67 	inc	de
    0000000E 13               [ 8]   68 	inc	de
    0000000F F8 02            [12]   69 	ldhl	sp,	#2
    00000011 2A               [ 8]   70 	ld	a, (hl+)
    00000012 46               [ 8]   71 	ld	b, (hl)
    00000013 87               [ 4]   72 	add	a, a
    00000014 CB 10            [ 8]   73 	rl	b
    00000016 87               [ 4]   74 	add	a, a
    00000017 CB 10            [ 8]   75 	rl	b
    00000019 87               [ 4]   76 	add	a, a
    0000001A CB 10            [ 8]   77 	rl	b
    0000001C 87               [ 4]   78 	add	a, a
    0000001D CB 10            [ 8]   79 	rl	b
    0000001F 4F               [ 4]   80 	ld	c, a
    00000020 12               [ 8]   81 	ld	(de), a
    00000021 13               [ 8]   82 	inc	de
    00000022 78               [ 4]   83 	ld	a, b
    00000023 12               [ 8]   84 	ld	(de), a
                                     85 ;Source/Engine/Components/../Libraries/vec2.h:35: }
    00000024 E1               [12]   86 	pop	hl
    00000025 F1               [12]   87 	pop	af
    00000026 E9               [ 4]   88 	jp	(hl)
                                     89 ;Source/Engine/Components/../Libraries/vec2.h:38: static inline void vec2_add(vec2 *a, const vec2 *b) {
                                     90 ;	---------------------------------
                                     91 ; Function vec2_add
                                     92 ; ---------------------------------
    00000027                         93 _vec2_add:
    00000027 E8 F8            [16]   94 	add	sp, #-8
    00000029 F8 06            [12]   95 	ldhl	sp,	#6
    0000002B 7B               [ 4]   96 	ld	a, e
    0000002C 22               [ 8]   97 	ld	(hl+), a
    0000002D 72               [ 8]   98 	ld	(hl), d
    0000002E F8 04            [12]   99 	ldhl	sp,	#4
    00000030 79               [ 4]  100 	ld	a, c
    00000031 22               [ 8]  101 	ld	(hl+), a
                                    102 ;Source/Engine/Components/../Libraries/vec2.h:39: a->x += b->x;
    00000032 78               [ 4]  103 	ld	a, b
    00000033 22               [ 8]  104 	ld	(hl+), a
    00000034 7E               [ 8]  105 	ld	a, (hl)
    00000035 F8 02            [12]  106 	ldhl	sp,	#2
    00000037 77               [ 8]  107 	ld	(hl), a
    00000038 F8 07            [12]  108 	ldhl	sp,	#7
    0000003A 7E               [ 8]  109 	ld	a, (hl)
    0000003B F8 03            [12]  110 	ldhl	sp,	#3
    0000003D 32               [ 8]  111 	ld	(hl-), a
    0000003E 2A               [ 8]  112 	ld	a, (hl+)
    0000003F 5F               [ 4]  113 	ld	e, a
    00000040 2A               [ 8]  114 	ld	a, (hl+)
    00000041 57               [ 4]  115 	ld	d, a
    00000042 1A               [ 8]  116 	ld	a, (de)
    00000043 4F               [ 4]  117 	ld	c, a
    00000044 13               [ 8]  118 	inc	de
    00000045 1A               [ 8]  119 	ld	a, (de)
    00000046 47               [ 4]  120 	ld	b, a
    00000047 2A               [ 8]  121 	ld	a, (hl+)
    00000048 5F               [ 4]  122 	ld	e, a
    00000049 56               [ 8]  123 	ld	d, (hl)
    0000004A 1A               [ 8]  124 	ld	a, (de)
    0000004B 6F               [ 4]  125 	ld	l, a
    0000004C 13               [ 8]  126 	inc	de
    0000004D 1A               [ 8]  127 	ld	a, (de)
    0000004E 67               [ 4]  128 	ld	h, a
    0000004F 09               [ 8]  129 	add	hl, bc
    00000050 4D               [ 4]  130 	ld	c, l
    00000051 44               [ 4]  131 	ld	b, h
    00000052 F8 02            [12]  132 	ldhl	sp,	#2
    00000054 2A               [ 8]  133 	ld	a, (hl+)
    00000055 66               [ 8]  134 	ld	h, (hl)
    00000056 6F               [ 4]  135 	ld	l, a
    00000057 79               [ 4]  136 	ld	a, c
    00000058 22               [ 8]  137 	ld	(hl+), a
    00000059 70               [ 8]  138 	ld	(hl), b
                                    139 ;Source/Engine/Components/../Libraries/vec2.h:40: a->y += b->y;
    0000005A F8 06            [12]  140 	ldhl	sp,	#6
    0000005C 2A               [ 8]  141 	ld	a, (hl+)
    0000005D 4F               [ 4]  142 	ld	c, a
    0000005E 46               [ 8]  143 	ld	b, (hl)
    0000005F 03               [ 8]  144 	inc	bc
    00000060 03               [ 8]  145 	inc	bc
    00000061 59               [ 4]  146 	ld	e, c
    00000062 50               [ 4]  147 	ld	d, b
    00000063 1A               [ 8]  148 	ld	a, (de)
    00000064 F8 00            [12]  149 	ldhl	sp,	#0
    00000066 22               [ 8]  150 	ld	(hl+), a
    00000067 13               [ 8]  151 	inc	de
    00000068 1A               [ 8]  152 	ld	a, (de)
    00000069 77               [ 8]  153 	ld	(hl), a
    0000006A F8 04            [12]  154 	ldhl	sp,	#4
    0000006C 2A               [ 8]  155 	ld	a, (hl+)
    0000006D 66               [ 8]  156 	ld	h, (hl)
    0000006E 6F               [ 4]  157 	ld	l, a
    0000006F 23               [ 8]  158 	inc	hl
    00000070 23               [ 8]  159 	inc	hl
    00000071 5D               [ 4]  160 	ld	e, l
    00000072 54               [ 4]  161 	ld	d, h
    00000073 1A               [ 8]  162 	ld	a, (de)
    00000074 F8 02            [12]  163 	ldhl	sp,	#2
    00000076 22               [ 8]  164 	ld	(hl+), a
    00000077 13               [ 8]  165 	inc	de
    00000078 1A               [ 8]  166 	ld	a, (de)
    00000079 77               [ 8]  167 	ld	(hl), a
    0000007A F8 02            [12]  168 	ldhl	sp,#2
    0000007C 2A               [ 8]  169 	ld	a, (hl+)
    0000007D 5F               [ 4]  170 	ld	e, a
    0000007E 56               [ 8]  171 	ld	d, (hl)
    0000007F E1               [12]  172 	pop	hl
    00000080 E5               [16]  173 	push	hl
    00000081 19               [ 8]  174 	add	hl, de
    00000082 5D               [ 4]  175 	ld	e, l
    00000083 54               [ 4]  176 	ld	d, h
    00000084 7B               [ 4]  177 	ld	a, e
    00000085 02               [ 8]  178 	ld	(bc), a
    00000086 03               [ 8]  179 	inc	bc
    00000087 7A               [ 4]  180 	ld	a, d
    00000088 02               [ 8]  181 	ld	(bc), a
                                    182 ;Source/Engine/Components/../Libraries/vec2.h:41: }
    00000089 E8 08            [16]  183 	add	sp, #8
    0000008B C9               [16]  184 	ret
                                    185 ;Source/Engine/Components/../Libraries/vec2.h:44: static inline void vec2_sub(vec2 *a, const vec2 *b) {
                                    186 ;	---------------------------------
                                    187 ; Function vec2_sub
                                    188 ; ---------------------------------
    0000008C                        189 _vec2_sub:
    0000008C E8 FA            [16]  190 	add	sp, #-6
    0000008E F8 04            [12]  191 	ldhl	sp,	#4
    00000090 7B               [ 4]  192 	ld	a, e
    00000091 22               [ 8]  193 	ld	(hl+), a
    00000092 72               [ 8]  194 	ld	(hl), d
    00000093 F8 02            [12]  195 	ldhl	sp,	#2
    00000095 79               [ 4]  196 	ld	a, c
    00000096 22               [ 8]  197 	ld	(hl+), a
                                    198 ;Source/Engine/Components/../Libraries/vec2.h:45: a->x -= b->x;
    00000097 78               [ 4]  199 	ld	a, b
    00000098 22               [ 8]  200 	ld	(hl+), a
    00000099 7E               [ 8]  201 	ld	a, (hl)
    0000009A F8 00            [12]  202 	ldhl	sp,	#0
    0000009C 77               [ 8]  203 	ld	(hl), a
    0000009D F8 05            [12]  204 	ldhl	sp,	#5
    0000009F 7E               [ 8]  205 	ld	a, (hl)
    000000A0 F8 01            [12]  206 	ldhl	sp,	#1
    000000A2 22               [ 8]  207 	ld	(hl+), a
    000000A3 D1               [12]  208 	pop	de
    000000A4 D5               [16]  209 	push	de
    000000A5 1A               [ 8]  210 	ld	a, (de)
    000000A6 4F               [ 4]  211 	ld	c, a
    000000A7 13               [ 8]  212 	inc	de
    000000A8 1A               [ 8]  213 	ld	a, (de)
    000000A9 47               [ 4]  214 	ld	b, a
    000000AA 2A               [ 8]  215 	ld	a, (hl+)
    000000AB 5F               [ 4]  216 	ld	e, a
    000000AC 56               [ 8]  217 	ld	d, (hl)
    000000AD 1A               [ 8]  218 	ld	a, (de)
    000000AE 6F               [ 4]  219 	ld	l, a
    000000AF 13               [ 8]  220 	inc	de
    000000B0 1A               [ 8]  221 	ld	a, (de)
    000000B1 67               [ 4]  222 	ld	h, a
    000000B2 79               [ 4]  223 	ld	a, c
    000000B3 95               [ 4]  224 	sub	a, l
    000000B4 4F               [ 4]  225 	ld	c, a
    000000B5 78               [ 4]  226 	ld	a, b
    000000B6 9C               [ 4]  227 	sbc	a, h
    000000B7 47               [ 4]  228 	ld	b, a
    000000B8 E1               [12]  229 	pop	hl
    000000B9 E5               [16]  230 	push	hl
    000000BA 79               [ 4]  231 	ld	a, c
    000000BB 22               [ 8]  232 	ld	(hl+), a
    000000BC 70               [ 8]  233 	ld	(hl), b
                                    234 ;Source/Engine/Components/../Libraries/vec2.h:46: a->y -= b->y;
    000000BD F8 04            [12]  235 	ldhl	sp,#4
    000000BF 2A               [ 8]  236 	ld	a, (hl+)
    000000C0 5F               [ 4]  237 	ld	e, a
    000000C1 56               [ 8]  238 	ld	d, (hl)
    000000C2 21 02 00         [12]  239 	ld	hl, #0x0002
    000000C5 19               [ 8]  240 	add	hl, de
    000000C6 33               [ 8]  241 	inc	sp
    000000C7 33               [ 8]  242 	inc	sp
    000000C8 5D               [ 4]  243 	ld	e, l
    000000C9 54               [ 4]  244 	ld	d, h
    000000CA D5               [16]  245 	push	de
    000000CB 1A               [ 8]  246 	ld	a, (de)
    000000CC 4F               [ 4]  247 	ld	c, a
    000000CD 13               [ 8]  248 	inc	de
    000000CE 1A               [ 8]  249 	ld	a, (de)
    000000CF 47               [ 4]  250 	ld	b, a
    000000D0 F8 02            [12]  251 	ldhl	sp,	#2
    000000D2 2A               [ 8]  252 	ld	a, (hl+)
    000000D3 66               [ 8]  253 	ld	h, (hl)
    000000D4 6F               [ 4]  254 	ld	l, a
    000000D5 23               [ 8]  255 	inc	hl
    000000D6 23               [ 8]  256 	inc	hl
    000000D7 2A               [ 8]  257 	ld	a,	(hl+)
    000000D8 66               [ 8]  258 	ld	h, (hl)
    000000D9 6F               [ 4]  259 	ld	l, a
    000000DA 79               [ 4]  260 	ld	a, c
    000000DB 95               [ 4]  261 	sub	a, l
    000000DC 4F               [ 4]  262 	ld	c, a
    000000DD 78               [ 4]  263 	ld	a, b
    000000DE 9C               [ 4]  264 	sbc	a, h
    000000DF 47               [ 4]  265 	ld	b, a
    000000E0 E1               [12]  266 	pop	hl
    000000E1 E5               [16]  267 	push	hl
    000000E2 79               [ 4]  268 	ld	a, c
    000000E3 22               [ 8]  269 	ld	(hl+), a
    000000E4 70               [ 8]  270 	ld	(hl), b
                                    271 ;Source/Engine/Components/../Libraries/vec2.h:47: }
    000000E5 E8 06            [16]  272 	add	sp, #6
    000000E7 C9               [16]  273 	ret
                                    274 ;Source/Engine/Components/../Libraries/vec2.h:50: static inline void vec2_scale(vec2 *a, f12 s) {
                                    275 ;	---------------------------------
                                    276 ; Function vec2_scale
                                    277 ; ---------------------------------
    000000E8                        278 _vec2_scale:
    000000E8 E8 F2            [16]  279 	add	sp, #-14
    000000EA F8 0C            [12]  280 	ldhl	sp,	#12
    000000EC 7B               [ 4]  281 	ld	a, e
    000000ED 22               [ 8]  282 	ld	(hl+), a
    000000EE 72               [ 8]  283 	ld	(hl), d
    000000EF F8 0A            [12]  284 	ldhl	sp,	#10
    000000F1 79               [ 4]  285 	ld	a, c
    000000F2 22               [ 8]  286 	ld	(hl+), a
                                    287 ;Source/Engine/Components/../Libraries/vec2.h:52: a->x = ((int32_t)a->x * s) >> 4;
    000000F3 78               [ 4]  288 	ld	a, b
    000000F4 22               [ 8]  289 	ld	(hl+), a
    000000F5 7E               [ 8]  290 	ld	a, (hl)
    000000F6 F8 00            [12]  291 	ldhl	sp,	#0
    000000F8 77               [ 8]  292 	ld	(hl), a
    000000F9 F8 0D            [12]  293 	ldhl	sp,	#13
    000000FB 7E               [ 8]  294 	ld	a, (hl)
    000000FC F8 01            [12]  295 	ldhl	sp,	#1
    000000FE 22               [ 8]  296 	ld	(hl+), a
    000000FF D1               [12]  297 	pop	de
    00000100 D5               [16]  298 	push	de
    00000101 1A               [ 8]  299 	ld	a, (de)
    00000102 4F               [ 4]  300 	ld	c, a
    00000103 13               [ 8]  301 	inc	de
    00000104 1A               [ 8]  302 	ld	a, (de)
    00000105 71               [ 8]  303 	ld	(hl), c
    00000106 23               [ 8]  304 	inc	hl
    00000107 22               [ 8]  305 	ld	(hl+), a
    00000108 07               [ 4]  306 	rlca
    00000109 9F               [ 4]  307 	sbc	a, a
    0000010A 22               [ 8]  308 	ld	(hl+), a
    0000010B 77               [ 8]  309 	ld	(hl), a
    0000010C F8 0A            [12]  310 	ldhl	sp,	#10
    0000010E 7E               [ 8]  311 	ld	a, (hl)
    0000010F F8 06            [12]  312 	ldhl	sp,	#6
    00000111 77               [ 8]  313 	ld	(hl), a
    00000112 F8 0B            [12]  314 	ldhl	sp,	#11
    00000114 7E               [ 8]  315 	ld	a, (hl)
    00000115 F8 07            [12]  316 	ldhl	sp,	#7
    00000117 22               [ 8]  317 	ld	(hl+), a
    00000118 07               [ 4]  318 	rlca
    00000119 9F               [ 4]  319 	sbc	a, a
    0000011A 22               [ 8]  320 	ld	(hl+), a
    0000011B 32               [ 8]  321 	ld	(hl-), a
    0000011C 2A               [ 8]  322 	ld	a, (hl+)
    0000011D 5F               [ 4]  323 	ld	e, a
    0000011E 56               [ 8]  324 	ld	d, (hl)
    0000011F D5               [16]  325 	push	de
    00000120 F8 08            [12]  326 	ldhl	sp,	#8
    00000122 2A               [ 8]  327 	ld	a, (hl+)
    00000123 5F               [ 4]  328 	ld	e, a
    00000124 56               [ 8]  329 	ld	d, (hl)
    00000125 D5               [16]  330 	push	de
    00000126 F8 06            [12]  331 	ldhl	sp,	#6
    00000128 2A               [ 8]  332 	ld	a, (hl+)
    00000129 4F               [ 4]  333 	ld	c, a
    0000012A 2A               [ 8]  334 	ld	a, (hl+)
    0000012B 47               [ 4]  335 	ld	b, a
    0000012C 2A               [ 8]  336 	ld	a, (hl+)
    0000012D 5F               [ 4]  337 	ld	e, a
    0000012E 56               [ 8]  338 	ld	d, (hl)
    0000012F CDr00r00         [24]  339 	call	__mullong
    00000132 3E 04            [ 8]  340 	ld	a, #0x04
    00000134                        341 00103$:
    00000134 CB 2A            [ 8]  342 	sra	d
    00000136 CB 1B            [ 8]  343 	rr	e
    00000138 CB 18            [ 8]  344 	rr	b
    0000013A CB 19            [ 8]  345 	rr	c
    0000013C 3D               [ 4]  346 	dec	a
    0000013D 20 F5            [12]  347 	jr	NZ, 00103$
    0000013F E1               [12]  348 	pop	hl
    00000140 E5               [16]  349 	push	hl
    00000141 79               [ 4]  350 	ld	a, c
    00000142 22               [ 8]  351 	ld	(hl+), a
    00000143 70               [ 8]  352 	ld	(hl), b
                                    353 ;Source/Engine/Components/../Libraries/vec2.h:53: a->y = ((int32_t)a->y * s) >> 4;
    00000144 F8 0C            [12]  354 	ldhl	sp,#12
    00000146 2A               [ 8]  355 	ld	a, (hl+)
    00000147 5F               [ 4]  356 	ld	e, a
    00000148 56               [ 8]  357 	ld	d, (hl)
    00000149 21 02 00         [12]  358 	ld	hl, #0x0002
    0000014C 19               [ 8]  359 	add	hl, de
    0000014D E5               [16]  360 	push	hl
    0000014E 7D               [ 4]  361 	ld	a, l
    0000014F F8 06            [12]  362 	ldhl	sp,	#6
    00000151 77               [ 8]  363 	ld	(hl), a
    00000152 E1               [12]  364 	pop	hl
    00000153 7C               [ 4]  365 	ld	a, h
    00000154 F8 05            [12]  366 	ldhl	sp,	#5
    00000156 32               [ 8]  367 	ld	(hl-), a
    00000157 2A               [ 8]  368 	ld	a, (hl+)
    00000158 5F               [ 4]  369 	ld	e, a
    00000159 56               [ 8]  370 	ld	d, (hl)
    0000015A 1A               [ 8]  371 	ld	a, (de)
    0000015B 4F               [ 4]  372 	ld	c, a
    0000015C 13               [ 8]  373 	inc	de
    0000015D 1A               [ 8]  374 	ld	a, (de)
    0000015E 47               [ 4]  375 	ld	b, a
    0000015F 07               [ 4]  376 	rlca
    00000160 9F               [ 4]  377 	sbc	a, a
    00000161 5F               [ 4]  378 	ld	e, a
    00000162 57               [ 4]  379 	ld	d, a
    00000163 F8 08            [12]  380 	ldhl	sp,	#8
    00000165 2A               [ 8]  381 	ld	a, (hl+)
    00000166 66               [ 8]  382 	ld	h, (hl)
    00000167 6F               [ 4]  383 	ld	l, a
    00000168 E5               [16]  384 	push	hl
    00000169 F8 08            [12]  385 	ldhl	sp,	#8
    0000016B 2A               [ 8]  386 	ld	a, (hl+)
    0000016C 66               [ 8]  387 	ld	h, (hl)
    0000016D 6F               [ 4]  388 	ld	l, a
    0000016E E5               [16]  389 	push	hl
    0000016F CDr00r00         [24]  390 	call	__mullong
    00000172 3E 04            [ 8]  391 	ld	a, #0x04
    00000174                        392 00105$:
    00000174 CB 2A            [ 8]  393 	sra	d
    00000176 CB 1B            [ 8]  394 	rr	e
    00000178 CB 18            [ 8]  395 	rr	b
    0000017A CB 19            [ 8]  396 	rr	c
    0000017C 3D               [ 4]  397 	dec	a
    0000017D 20 F5            [12]  398 	jr	NZ, 00105$
    0000017F F8 04            [12]  399 	ldhl	sp,	#4
    00000181 2A               [ 8]  400 	ld	a, (hl+)
    00000182 66               [ 8]  401 	ld	h, (hl)
    00000183 6F               [ 4]  402 	ld	l, a
    00000184 79               [ 4]  403 	ld	a, c
    00000185 22               [ 8]  404 	ld	(hl+), a
    00000186 70               [ 8]  405 	ld	(hl), b
                                    406 ;Source/Engine/Components/../Libraries/vec2.h:54: }
    00000187 E8 0E            [16]  407 	add	sp, #14
    00000189 C9               [16]  408 	ret
                                    409 ;Source/Engine/Components/../Libraries/vec2.h:57: static inline void vec2_copy(vec2 *dest, const vec2 *src) {
                                    410 ;	---------------------------------
                                    411 ; Function vec2_copy
                                    412 ; ---------------------------------
    0000018A                        413 _vec2_copy:
    0000018A E8 FC            [16]  414 	add	sp, #-4
    0000018C F8 02            [12]  415 	ldhl	sp,	#2
    0000018E 7B               [ 4]  416 	ld	a, e
    0000018F 22               [ 8]  417 	ld	(hl+), a
                                    418 ;Source/Engine/Components/../Libraries/vec2.h:58: dest->x = src->x;
    00000190 7A               [ 4]  419 	ld	a, d
    00000191 32               [ 8]  420 	ld	(hl-), a
    00000192 33               [ 8]  421 	inc	sp
    00000193 33               [ 8]  422 	inc	sp
    00000194 C5               [16]  423 	push	bc
    00000195 2A               [ 8]  424 	ld	a, (hl+)
    00000196 4F               [ 4]  425 	ld	c, a
    00000197 46               [ 8]  426 	ld	b, (hl)
    00000198 D1               [12]  427 	pop	de
    00000199 D5               [16]  428 	push	de
    0000019A 1A               [ 8]  429 	ld	a, (de)
    0000019B 6F               [ 4]  430 	ld	l, a
    0000019C 13               [ 8]  431 	inc	de
    0000019D 1A               [ 8]  432 	ld	a, (de)
    0000019E 67               [ 4]  433 	ld	h, a
    0000019F 7D               [ 4]  434 	ld	a, l
    000001A0 02               [ 8]  435 	ld	(bc), a
    000001A1 03               [ 8]  436 	inc	bc
    000001A2 7C               [ 4]  437 	ld	a, h
    000001A3 02               [ 8]  438 	ld	(bc), a
                                    439 ;Source/Engine/Components/../Libraries/vec2.h:59: dest->y = src->y;
    000001A4 F8 02            [12]  440 	ldhl	sp,	#2
    000001A6 2A               [ 8]  441 	ld	a, (hl+)
    000001A7 4F               [ 4]  442 	ld	c, a
    000001A8 46               [ 8]  443 	ld	b, (hl)
    000001A9 03               [ 8]  444 	inc	bc
    000001AA 03               [ 8]  445 	inc	bc
    000001AB E1               [12]  446 	pop	hl
    000001AC E5               [16]  447 	push	hl
    000001AD 23               [ 8]  448 	inc	hl
    000001AE 23               [ 8]  449 	inc	hl
    000001AF 2A               [ 8]  450 	ld	a,	(hl+)
    000001B0 66               [ 8]  451 	ld	h, (hl)
    000001B1 02               [ 8]  452 	ld	(bc), a
    000001B2 03               [ 8]  453 	inc	bc
    000001B3 7C               [ 4]  454 	ld	a, h
    000001B4 02               [ 8]  455 	ld	(bc), a
                                    456 ;Source/Engine/Components/../Libraries/vec2.h:60: }
    000001B5 E8 04            [16]  457 	add	sp, #4
    000001B7 C9               [16]  458 	ret
                                    459 ;Source/Engine/Components/../Libraries/vec2.h:63: static inline bool vec2_equal(const vec2 *a, const vec2 *b) {
                                    460 ;	---------------------------------
                                    461 ; Function vec2_equal
                                    462 ; ---------------------------------
    000001B8                        463 _vec2_equal:
    000001B8 E8 F8            [16]  464 	add	sp, #-8
    000001BA F8 06            [12]  465 	ldhl	sp,	#6
    000001BC 7B               [ 4]  466 	ld	a, e
    000001BD 22               [ 8]  467 	ld	(hl+), a
    000001BE 72               [ 8]  468 	ld	(hl), d
    000001BF F8 04            [12]  469 	ldhl	sp,	#4
    000001C1 79               [ 4]  470 	ld	a, c
    000001C2 22               [ 8]  471 	ld	(hl+), a
                                    472 ;Source/Engine/Components/../Libraries/vec2.h:64: return a->x == b->x && a->y == b->y;
    000001C3 78               [ 4]  473 	ld	a, b
    000001C4 22               [ 8]  474 	ld	(hl+), a
    000001C5 2A               [ 8]  475 	ld	a, (hl+)
    000001C6 5F               [ 4]  476 	ld	e, a
    000001C7 3A               [ 8]  477 	ld	a, (hl-)
    000001C8 2B               [ 8]  478 	dec	hl
    000001C9 2B               [ 8]  479 	dec	hl
    000001CA 57               [ 4]  480 	ld	d, a
    000001CB 1A               [ 8]  481 	ld	a, (de)
    000001CC 4F               [ 4]  482 	ld	c, a
    000001CD 13               [ 8]  483 	inc	de
    000001CE 1A               [ 8]  484 	ld	a, (de)
    000001CF 47               [ 4]  485 	ld	b, a
    000001D0 2A               [ 8]  486 	ld	a, (hl+)
    000001D1 5F               [ 4]  487 	ld	e, a
    000001D2 56               [ 8]  488 	ld	d, (hl)
    000001D3 1A               [ 8]  489 	ld	a, (de)
    000001D4 6F               [ 4]  490 	ld	l, a
    000001D5 13               [ 8]  491 	inc	de
    000001D6 1A               [ 8]  492 	ld	a, (de)
    000001D7 67               [ 4]  493 	ld	h, a
    000001D8 7D               [ 4]  494 	ld	a, l
    000001D9 91               [ 4]  495 	sub	a, c
    000001DA 20 3D            [12]  496 	jr	NZ, 00103$
    000001DC 7C               [ 4]  497 	ld	a, h
    000001DD 90               [ 4]  498 	sub	a, b
    000001DE 20 39            [12]  499 	jr	NZ, 00103$
    000001E0 F8 06            [12]  500 	ldhl	sp,	#6
    000001E2 2A               [ 8]  501 	ld	a, (hl+)
    000001E3 4F               [ 4]  502 	ld	c, a
    000001E4 46               [ 8]  503 	ld	b, (hl)
    000001E5 03               [ 8]  504 	inc	bc
    000001E6 03               [ 8]  505 	inc	bc
    000001E7 59               [ 4]  506 	ld	e, c
    000001E8 50               [ 4]  507 	ld	d, b
    000001E9 1A               [ 8]  508 	ld	a, (de)
    000001EA F8 00            [12]  509 	ldhl	sp,	#0
    000001EC 22               [ 8]  510 	ld	(hl+), a
    000001ED 13               [ 8]  511 	inc	de
    000001EE 1A               [ 8]  512 	ld	a, (de)
    000001EF 77               [ 8]  513 	ld	(hl), a
    000001F0 F8 04            [12]  514 	ldhl	sp,#4
    000001F2 2A               [ 8]  515 	ld	a, (hl+)
    000001F3 5F               [ 4]  516 	ld	e, a
    000001F4 56               [ 8]  517 	ld	d, (hl)
    000001F5 21 02 00         [12]  518 	ld	hl, #0x0002
    000001F8 19               [ 8]  519 	add	hl, de
    000001F9 E5               [16]  520 	push	hl
    000001FA 7D               [ 4]  521 	ld	a, l
    000001FB F8 04            [12]  522 	ldhl	sp,	#4
    000001FD 77               [ 8]  523 	ld	(hl), a
    000001FE E1               [12]  524 	pop	hl
    000001FF 7C               [ 4]  525 	ld	a, h
    00000200 F8 03            [12]  526 	ldhl	sp,	#3
    00000202 32               [ 8]  527 	ld	(hl-), a
    00000203 2A               [ 8]  528 	ld	a, (hl+)
    00000204 5F               [ 4]  529 	ld	e, a
    00000205 3A               [ 8]  530 	ld	a, (hl-)
    00000206 57               [ 4]  531 	ld	d, a
    00000207 1A               [ 8]  532 	ld	a, (de)
    00000208 22               [ 8]  533 	ld	(hl+), a
    00000209 13               [ 8]  534 	inc	de
    0000020A 1A               [ 8]  535 	ld	a, (de)
    0000020B 77               [ 8]  536 	ld	(hl), a
    0000020C F8 00            [12]  537 	ldhl	sp,	#0
    0000020E 2A               [ 8]  538 	ld	a, (hl+)
    0000020F 23               [ 8]  539 	inc	hl
    00000210 96               [ 8]  540 	sub	a, (hl)
    00000211 20 06            [12]  541 	jr	NZ, 00115$
    00000213 2B               [ 8]  542 	dec	hl
    00000214 2A               [ 8]  543 	ld	a, (hl+)
    00000215 23               [ 8]  544 	inc	hl
    00000216 96               [ 8]  545 	sub	a, (hl)
    00000217 28 03            [12]  546 	jr	Z, 00104$
    00000219                        547 00115$:
    00000219                        548 00103$:
    00000219 AF               [ 4]  549 	xor	a, a
    0000021A 18 02            [12]  550 	jr	00105$
    0000021C                        551 00104$:
    0000021C 3E 01            [ 8]  552 	ld	a, #0x01
    0000021E                        553 00105$:
                                    554 ;Source/Engine/Components/../Libraries/vec2.h:65: }
    0000021E E8 08            [16]  555 	add	sp, #8
    00000220 C9               [16]  556 	ret
                                    557 ;Source/Engine/axion_engine.c:36: void main(void)
                                    558 ;	---------------------------------
                                    559 ; Function main
                                    560 ; ---------------------------------
    00000221                        561 _main::
    00000221 E8 FD            [16]  562 	add	sp, #-3
                                    563 ;Source/Engine/axion_engine.c:40: Entity player =  { .ID = 1, .components = 0 }; // Write function to get next ID
    00000223 F8 00            [12]  564 	ldhl	sp,	#0
    00000225 5D               [ 4]  565 	ld	e, l
    00000226 54               [ 4]  566 	ld	d, h
    00000227 36 01            [12]  567 	ld	(hl), #0x01
    00000229 4B               [ 4]  568 	ld	c, e
    0000022A 42               [ 4]  569 	ld	b, d
    0000022B 03               [ 8]  570 	inc	bc
    0000022C AF               [ 4]  571 	xor	a, a
    0000022D 02               [ 8]  572 	ld	(bc), a
    0000022E 03               [ 8]  573 	inc	bc
    0000022F 02               [ 8]  574 	ld	(bc), a
                                    575 ;Source/Engine/axion_engine.c:42: EntityAddComponent(&player, TRANSFORM_COMPONENT);
    00000230 D5               [16]  576 	push	de
    00000231 01 01 00         [12]  577 	ld	bc, #0x0001
    00000234 CDr00r00         [24]  578 	call	_EntityAddComponent
    00000237 D1               [12]  579 	pop	de
                                    580 ;Source/Engine/axion_engine.c:43: transformComponent.position[0].x = F12(65);
    00000238 21r64r00         [12]  581 	ld	hl, #_transformComponent + 100
    0000023B 3E 10            [ 8]  582 	ld	a, #0x10
    0000023D 22               [ 8]  583 	ld	(hl+), a
    0000023E 36 04            [12]  584 	ld	(hl), #0x04
                                    585 ;Source/Engine/axion_engine.c:44: transformComponent.position[0].y = F12(65);
    00000240 21r66r00         [12]  586 	ld	hl, #_transformComponent + 102
    00000243 3E 10            [ 8]  587 	ld	a, #0x10
    00000245 22               [ 8]  588 	ld	(hl+), a
    00000246 36 04            [12]  589 	ld	(hl), #0x04
                                    590 ;Source/Engine/axion_engine.c:45: EntityAddComponent(&player, SPRITE_COMPONENT);
    00000248 01 02 00         [12]  591 	ld	bc, #0x0002
    0000024B CDr00r00         [24]  592 	call	_EntityAddComponent
                                    593 ;Source/Engine/axion_engine.c:46: spriteComponent.tileData[0] = earth_data[0];
    0000024E 21r00r00         [12]  594 	ld	hl, #_earth_data
    00000251 4E               [ 8]  595 	ld	c, (hl)
    00000252 06 00            [ 8]  596 	ld	b, #0x00
    00000254 21r32r00         [12]  597 	ld	hl, #(_spriteComponent + 50)
    00000257 71               [ 8]  598 	ld	(hl), c
    00000258 23               [ 8]  599 	inc	hl
    00000259 70               [ 8]  600 	ld	(hl), b
                                    601 ;Source/Engine/axion_engine.c:47: spriteComponent.width[0] = 2;
    0000025A 21rC8r00         [12]  602 	ld	hl, #_spriteComponent + 200
    0000025D 36 02            [12]  603 	ld	(hl), #0x02
                                    604 ;Source/Engine/axion_engine.c:48: spriteComponent.height[0] = 2;
    0000025F 21rFAr00         [12]  605 	ld	hl, #_spriteComponent + 250
    00000262 36 02            [12]  606 	ld	(hl), #0x02
                                    607 ;Source/Engine/axion_engine.c:49: spriteComponent.flags[0] = SPRITE_FLAG_WORLD | SPRITE_VISIBLE;
    00000264 21r90r01         [12]  608 	ld	hl, #_spriteComponent + 400
    00000267 36 41            [12]  609 	ld	(hl), #0x41
                                    610 ;/opt/gbdk/include/gb/gb.h:811: __asm__("di");
    00000269 F3               [ 4]  611 	di
                                    612 ;Source/Engine/axion_engine.c:53: DISPLAY_OFF;
    0000026A CDr00r00         [24]  613 	call	_display_off
                                    614 ;Source/Engine/axion_engine.c:54: LCDC_REG = LCDCF_OFF | LCDCF_WIN9C00 | LCDCF_WINON | LCDCF_BG8800 | LCDCF_BG9800 | LCDCF_OBJ16 | LCDCF_OBJON | LCDCF_BGON;
    0000026D 3E 67            [ 8]  615 	ld	a, #0x67
    0000026F E0r00            [12]  616 	ldh	(_LCDC_REG + 0), a
                                    617 ;Source/Engine/axion_engine.c:69: BGP_REG = OBP0_REG = OBP1_REG = 0xE4U;
    00000271 3E E4            [ 8]  618 	ld	a, #0xe4
    00000273 E0r00            [12]  619 	ldh	(_OBP1_REG + 0), a
    00000275 3E E4            [ 8]  620 	ld	a, #0xe4
    00000277 E0r00            [12]  621 	ldh	(_OBP0_REG + 0), a
    00000279 3E E4            [ 8]  622 	ld	a, #0xe4
    0000027B E0r00            [12]  623 	ldh	(_BGP_REG + 0), a
                                    624 ;Source/Engine/axion_engine.c:72: set_bkg_data(0xFC, 0x04, std_data);
    0000027D 11r00r00         [12]  625 	ld	de, #_std_data
    00000280 D5               [16]  626 	push	de
    00000281 21 FC 04         [12]  627 	ld	hl, #0x4fc
    00000284 E5               [16]  628 	push	hl
    00000285 CDr00r00         [24]  629 	call	_set_bkg_data
    00000288 E8 04            [16]  630 	add	sp, #4
                                    631 ;Source/Engine/axion_engine.c:73: set_bkg_data(0x00, 0x2D, bkg_data);
    0000028A 11r00r00         [12]  632 	ld	de, #_bkg_data
    0000028D D5               [16]  633 	push	de
    0000028E 21 00 2D         [12]  634 	ld	hl, #0x2d00
    00000291 E5               [16]  635 	push	hl
    00000292 CDr00r00         [24]  636 	call	_set_bkg_data
    00000295 E8 04            [16]  637 	add	sp, #4
                                    638 ;Source/Engine/axion_engine.c:76: set_sprite_data(0x00, 0x1C, earth_data);
    00000297 11r00r00         [12]  639 	ld	de, #_earth_data
    0000029A D5               [16]  640 	push	de
    0000029B 21 00 1C         [12]  641 	ld	hl, #0x1c00
    0000029E E5               [16]  642 	push	hl
    0000029F CDr00r00         [24]  643 	call	_set_sprite_data
    000002A2 E8 04            [16]  644 	add	sp, #4
                                    645 ;/opt/gbdk/include/gb/gb.h:1946: shadow_OAM[nb].prop=prop;
    000002A4 21r03r00         [12]  646 	ld	hl, #(_shadow_OAM + 3)
    000002A7 36 00            [12]  647 	ld	(hl), #0x00
    000002A9 21r07r00         [12]  648 	ld	hl, #(_shadow_OAM + 7)
    000002AC 36 00            [12]  649 	ld	(hl), #0x00
                                    650 ;Source/Engine/axion_engine.c:81: DISPLAY_ON;
    000002AE F0r00            [12]  651 	ldh	a, (_LCDC_REG + 0)
    000002B0 F6 80            [ 8]  652 	or	a, #0x80
    000002B2 E0r00            [12]  653 	ldh	(_LCDC_REG + 0), a
                                    654 ;/opt/gbdk/include/gb/gb.h:795: __asm__("ei");
    000002B4 FB               [ 4]  655 	ei
                                    656 ;Source/Engine/axion_engine.c:84: while(true) {
    000002B5                        657 00102$:
                                    658 ;Source/Engine/axion_engine.c:88: RenderSprites();
    000002B5 CDr00r00         [24]  659 	call	_RenderSprites
    000002B8 18 FB            [12]  660 	jr	00102$
                                    661 ;Source/Engine/axion_engine.c:90: }
    000002BA E8 03            [16]  662 	add	sp, #3
    000002BC C9               [16]  663 	ret
                                    664 	.area _CODE
                                    665 	.area _INITIALIZER
                                    666 	.area _CABS (ABS)
