                                      1 ;--------------------------------------------------------
                                      2 ; File Created by SDCC : free open source ISO C Compiler
                                      3 ; Version 4.5.1 #15267 (Linux)
                                      4 ;--------------------------------------------------------
                                      5 	.module sprite_component
                                      6 	
                                      7 ;--------------------------------------------------------
                                      8 ; Public variables in this module
                                      9 ;--------------------------------------------------------
                                     10 	.globl _spriteIDByZIndex
                                     11 	.globl _spriteComponent
                                     12 ;--------------------------------------------------------
                                     13 ; special function registers
                                     14 ;--------------------------------------------------------
                                     15 ;--------------------------------------------------------
                                     16 ; ram data
                                     17 ;--------------------------------------------------------
                                     18 	.area _DATA
                                     19 ;--------------------------------------------------------
                                     20 ; ram data
                                     21 ;--------------------------------------------------------
                                     22 	.area _INITIALIZED
    00000000                         23 _spriteComponent::
    00000000                         24 	.ds 500
    000001F4                         25 _spriteIDByZIndex::
    000001F4                         26 	.ds 50
                                     27 ;--------------------------------------------------------
                                     28 ; absolute external ram data
                                     29 ;--------------------------------------------------------
                                     30 	.area _DABS (ABS)
                                     31 ;--------------------------------------------------------
                                     32 ; global & static initialisations
                                     33 ;--------------------------------------------------------
                                     34 	.area _HOME
                                     35 	.area _GSINIT
                                     36 	.area _GSFINAL
                                     37 	.area _GSINIT
                                     38 ;--------------------------------------------------------
                                     39 ; Home
                                     40 ;--------------------------------------------------------
                                     41 	.area _HOME
                                     42 	.area _HOME
                                     43 ;--------------------------------------------------------
                                     44 ; code
                                     45 ;--------------------------------------------------------
                                     46 	.area _CODE
                                     47 ;Source/Engine/Components/../Libraries/vec2.h:32: static inline void vec2_set(vec2 *v, int x, int y) {
                                     48 ;	---------------------------------
                                     49 ; Function vec2_set
                                     50 ; ---------------------------------
    00000000                         51 _vec2_set:
    00000000 69               [ 4]   52 	ld	l, c
    00000001 60               [ 4]   53 	ld	h, b
                                     54 ;Source/Engine/Components/../Libraries/vec2.h:33: v->x = F12(x);
    00000002 4B               [ 4]   55 	ld	c, e
    00000003 42               [ 4]   56 	ld	b, d
    00000004 29               [ 8]   57 	add	hl, hl
    00000005 29               [ 8]   58 	add	hl, hl
    00000006 29               [ 8]   59 	add	hl, hl
    00000007 29               [ 8]   60 	add	hl, hl
    00000008 7D               [ 4]   61 	ld	a, l
    00000009 02               [ 8]   62 	ld	(bc), a
    0000000A 03               [ 8]   63 	inc	bc
    0000000B 7C               [ 4]   64 	ld	a, h
    0000000C 02               [ 8]   65 	ld	(bc), a
                                     66 ;Source/Engine/Components/../Libraries/vec2.h:34: v->y = F12(y);
    0000000D 13               [ 8]   67 	inc	de
    0000000E 13               [ 8]   68 	inc	de
    0000000F F8 02            [12]   69 	ldhl	sp,	#2
    00000011 2A               [ 8]   70 	ld	a, (hl+)
    00000012 46               [ 8]   71 	ld	b, (hl)
    00000013 87               [ 4]   72 	add	a, a
    00000014 CB 10            [ 8]   73 	rl	b
    00000016 87               [ 4]   74 	add	a, a
    00000017 CB 10            [ 8]   75 	rl	b
    00000019 87               [ 4]   76 	add	a, a
    0000001A CB 10            [ 8]   77 	rl	b
    0000001C 87               [ 4]   78 	add	a, a
    0000001D CB 10            [ 8]   79 	rl	b
    0000001F 4F               [ 4]   80 	ld	c, a
    00000020 12               [ 8]   81 	ld	(de), a
    00000021 13               [ 8]   82 	inc	de
    00000022 78               [ 4]   83 	ld	a, b
    00000023 12               [ 8]   84 	ld	(de), a
                                     85 ;Source/Engine/Components/../Libraries/vec2.h:35: }
    00000024 E1               [12]   86 	pop	hl
    00000025 F1               [12]   87 	pop	af
    00000026 E9               [ 4]   88 	jp	(hl)
                                     89 ;Source/Engine/Components/../Libraries/vec2.h:38: static inline void vec2_add(vec2 *a, const vec2 *b) {
                                     90 ;	---------------------------------
                                     91 ; Function vec2_add
                                     92 ; ---------------------------------
    00000027                         93 _vec2_add:
    00000027 E8 F8            [16]   94 	add	sp, #-8
    00000029 F8 06            [12]   95 	ldhl	sp,	#6
    0000002B 7B               [ 4]   96 	ld	a, e
    0000002C 22               [ 8]   97 	ld	(hl+), a
    0000002D 72               [ 8]   98 	ld	(hl), d
    0000002E F8 04            [12]   99 	ldhl	sp,	#4
    00000030 79               [ 4]  100 	ld	a, c
    00000031 22               [ 8]  101 	ld	(hl+), a
                                    102 ;Source/Engine/Components/../Libraries/vec2.h:39: a->x += b->x;
    00000032 78               [ 4]  103 	ld	a, b
    00000033 22               [ 8]  104 	ld	(hl+), a
    00000034 7E               [ 8]  105 	ld	a, (hl)
    00000035 F8 02            [12]  106 	ldhl	sp,	#2
    00000037 77               [ 8]  107 	ld	(hl), a
    00000038 F8 07            [12]  108 	ldhl	sp,	#7
    0000003A 7E               [ 8]  109 	ld	a, (hl)
    0000003B F8 03            [12]  110 	ldhl	sp,	#3
    0000003D 32               [ 8]  111 	ld	(hl-), a
    0000003E 2A               [ 8]  112 	ld	a, (hl+)
    0000003F 5F               [ 4]  113 	ld	e, a
    00000040 2A               [ 8]  114 	ld	a, (hl+)
    00000041 57               [ 4]  115 	ld	d, a
    00000042 1A               [ 8]  116 	ld	a, (de)
    00000043 4F               [ 4]  117 	ld	c, a
    00000044 13               [ 8]  118 	inc	de
    00000045 1A               [ 8]  119 	ld	a, (de)
    00000046 47               [ 4]  120 	ld	b, a
    00000047 2A               [ 8]  121 	ld	a, (hl+)
    00000048 5F               [ 4]  122 	ld	e, a
    00000049 56               [ 8]  123 	ld	d, (hl)
    0000004A 1A               [ 8]  124 	ld	a, (de)
    0000004B 6F               [ 4]  125 	ld	l, a
    0000004C 13               [ 8]  126 	inc	de
    0000004D 1A               [ 8]  127 	ld	a, (de)
    0000004E 67               [ 4]  128 	ld	h, a
    0000004F 09               [ 8]  129 	add	hl, bc
    00000050 4D               [ 4]  130 	ld	c, l
    00000051 44               [ 4]  131 	ld	b, h
    00000052 F8 02            [12]  132 	ldhl	sp,	#2
    00000054 2A               [ 8]  133 	ld	a, (hl+)
    00000055 66               [ 8]  134 	ld	h, (hl)
    00000056 6F               [ 4]  135 	ld	l, a
    00000057 79               [ 4]  136 	ld	a, c
    00000058 22               [ 8]  137 	ld	(hl+), a
    00000059 70               [ 8]  138 	ld	(hl), b
                                    139 ;Source/Engine/Components/../Libraries/vec2.h:40: a->y += b->y;
    0000005A F8 06            [12]  140 	ldhl	sp,	#6
    0000005C 2A               [ 8]  141 	ld	a, (hl+)
    0000005D 4F               [ 4]  142 	ld	c, a
    0000005E 46               [ 8]  143 	ld	b, (hl)
    0000005F 03               [ 8]  144 	inc	bc
    00000060 03               [ 8]  145 	inc	bc
    00000061 59               [ 4]  146 	ld	e, c
    00000062 50               [ 4]  147 	ld	d, b
    00000063 1A               [ 8]  148 	ld	a, (de)
    00000064 F8 00            [12]  149 	ldhl	sp,	#0
    00000066 22               [ 8]  150 	ld	(hl+), a
    00000067 13               [ 8]  151 	inc	de
    00000068 1A               [ 8]  152 	ld	a, (de)
    00000069 77               [ 8]  153 	ld	(hl), a
    0000006A F8 04            [12]  154 	ldhl	sp,	#4
    0000006C 2A               [ 8]  155 	ld	a, (hl+)
    0000006D 66               [ 8]  156 	ld	h, (hl)
    0000006E 6F               [ 4]  157 	ld	l, a
    0000006F 23               [ 8]  158 	inc	hl
    00000070 23               [ 8]  159 	inc	hl
    00000071 5D               [ 4]  160 	ld	e, l
    00000072 54               [ 4]  161 	ld	d, h
    00000073 1A               [ 8]  162 	ld	a, (de)
    00000074 F8 02            [12]  163 	ldhl	sp,	#2
    00000076 22               [ 8]  164 	ld	(hl+), a
    00000077 13               [ 8]  165 	inc	de
    00000078 1A               [ 8]  166 	ld	a, (de)
    00000079 77               [ 8]  167 	ld	(hl), a
    0000007A F8 02            [12]  168 	ldhl	sp,#2
    0000007C 2A               [ 8]  169 	ld	a, (hl+)
    0000007D 5F               [ 4]  170 	ld	e, a
    0000007E 56               [ 8]  171 	ld	d, (hl)
    0000007F E1               [12]  172 	pop	hl
    00000080 E5               [16]  173 	push	hl
    00000081 19               [ 8]  174 	add	hl, de
    00000082 5D               [ 4]  175 	ld	e, l
    00000083 54               [ 4]  176 	ld	d, h
    00000084 7B               [ 4]  177 	ld	a, e
    00000085 02               [ 8]  178 	ld	(bc), a
    00000086 03               [ 8]  179 	inc	bc
    00000087 7A               [ 4]  180 	ld	a, d
    00000088 02               [ 8]  181 	ld	(bc), a
                                    182 ;Source/Engine/Components/../Libraries/vec2.h:41: }
    00000089 E8 08            [16]  183 	add	sp, #8
    0000008B C9               [16]  184 	ret
                                    185 ;Source/Engine/Components/../Libraries/vec2.h:44: static inline void vec2_sub(vec2 *a, const vec2 *b) {
                                    186 ;	---------------------------------
                                    187 ; Function vec2_sub
                                    188 ; ---------------------------------
    0000008C                        189 _vec2_sub:
    0000008C E8 FA            [16]  190 	add	sp, #-6
    0000008E F8 04            [12]  191 	ldhl	sp,	#4
    00000090 7B               [ 4]  192 	ld	a, e
    00000091 22               [ 8]  193 	ld	(hl+), a
    00000092 72               [ 8]  194 	ld	(hl), d
    00000093 F8 02            [12]  195 	ldhl	sp,	#2
    00000095 79               [ 4]  196 	ld	a, c
    00000096 22               [ 8]  197 	ld	(hl+), a
                                    198 ;Source/Engine/Components/../Libraries/vec2.h:45: a->x -= b->x;
    00000097 78               [ 4]  199 	ld	a, b
    00000098 22               [ 8]  200 	ld	(hl+), a
    00000099 7E               [ 8]  201 	ld	a, (hl)
    0000009A F8 00            [12]  202 	ldhl	sp,	#0
    0000009C 77               [ 8]  203 	ld	(hl), a
    0000009D F8 05            [12]  204 	ldhl	sp,	#5
    0000009F 7E               [ 8]  205 	ld	a, (hl)
    000000A0 F8 01            [12]  206 	ldhl	sp,	#1
    000000A2 22               [ 8]  207 	ld	(hl+), a
    000000A3 D1               [12]  208 	pop	de
    000000A4 D5               [16]  209 	push	de
    000000A5 1A               [ 8]  210 	ld	a, (de)
    000000A6 4F               [ 4]  211 	ld	c, a
    000000A7 13               [ 8]  212 	inc	de
    000000A8 1A               [ 8]  213 	ld	a, (de)
    000000A9 47               [ 4]  214 	ld	b, a
    000000AA 2A               [ 8]  215 	ld	a, (hl+)
    000000AB 5F               [ 4]  216 	ld	e, a
    000000AC 56               [ 8]  217 	ld	d, (hl)
    000000AD 1A               [ 8]  218 	ld	a, (de)
    000000AE 6F               [ 4]  219 	ld	l, a
    000000AF 13               [ 8]  220 	inc	de
    000000B0 1A               [ 8]  221 	ld	a, (de)
    000000B1 67               [ 4]  222 	ld	h, a
    000000B2 79               [ 4]  223 	ld	a, c
    000000B3 95               [ 4]  224 	sub	a, l
    000000B4 4F               [ 4]  225 	ld	c, a
    000000B5 78               [ 4]  226 	ld	a, b
    000000B6 9C               [ 4]  227 	sbc	a, h
    000000B7 47               [ 4]  228 	ld	b, a
    000000B8 E1               [12]  229 	pop	hl
    000000B9 E5               [16]  230 	push	hl
    000000BA 79               [ 4]  231 	ld	a, c
    000000BB 22               [ 8]  232 	ld	(hl+), a
    000000BC 70               [ 8]  233 	ld	(hl), b
                                    234 ;Source/Engine/Components/../Libraries/vec2.h:46: a->y -= b->y;
    000000BD F8 04            [12]  235 	ldhl	sp,#4
    000000BF 2A               [ 8]  236 	ld	a, (hl+)
    000000C0 5F               [ 4]  237 	ld	e, a
    000000C1 56               [ 8]  238 	ld	d, (hl)
    000000C2 21 02 00         [12]  239 	ld	hl, #0x0002
    000000C5 19               [ 8]  240 	add	hl, de
    000000C6 33               [ 8]  241 	inc	sp
    000000C7 33               [ 8]  242 	inc	sp
    000000C8 5D               [ 4]  243 	ld	e, l
    000000C9 54               [ 4]  244 	ld	d, h
    000000CA D5               [16]  245 	push	de
    000000CB 1A               [ 8]  246 	ld	a, (de)
    000000CC 4F               [ 4]  247 	ld	c, a
    000000CD 13               [ 8]  248 	inc	de
    000000CE 1A               [ 8]  249 	ld	a, (de)
    000000CF 47               [ 4]  250 	ld	b, a
    000000D0 F8 02            [12]  251 	ldhl	sp,	#2
    000000D2 2A               [ 8]  252 	ld	a, (hl+)
    000000D3 66               [ 8]  253 	ld	h, (hl)
    000000D4 6F               [ 4]  254 	ld	l, a
    000000D5 23               [ 8]  255 	inc	hl
    000000D6 23               [ 8]  256 	inc	hl
    000000D7 2A               [ 8]  257 	ld	a,	(hl+)
    000000D8 66               [ 8]  258 	ld	h, (hl)
    000000D9 6F               [ 4]  259 	ld	l, a
    000000DA 79               [ 4]  260 	ld	a, c
    000000DB 95               [ 4]  261 	sub	a, l
    000000DC 4F               [ 4]  262 	ld	c, a
    000000DD 78               [ 4]  263 	ld	a, b
    000000DE 9C               [ 4]  264 	sbc	a, h
    000000DF 47               [ 4]  265 	ld	b, a
    000000E0 E1               [12]  266 	pop	hl
    000000E1 E5               [16]  267 	push	hl
    000000E2 79               [ 4]  268 	ld	a, c
    000000E3 22               [ 8]  269 	ld	(hl+), a
    000000E4 70               [ 8]  270 	ld	(hl), b
                                    271 ;Source/Engine/Components/../Libraries/vec2.h:47: }
    000000E5 E8 06            [16]  272 	add	sp, #6
    000000E7 C9               [16]  273 	ret
                                    274 ;Source/Engine/Components/../Libraries/vec2.h:50: static inline void vec2_scale(vec2 *a, f12 s) {
                                    275 ;	---------------------------------
                                    276 ; Function vec2_scale
                                    277 ; ---------------------------------
    000000E8                        278 _vec2_scale:
    000000E8 E8 F2            [16]  279 	add	sp, #-14
    000000EA F8 0C            [12]  280 	ldhl	sp,	#12
    000000EC 7B               [ 4]  281 	ld	a, e
    000000ED 22               [ 8]  282 	ld	(hl+), a
    000000EE 72               [ 8]  283 	ld	(hl), d
    000000EF F8 0A            [12]  284 	ldhl	sp,	#10
    000000F1 79               [ 4]  285 	ld	a, c
    000000F2 22               [ 8]  286 	ld	(hl+), a
                                    287 ;Source/Engine/Components/../Libraries/vec2.h:52: a->x = ((int32_t)a->x * s) >> 4;
    000000F3 78               [ 4]  288 	ld	a, b
    000000F4 22               [ 8]  289 	ld	(hl+), a
    000000F5 7E               [ 8]  290 	ld	a, (hl)
    000000F6 F8 00            [12]  291 	ldhl	sp,	#0
    000000F8 77               [ 8]  292 	ld	(hl), a
    000000F9 F8 0D            [12]  293 	ldhl	sp,	#13
    000000FB 7E               [ 8]  294 	ld	a, (hl)
    000000FC F8 01            [12]  295 	ldhl	sp,	#1
    000000FE 22               [ 8]  296 	ld	(hl+), a
    000000FF D1               [12]  297 	pop	de
    00000100 D5               [16]  298 	push	de
    00000101 1A               [ 8]  299 	ld	a, (de)
    00000102 4F               [ 4]  300 	ld	c, a
    00000103 13               [ 8]  301 	inc	de
    00000104 1A               [ 8]  302 	ld	a, (de)
    00000105 71               [ 8]  303 	ld	(hl), c
    00000106 23               [ 8]  304 	inc	hl
    00000107 22               [ 8]  305 	ld	(hl+), a
    00000108 07               [ 4]  306 	rlca
    00000109 9F               [ 4]  307 	sbc	a, a
    0000010A 22               [ 8]  308 	ld	(hl+), a
    0000010B 77               [ 8]  309 	ld	(hl), a
    0000010C F8 0A            [12]  310 	ldhl	sp,	#10
    0000010E 7E               [ 8]  311 	ld	a, (hl)
    0000010F F8 06            [12]  312 	ldhl	sp,	#6
    00000111 77               [ 8]  313 	ld	(hl), a
    00000112 F8 0B            [12]  314 	ldhl	sp,	#11
    00000114 7E               [ 8]  315 	ld	a, (hl)
    00000115 F8 07            [12]  316 	ldhl	sp,	#7
    00000117 22               [ 8]  317 	ld	(hl+), a
    00000118 07               [ 4]  318 	rlca
    00000119 9F               [ 4]  319 	sbc	a, a
    0000011A 22               [ 8]  320 	ld	(hl+), a
    0000011B 32               [ 8]  321 	ld	(hl-), a
    0000011C 2A               [ 8]  322 	ld	a, (hl+)
    0000011D 5F               [ 4]  323 	ld	e, a
    0000011E 56               [ 8]  324 	ld	d, (hl)
    0000011F D5               [16]  325 	push	de
    00000120 F8 08            [12]  326 	ldhl	sp,	#8
    00000122 2A               [ 8]  327 	ld	a, (hl+)
    00000123 5F               [ 4]  328 	ld	e, a
    00000124 56               [ 8]  329 	ld	d, (hl)
    00000125 D5               [16]  330 	push	de
    00000126 F8 06            [12]  331 	ldhl	sp,	#6
    00000128 2A               [ 8]  332 	ld	a, (hl+)
    00000129 4F               [ 4]  333 	ld	c, a
    0000012A 2A               [ 8]  334 	ld	a, (hl+)
    0000012B 47               [ 4]  335 	ld	b, a
    0000012C 2A               [ 8]  336 	ld	a, (hl+)
    0000012D 5F               [ 4]  337 	ld	e, a
    0000012E 56               [ 8]  338 	ld	d, (hl)
    0000012F CDr00r00         [24]  339 	call	__mullong
    00000132 3E 04            [ 8]  340 	ld	a, #0x04
    00000134                        341 00103$:
    00000134 CB 2A            [ 8]  342 	sra	d
    00000136 CB 1B            [ 8]  343 	rr	e
    00000138 CB 18            [ 8]  344 	rr	b
    0000013A CB 19            [ 8]  345 	rr	c
    0000013C 3D               [ 4]  346 	dec	a
    0000013D 20 F5            [12]  347 	jr	NZ, 00103$
    0000013F E1               [12]  348 	pop	hl
    00000140 E5               [16]  349 	push	hl
    00000141 79               [ 4]  350 	ld	a, c
    00000142 22               [ 8]  351 	ld	(hl+), a
    00000143 70               [ 8]  352 	ld	(hl), b
                                    353 ;Source/Engine/Components/../Libraries/vec2.h:53: a->y = ((int32_t)a->y * s) >> 4;
    00000144 F8 0C            [12]  354 	ldhl	sp,#12
    00000146 2A               [ 8]  355 	ld	a, (hl+)
    00000147 5F               [ 4]  356 	ld	e, a
    00000148 56               [ 8]  357 	ld	d, (hl)
    00000149 21 02 00         [12]  358 	ld	hl, #0x0002
    0000014C 19               [ 8]  359 	add	hl, de
    0000014D E5               [16]  360 	push	hl
    0000014E 7D               [ 4]  361 	ld	a, l
    0000014F F8 06            [12]  362 	ldhl	sp,	#6
    00000151 77               [ 8]  363 	ld	(hl), a
    00000152 E1               [12]  364 	pop	hl
    00000153 7C               [ 4]  365 	ld	a, h
    00000154 F8 05            [12]  366 	ldhl	sp,	#5
    00000156 32               [ 8]  367 	ld	(hl-), a
    00000157 2A               [ 8]  368 	ld	a, (hl+)
    00000158 5F               [ 4]  369 	ld	e, a
    00000159 56               [ 8]  370 	ld	d, (hl)
    0000015A 1A               [ 8]  371 	ld	a, (de)
    0000015B 4F               [ 4]  372 	ld	c, a
    0000015C 13               [ 8]  373 	inc	de
    0000015D 1A               [ 8]  374 	ld	a, (de)
    0000015E 47               [ 4]  375 	ld	b, a
    0000015F 07               [ 4]  376 	rlca
    00000160 9F               [ 4]  377 	sbc	a, a
    00000161 5F               [ 4]  378 	ld	e, a
    00000162 57               [ 4]  379 	ld	d, a
    00000163 F8 08            [12]  380 	ldhl	sp,	#8
    00000165 2A               [ 8]  381 	ld	a, (hl+)
    00000166 66               [ 8]  382 	ld	h, (hl)
    00000167 6F               [ 4]  383 	ld	l, a
    00000168 E5               [16]  384 	push	hl
    00000169 F8 08            [12]  385 	ldhl	sp,	#8
    0000016B 2A               [ 8]  386 	ld	a, (hl+)
    0000016C 66               [ 8]  387 	ld	h, (hl)
    0000016D 6F               [ 4]  388 	ld	l, a
    0000016E E5               [16]  389 	push	hl
    0000016F CDr00r00         [24]  390 	call	__mullong
    00000172 3E 04            [ 8]  391 	ld	a, #0x04
    00000174                        392 00105$:
    00000174 CB 2A            [ 8]  393 	sra	d
    00000176 CB 1B            [ 8]  394 	rr	e
    00000178 CB 18            [ 8]  395 	rr	b
    0000017A CB 19            [ 8]  396 	rr	c
    0000017C 3D               [ 4]  397 	dec	a
    0000017D 20 F5            [12]  398 	jr	NZ, 00105$
    0000017F F8 04            [12]  399 	ldhl	sp,	#4
    00000181 2A               [ 8]  400 	ld	a, (hl+)
    00000182 66               [ 8]  401 	ld	h, (hl)
    00000183 6F               [ 4]  402 	ld	l, a
    00000184 79               [ 4]  403 	ld	a, c
    00000185 22               [ 8]  404 	ld	(hl+), a
    00000186 70               [ 8]  405 	ld	(hl), b
                                    406 ;Source/Engine/Components/../Libraries/vec2.h:54: }
    00000187 E8 0E            [16]  407 	add	sp, #14
    00000189 C9               [16]  408 	ret
                                    409 ;Source/Engine/Components/../Libraries/vec2.h:57: static inline void vec2_copy(vec2 *dest, const vec2 *src) {
                                    410 ;	---------------------------------
                                    411 ; Function vec2_copy
                                    412 ; ---------------------------------
    0000018A                        413 _vec2_copy:
    0000018A E8 FC            [16]  414 	add	sp, #-4
    0000018C F8 02            [12]  415 	ldhl	sp,	#2
    0000018E 7B               [ 4]  416 	ld	a, e
    0000018F 22               [ 8]  417 	ld	(hl+), a
                                    418 ;Source/Engine/Components/../Libraries/vec2.h:58: dest->x = src->x;
    00000190 7A               [ 4]  419 	ld	a, d
    00000191 32               [ 8]  420 	ld	(hl-), a
    00000192 33               [ 8]  421 	inc	sp
    00000193 33               [ 8]  422 	inc	sp
    00000194 C5               [16]  423 	push	bc
    00000195 2A               [ 8]  424 	ld	a, (hl+)
    00000196 4F               [ 4]  425 	ld	c, a
    00000197 46               [ 8]  426 	ld	b, (hl)
    00000198 D1               [12]  427 	pop	de
    00000199 D5               [16]  428 	push	de
    0000019A 1A               [ 8]  429 	ld	a, (de)
    0000019B 6F               [ 4]  430 	ld	l, a
    0000019C 13               [ 8]  431 	inc	de
    0000019D 1A               [ 8]  432 	ld	a, (de)
    0000019E 67               [ 4]  433 	ld	h, a
    0000019F 7D               [ 4]  434 	ld	a, l
    000001A0 02               [ 8]  435 	ld	(bc), a
    000001A1 03               [ 8]  436 	inc	bc
    000001A2 7C               [ 4]  437 	ld	a, h
    000001A3 02               [ 8]  438 	ld	(bc), a
                                    439 ;Source/Engine/Components/../Libraries/vec2.h:59: dest->y = src->y;
    000001A4 F8 02            [12]  440 	ldhl	sp,	#2
    000001A6 2A               [ 8]  441 	ld	a, (hl+)
    000001A7 4F               [ 4]  442 	ld	c, a
    000001A8 46               [ 8]  443 	ld	b, (hl)
    000001A9 03               [ 8]  444 	inc	bc
    000001AA 03               [ 8]  445 	inc	bc
    000001AB E1               [12]  446 	pop	hl
    000001AC E5               [16]  447 	push	hl
    000001AD 23               [ 8]  448 	inc	hl
    000001AE 23               [ 8]  449 	inc	hl
    000001AF 2A               [ 8]  450 	ld	a,	(hl+)
    000001B0 66               [ 8]  451 	ld	h, (hl)
    000001B1 02               [ 8]  452 	ld	(bc), a
    000001B2 03               [ 8]  453 	inc	bc
    000001B3 7C               [ 4]  454 	ld	a, h
    000001B4 02               [ 8]  455 	ld	(bc), a
                                    456 ;Source/Engine/Components/../Libraries/vec2.h:60: }
    000001B5 E8 04            [16]  457 	add	sp, #4
    000001B7 C9               [16]  458 	ret
                                    459 ;Source/Engine/Components/../Libraries/vec2.h:63: static inline bool vec2_equal(const vec2 *a, const vec2 *b) {
                                    460 ;	---------------------------------
                                    461 ; Function vec2_equal
                                    462 ; ---------------------------------
    000001B8                        463 _vec2_equal:
    000001B8 E8 F8            [16]  464 	add	sp, #-8
    000001BA F8 06            [12]  465 	ldhl	sp,	#6
    000001BC 7B               [ 4]  466 	ld	a, e
    000001BD 22               [ 8]  467 	ld	(hl+), a
    000001BE 72               [ 8]  468 	ld	(hl), d
    000001BF F8 04            [12]  469 	ldhl	sp,	#4
    000001C1 79               [ 4]  470 	ld	a, c
    000001C2 22               [ 8]  471 	ld	(hl+), a
                                    472 ;Source/Engine/Components/../Libraries/vec2.h:64: return a->x == b->x && a->y == b->y;
    000001C3 78               [ 4]  473 	ld	a, b
    000001C4 22               [ 8]  474 	ld	(hl+), a
    000001C5 2A               [ 8]  475 	ld	a, (hl+)
    000001C6 5F               [ 4]  476 	ld	e, a
    000001C7 3A               [ 8]  477 	ld	a, (hl-)
    000001C8 2B               [ 8]  478 	dec	hl
    000001C9 2B               [ 8]  479 	dec	hl
    000001CA 57               [ 4]  480 	ld	d, a
    000001CB 1A               [ 8]  481 	ld	a, (de)
    000001CC 4F               [ 4]  482 	ld	c, a
    000001CD 13               [ 8]  483 	inc	de
    000001CE 1A               [ 8]  484 	ld	a, (de)
    000001CF 47               [ 4]  485 	ld	b, a
    000001D0 2A               [ 8]  486 	ld	a, (hl+)
    000001D1 5F               [ 4]  487 	ld	e, a
    000001D2 56               [ 8]  488 	ld	d, (hl)
    000001D3 1A               [ 8]  489 	ld	a, (de)
    000001D4 6F               [ 4]  490 	ld	l, a
    000001D5 13               [ 8]  491 	inc	de
    000001D6 1A               [ 8]  492 	ld	a, (de)
    000001D7 67               [ 4]  493 	ld	h, a
    000001D8 7D               [ 4]  494 	ld	a, l
    000001D9 91               [ 4]  495 	sub	a, c
    000001DA 20 3D            [12]  496 	jr	NZ, 00103$
    000001DC 7C               [ 4]  497 	ld	a, h
    000001DD 90               [ 4]  498 	sub	a, b
    000001DE 20 39            [12]  499 	jr	NZ, 00103$
    000001E0 F8 06            [12]  500 	ldhl	sp,	#6
    000001E2 2A               [ 8]  501 	ld	a, (hl+)
    000001E3 4F               [ 4]  502 	ld	c, a
    000001E4 46               [ 8]  503 	ld	b, (hl)
    000001E5 03               [ 8]  504 	inc	bc
    000001E6 03               [ 8]  505 	inc	bc
    000001E7 59               [ 4]  506 	ld	e, c
    000001E8 50               [ 4]  507 	ld	d, b
    000001E9 1A               [ 8]  508 	ld	a, (de)
    000001EA F8 00            [12]  509 	ldhl	sp,	#0
    000001EC 22               [ 8]  510 	ld	(hl+), a
    000001ED 13               [ 8]  511 	inc	de
    000001EE 1A               [ 8]  512 	ld	a, (de)
    000001EF 77               [ 8]  513 	ld	(hl), a
    000001F0 F8 04            [12]  514 	ldhl	sp,#4
    000001F2 2A               [ 8]  515 	ld	a, (hl+)
    000001F3 5F               [ 4]  516 	ld	e, a
    000001F4 56               [ 8]  517 	ld	d, (hl)
    000001F5 21 02 00         [12]  518 	ld	hl, #0x0002
    000001F8 19               [ 8]  519 	add	hl, de
    000001F9 E5               [16]  520 	push	hl
    000001FA 7D               [ 4]  521 	ld	a, l
    000001FB F8 04            [12]  522 	ldhl	sp,	#4
    000001FD 77               [ 8]  523 	ld	(hl), a
    000001FE E1               [12]  524 	pop	hl
    000001FF 7C               [ 4]  525 	ld	a, h
    00000200 F8 03            [12]  526 	ldhl	sp,	#3
    00000202 32               [ 8]  527 	ld	(hl-), a
    00000203 2A               [ 8]  528 	ld	a, (hl+)
    00000204 5F               [ 4]  529 	ld	e, a
    00000205 3A               [ 8]  530 	ld	a, (hl-)
    00000206 57               [ 4]  531 	ld	d, a
    00000207 1A               [ 8]  532 	ld	a, (de)
    00000208 22               [ 8]  533 	ld	(hl+), a
    00000209 13               [ 8]  534 	inc	de
    0000020A 1A               [ 8]  535 	ld	a, (de)
    0000020B 77               [ 8]  536 	ld	(hl), a
    0000020C F8 00            [12]  537 	ldhl	sp,	#0
    0000020E 2A               [ 8]  538 	ld	a, (hl+)
    0000020F 23               [ 8]  539 	inc	hl
    00000210 96               [ 8]  540 	sub	a, (hl)
    00000211 20 06            [12]  541 	jr	NZ, 00115$
    00000213 2B               [ 8]  542 	dec	hl
    00000214 2A               [ 8]  543 	ld	a, (hl+)
    00000215 23               [ 8]  544 	inc	hl
    00000216 96               [ 8]  545 	sub	a, (hl)
    00000217 28 03            [12]  546 	jr	Z, 00104$
    00000219                        547 00115$:
    00000219                        548 00103$:
    00000219 AF               [ 4]  549 	xor	a, a
    0000021A 18 02            [12]  550 	jr	00105$
    0000021C                        551 00104$:
    0000021C 3E 01            [ 8]  552 	ld	a, #0x01
    0000021E                        553 00105$:
                                    554 ;Source/Engine/Components/../Libraries/vec2.h:65: }
    0000021E E8 08            [16]  555 	add	sp, #8
    00000220 C9               [16]  556 	ret
                                    557 ;Source/Engine/Components/sprite_component.h:44: static inline uint8_t getSpriteZIndex(uint8_t entityID) {
                                    558 ;	---------------------------------
                                    559 ; Function getSpriteZIndex
                                    560 ; ---------------------------------
    00000221                        561 _getSpriteZIndex:
    00000221 E8 FC            [16]  562 	add	sp, #-4
    00000223 F8 02            [12]  563 	ldhl	sp,	#2
                                    564 ;Source/Engine/Components/sprite_component.h:45: for (uint8_t i = 0; i < SPRITE_POOL_SIZE; i++) {
    00000225 32               [ 8]  565 	ld	(hl-), a
    00000226 AF               [ 4]  566 	xor	a, a
    00000227 22               [ 8]  567 	ld	(hl+), a
    00000228 23               [ 8]  568 	inc	hl
    00000229 36 00            [12]  569 	ld	(hl), #0x00
    0000022B                        570 00105$:
    0000022B F8 03            [12]  571 	ldhl	sp,	#3
    0000022D 7E               [ 8]  572 	ld	a, (hl)
    0000022E D6 32            [ 8]  573 	sub	a, #0x32
    00000230 30 36            [12]  574 	jr	NC, 00103$
                                    575 ;Source/Engine/Components/sprite_component.h:46: if (spriteComponent.entityID[i] == entityID) {
    00000232 11r00r00         [12]  576 	ld	de, #_spriteComponent
    00000235 6E               [ 8]  577 	ld	l, (hl)
    00000236 26 00            [ 8]  578 	ld	h, #0x00
    00000238 19               [ 8]  579 	add	hl, de
    00000239 4D               [ 4]  580 	ld	c, l
    0000023A 44               [ 4]  581 	ld	b, h
    0000023B 0A               [ 8]  582 	ld	a, (bc)
    0000023C 4F               [ 4]  583 	ld	c, a
    0000023D F8 02            [12]  584 	ldhl	sp,	#2
    0000023F 7E               [ 8]  585 	ld	a, (hl)
    00000240 91               [ 4]  586 	sub	a, c
    00000241 20 1D            [12]  587 	jr	NZ, 00106$
                                    588 ;Source/Engine/Components/sprite_component.h:47: return SPRITE_GET_Z(spriteComponent.flags[i]);
    00000243 11r90r01         [12]  589 	ld	de, #(_spriteComponent + 400)
    00000246 F8 01            [12]  590 	ldhl	sp,	#1
    00000248 6E               [ 8]  591 	ld	l, (hl)
    00000249 26 00            [ 8]  592 	ld	h, #0x00
    0000024B 19               [ 8]  593 	add	hl, de
    0000024C 33               [ 8]  594 	inc	sp
    0000024D 33               [ 8]  595 	inc	sp
    0000024E 5D               [ 4]  596 	ld	e, l
    0000024F 54               [ 4]  597 	ld	d, h
    00000250 D5               [16]  598 	push	de
    00000251 1A               [ 8]  599 	ld	a, (de)
    00000252 F8 03            [12]  600 	ldhl	sp,	#3
    00000254 77               [ 8]  601 	ld	(hl), a
    00000255 E6 38            [ 8]  602 	and	a, #0x38
    00000257 77               [ 8]  603 	ld	(hl), a
    00000258 CB 37            [ 8]  604 	swap	a
    0000025A 07               [ 4]  605 	rlca
    0000025B E6 1F            [ 8]  606 	and	a, #0x1f
    0000025D 77               [ 8]  607 	ld	(hl), a
    0000025E 18 09            [12]  608 	jr	00107$
    00000260                        609 00106$:
                                    610 ;Source/Engine/Components/sprite_component.h:45: for (uint8_t i = 0; i < SPRITE_POOL_SIZE; i++) {
    00000260 F8 03            [12]  611 	ldhl	sp,	#3
    00000262 34               [12]  612 	inc	(hl)
    00000263 3A               [ 8]  613 	ld	a, (hl-)
    00000264 2B               [ 8]  614 	dec	hl
    00000265 77               [ 8]  615 	ld	(hl), a
    00000266 18 C3            [12]  616 	jr	00105$
    00000268                        617 00103$:
                                    618 ;Source/Engine/Components/sprite_component.h:50: return 0;
    00000268 AF               [ 4]  619 	xor	a, a
    00000269                        620 00107$:
                                    621 ;Source/Engine/Components/sprite_component.h:51: }
    00000269 E8 04            [16]  622 	add	sp, #4
    0000026B C9               [16]  623 	ret
                                    624 ;Source/Engine/Components/sprite_component.h:54: static inline bool getSpriteWorldFlag(uint8_t entityID) {
                                    625 ;	---------------------------------
                                    626 ; Function getSpriteWorldFlag
                                    627 ; ---------------------------------
    0000026C                        628 _getSpriteWorldFlag:
    0000026C E8 FC            [16]  629 	add	sp, #-4
    0000026E F8 02            [12]  630 	ldhl	sp,	#2
                                    631 ;Source/Engine/Components/sprite_component.h:55: for (uint8_t i = 0; i < SPRITE_POOL_SIZE; i++) {
    00000270 32               [ 8]  632 	ld	(hl-), a
    00000271 AF               [ 4]  633 	xor	a, a
    00000272 22               [ 8]  634 	ld	(hl+), a
    00000273 23               [ 8]  635 	inc	hl
    00000274 36 00            [12]  636 	ld	(hl), #0x00
    00000276                        637 00105$:
    00000276 F8 03            [12]  638 	ldhl	sp,	#3
    00000278 7E               [ 8]  639 	ld	a, (hl)
    00000279 D6 32            [ 8]  640 	sub	a, #0x32
    0000027B 30 39            [12]  641 	jr	NC, 00103$
                                    642 ;Source/Engine/Components/sprite_component.h:56: if (spriteComponent.entityID[i] == entityID) {
    0000027D 11r00r00         [12]  643 	ld	de, #_spriteComponent
    00000280 6E               [ 8]  644 	ld	l, (hl)
    00000281 26 00            [ 8]  645 	ld	h, #0x00
    00000283 19               [ 8]  646 	add	hl, de
    00000284 4D               [ 4]  647 	ld	c, l
    00000285 44               [ 4]  648 	ld	b, h
    00000286 0A               [ 8]  649 	ld	a, (bc)
    00000287 4F               [ 4]  650 	ld	c, a
    00000288 F8 02            [12]  651 	ldhl	sp,	#2
    0000028A 7E               [ 8]  652 	ld	a, (hl)
    0000028B 91               [ 4]  653 	sub	a, c
    0000028C 20 20            [12]  654 	jr	NZ, 00106$
                                    655 ;Source/Engine/Components/sprite_component.h:57: return (spriteComponent.flags[i] & SPRITE_FLAG_WORLD) != 0;
    0000028E 11r90r01         [12]  656 	ld	de, #(_spriteComponent + 400)
    00000291 F8 01            [12]  657 	ldhl	sp,	#1
    00000293 6E               [ 8]  658 	ld	l, (hl)
    00000294 26 00            [ 8]  659 	ld	h, #0x00
    00000296 19               [ 8]  660 	add	hl, de
    00000297 33               [ 8]  661 	inc	sp
    00000298 33               [ 8]  662 	inc	sp
    00000299 5D               [ 4]  663 	ld	e, l
    0000029A 54               [ 4]  664 	ld	d, h
    0000029B D5               [16]  665 	push	de
    0000029C 1A               [ 8]  666 	ld	a, (de)
    0000029D F8 03            [12]  667 	ldhl	sp,	#3
    0000029F 77               [ 8]  668 	ld	(hl), a
    000002A0 E6 01            [ 8]  669 	and	a, #0x01
    000002A2 77               [ 8]  670 	ld	(hl), a
    000002A3 D6 01            [ 8]  671 	sub	a, #0x01
    000002A5 3E 00            [ 8]  672 	ld	a, #0x00
    000002A7 17               [ 4]  673 	rla
    000002A8 77               [ 8]  674 	ld	(hl), a
    000002A9 EE 01            [ 8]  675 	xor	a, #0x01
    000002AB 77               [ 8]  676 	ld	(hl), a
    000002AC 18 09            [12]  677 	jr	00107$
    000002AE                        678 00106$:
                                    679 ;Source/Engine/Components/sprite_component.h:55: for (uint8_t i = 0; i < SPRITE_POOL_SIZE; i++) {
    000002AE F8 03            [12]  680 	ldhl	sp,	#3
    000002B0 34               [12]  681 	inc	(hl)
    000002B1 3A               [ 8]  682 	ld	a, (hl-)
    000002B2 2B               [ 8]  683 	dec	hl
    000002B3 77               [ 8]  684 	ld	(hl), a
    000002B4 18 C0            [12]  685 	jr	00105$
    000002B6                        686 00103$:
                                    687 ;Source/Engine/Components/sprite_component.h:60: return false;
    000002B6 AF               [ 4]  688 	xor	a, a
    000002B7                        689 00107$:
                                    690 ;Source/Engine/Components/sprite_component.h:61: }
    000002B7 E8 04            [16]  691 	add	sp, #4
    000002B9 C9               [16]  692 	ret
                                    693 ;Source/Engine/Components/sprite_component.h:64: static inline bool getSpriteFlipX(uint8_t entityID) {
                                    694 ;	---------------------------------
                                    695 ; Function getSpriteFlipX
                                    696 ; ---------------------------------
    000002BA                        697 _getSpriteFlipX:
    000002BA E8 FC            [16]  698 	add	sp, #-4
    000002BC F8 02            [12]  699 	ldhl	sp,	#2
                                    700 ;Source/Engine/Components/sprite_component.h:65: for (uint8_t i = 0; i < SPRITE_POOL_SIZE; i++) {
    000002BE 32               [ 8]  701 	ld	(hl-), a
    000002BF AF               [ 4]  702 	xor	a, a
    000002C0 22               [ 8]  703 	ld	(hl+), a
    000002C1 23               [ 8]  704 	inc	hl
    000002C2 36 00            [12]  705 	ld	(hl), #0x00
    000002C4                        706 00105$:
    000002C4 F8 03            [12]  707 	ldhl	sp,	#3
    000002C6 7E               [ 8]  708 	ld	a, (hl)
    000002C7 D6 32            [ 8]  709 	sub	a, #0x32
    000002C9 30 39            [12]  710 	jr	NC, 00103$
                                    711 ;Source/Engine/Components/sprite_component.h:66: if (spriteComponent.entityID[i] == entityID) {
    000002CB 11r00r00         [12]  712 	ld	de, #_spriteComponent
    000002CE 6E               [ 8]  713 	ld	l, (hl)
    000002CF 26 00            [ 8]  714 	ld	h, #0x00
    000002D1 19               [ 8]  715 	add	hl, de
    000002D2 4D               [ 4]  716 	ld	c, l
    000002D3 44               [ 4]  717 	ld	b, h
    000002D4 0A               [ 8]  718 	ld	a, (bc)
    000002D5 4F               [ 4]  719 	ld	c, a
    000002D6 F8 02            [12]  720 	ldhl	sp,	#2
    000002D8 7E               [ 8]  721 	ld	a, (hl)
    000002D9 91               [ 4]  722 	sub	a, c
    000002DA 20 20            [12]  723 	jr	NZ, 00106$
                                    724 ;Source/Engine/Components/sprite_component.h:67: return (spriteComponent.flags[i] & SPRITE_FLIP_X) != 0;
    000002DC 11r90r01         [12]  725 	ld	de, #(_spriteComponent + 400)
    000002DF F8 01            [12]  726 	ldhl	sp,	#1
    000002E1 6E               [ 8]  727 	ld	l, (hl)
    000002E2 26 00            [ 8]  728 	ld	h, #0x00
    000002E4 19               [ 8]  729 	add	hl, de
    000002E5 33               [ 8]  730 	inc	sp
    000002E6 33               [ 8]  731 	inc	sp
    000002E7 5D               [ 4]  732 	ld	e, l
    000002E8 54               [ 4]  733 	ld	d, h
    000002E9 D5               [16]  734 	push	de
    000002EA 1A               [ 8]  735 	ld	a, (de)
    000002EB F8 03            [12]  736 	ldhl	sp,	#3
    000002ED 77               [ 8]  737 	ld	(hl), a
    000002EE E6 02            [ 8]  738 	and	a, #0x02
    000002F0 77               [ 8]  739 	ld	(hl), a
    000002F1 D6 01            [ 8]  740 	sub	a, #0x01
    000002F3 3E 00            [ 8]  741 	ld	a, #0x00
    000002F5 17               [ 4]  742 	rla
    000002F6 77               [ 8]  743 	ld	(hl), a
    000002F7 EE 01            [ 8]  744 	xor	a, #0x01
    000002F9 77               [ 8]  745 	ld	(hl), a
    000002FA 18 09            [12]  746 	jr	00107$
    000002FC                        747 00106$:
                                    748 ;Source/Engine/Components/sprite_component.h:65: for (uint8_t i = 0; i < SPRITE_POOL_SIZE; i++) {
    000002FC F8 03            [12]  749 	ldhl	sp,	#3
    000002FE 34               [12]  750 	inc	(hl)
    000002FF 3A               [ 8]  751 	ld	a, (hl-)
    00000300 2B               [ 8]  752 	dec	hl
    00000301 77               [ 8]  753 	ld	(hl), a
    00000302 18 C0            [12]  754 	jr	00105$
    00000304                        755 00103$:
                                    756 ;Source/Engine/Components/sprite_component.h:70: return false;
    00000304 AF               [ 4]  757 	xor	a, a
    00000305                        758 00107$:
                                    759 ;Source/Engine/Components/sprite_component.h:71: }
    00000305 E8 04            [16]  760 	add	sp, #4
    00000307 C9               [16]  761 	ret
                                    762 ;Source/Engine/Components/sprite_component.h:74: static inline bool getSpriteFlipY(uint8_t entityID) {
                                    763 ;	---------------------------------
                                    764 ; Function getSpriteFlipY
                                    765 ; ---------------------------------
    00000308                        766 _getSpriteFlipY:
    00000308 E8 FC            [16]  767 	add	sp, #-4
    0000030A F8 02            [12]  768 	ldhl	sp,	#2
                                    769 ;Source/Engine/Components/sprite_component.h:75: for (uint8_t i = 0; i < SPRITE_POOL_SIZE; i++) {
    0000030C 32               [ 8]  770 	ld	(hl-), a
    0000030D AF               [ 4]  771 	xor	a, a
    0000030E 22               [ 8]  772 	ld	(hl+), a
    0000030F 23               [ 8]  773 	inc	hl
    00000310 36 00            [12]  774 	ld	(hl), #0x00
    00000312                        775 00105$:
    00000312 F8 03            [12]  776 	ldhl	sp,	#3
    00000314 7E               [ 8]  777 	ld	a, (hl)
    00000315 D6 32            [ 8]  778 	sub	a, #0x32
    00000317 30 39            [12]  779 	jr	NC, 00103$
                                    780 ;Source/Engine/Components/sprite_component.h:76: if (spriteComponent.entityID[i] == entityID) {
    00000319 11r00r00         [12]  781 	ld	de, #_spriteComponent
    0000031C 6E               [ 8]  782 	ld	l, (hl)
    0000031D 26 00            [ 8]  783 	ld	h, #0x00
    0000031F 19               [ 8]  784 	add	hl, de
    00000320 4D               [ 4]  785 	ld	c, l
    00000321 44               [ 4]  786 	ld	b, h
    00000322 0A               [ 8]  787 	ld	a, (bc)
    00000323 4F               [ 4]  788 	ld	c, a
    00000324 F8 02            [12]  789 	ldhl	sp,	#2
    00000326 7E               [ 8]  790 	ld	a, (hl)
    00000327 91               [ 4]  791 	sub	a, c
    00000328 20 20            [12]  792 	jr	NZ, 00106$
                                    793 ;Source/Engine/Components/sprite_component.h:77: return (spriteComponent.flags[i] & SPRITE_FLIP_Y) != 0;
    0000032A 11r90r01         [12]  794 	ld	de, #(_spriteComponent + 400)
    0000032D F8 01            [12]  795 	ldhl	sp,	#1
    0000032F 6E               [ 8]  796 	ld	l, (hl)
    00000330 26 00            [ 8]  797 	ld	h, #0x00
    00000332 19               [ 8]  798 	add	hl, de
    00000333 33               [ 8]  799 	inc	sp
    00000334 33               [ 8]  800 	inc	sp
    00000335 5D               [ 4]  801 	ld	e, l
    00000336 54               [ 4]  802 	ld	d, h
    00000337 D5               [16]  803 	push	de
    00000338 1A               [ 8]  804 	ld	a, (de)
    00000339 F8 03            [12]  805 	ldhl	sp,	#3
    0000033B 77               [ 8]  806 	ld	(hl), a
    0000033C E6 04            [ 8]  807 	and	a, #0x04
    0000033E 77               [ 8]  808 	ld	(hl), a
    0000033F D6 01            [ 8]  809 	sub	a, #0x01
    00000341 3E 00            [ 8]  810 	ld	a, #0x00
    00000343 17               [ 4]  811 	rla
    00000344 77               [ 8]  812 	ld	(hl), a
    00000345 EE 01            [ 8]  813 	xor	a, #0x01
    00000347 77               [ 8]  814 	ld	(hl), a
    00000348 18 09            [12]  815 	jr	00107$
    0000034A                        816 00106$:
                                    817 ;Source/Engine/Components/sprite_component.h:75: for (uint8_t i = 0; i < SPRITE_POOL_SIZE; i++) {
    0000034A F8 03            [12]  818 	ldhl	sp,	#3
    0000034C 34               [12]  819 	inc	(hl)
    0000034D 3A               [ 8]  820 	ld	a, (hl-)
    0000034E 2B               [ 8]  821 	dec	hl
    0000034F 77               [ 8]  822 	ld	(hl), a
    00000350 18 C0            [12]  823 	jr	00105$
    00000352                        824 00103$:
                                    825 ;Source/Engine/Components/sprite_component.h:80: return false;
    00000352 AF               [ 4]  826 	xor	a, a
    00000353                        827 00107$:
                                    828 ;Source/Engine/Components/sprite_component.h:81: }
    00000353 E8 04            [16]  829 	add	sp, #4
    00000355 C9               [16]  830 	ret
                                    831 ;Source/Engine/Components/sprite_component.h:84: static inline bool getSpriteVisible(uint8_t entityID) {
                                    832 ;	---------------------------------
                                    833 ; Function getSpriteVisible
                                    834 ; ---------------------------------
    00000356                        835 _getSpriteVisible:
    00000356 E8 FC            [16]  836 	add	sp, #-4
    00000358 F8 02            [12]  837 	ldhl	sp,	#2
                                    838 ;Source/Engine/Components/sprite_component.h:85: for (uint8_t i = 0; i < SPRITE_POOL_SIZE; i++) {
    0000035A 32               [ 8]  839 	ld	(hl-), a
    0000035B AF               [ 4]  840 	xor	a, a
    0000035C 22               [ 8]  841 	ld	(hl+), a
    0000035D 23               [ 8]  842 	inc	hl
    0000035E 36 00            [12]  843 	ld	(hl), #0x00
    00000360                        844 00105$:
    00000360 F8 03            [12]  845 	ldhl	sp,	#3
    00000362 7E               [ 8]  846 	ld	a, (hl)
    00000363 D6 32            [ 8]  847 	sub	a, #0x32
    00000365 30 39            [12]  848 	jr	NC, 00103$
                                    849 ;Source/Engine/Components/sprite_component.h:86: if (spriteComponent.entityID[i] == entityID) {
    00000367 11r00r00         [12]  850 	ld	de, #_spriteComponent
    0000036A 6E               [ 8]  851 	ld	l, (hl)
    0000036B 26 00            [ 8]  852 	ld	h, #0x00
    0000036D 19               [ 8]  853 	add	hl, de
    0000036E 4D               [ 4]  854 	ld	c, l
    0000036F 44               [ 4]  855 	ld	b, h
    00000370 0A               [ 8]  856 	ld	a, (bc)
    00000371 4F               [ 4]  857 	ld	c, a
    00000372 F8 02            [12]  858 	ldhl	sp,	#2
    00000374 7E               [ 8]  859 	ld	a, (hl)
    00000375 91               [ 4]  860 	sub	a, c
    00000376 20 20            [12]  861 	jr	NZ, 00106$
                                    862 ;Source/Engine/Components/sprite_component.h:87: return (spriteComponent.flags[i] & SPRITE_VISIBLE) != 0;
    00000378 11r90r01         [12]  863 	ld	de, #(_spriteComponent + 400)
    0000037B F8 01            [12]  864 	ldhl	sp,	#1
    0000037D 6E               [ 8]  865 	ld	l, (hl)
    0000037E 26 00            [ 8]  866 	ld	h, #0x00
    00000380 19               [ 8]  867 	add	hl, de
    00000381 33               [ 8]  868 	inc	sp
    00000382 33               [ 8]  869 	inc	sp
    00000383 5D               [ 4]  870 	ld	e, l
    00000384 54               [ 4]  871 	ld	d, h
    00000385 D5               [16]  872 	push	de
    00000386 1A               [ 8]  873 	ld	a, (de)
    00000387 F8 03            [12]  874 	ldhl	sp,	#3
    00000389 77               [ 8]  875 	ld	(hl), a
    0000038A E6 40            [ 8]  876 	and	a, #0x40
    0000038C 77               [ 8]  877 	ld	(hl), a
    0000038D D6 01            [ 8]  878 	sub	a, #0x01
    0000038F 3E 00            [ 8]  879 	ld	a, #0x00
    00000391 17               [ 4]  880 	rla
    00000392 77               [ 8]  881 	ld	(hl), a
    00000393 EE 01            [ 8]  882 	xor	a, #0x01
    00000395 77               [ 8]  883 	ld	(hl), a
    00000396 18 09            [12]  884 	jr	00107$
    00000398                        885 00106$:
                                    886 ;Source/Engine/Components/sprite_component.h:85: for (uint8_t i = 0; i < SPRITE_POOL_SIZE; i++) {
    00000398 F8 03            [12]  887 	ldhl	sp,	#3
    0000039A 34               [12]  888 	inc	(hl)
    0000039B 3A               [ 8]  889 	ld	a, (hl-)
    0000039C 2B               [ 8]  890 	dec	hl
    0000039D 77               [ 8]  891 	ld	(hl), a
    0000039E 18 C0            [12]  892 	jr	00105$
    000003A0                        893 00103$:
                                    894 ;Source/Engine/Components/sprite_component.h:90: return false;
    000003A0 AF               [ 4]  895 	xor	a, a
    000003A1                        896 00107$:
                                    897 ;Source/Engine/Components/sprite_component.h:91: }
    000003A1 E8 04            [16]  898 	add	sp, #4
    000003A3 C9               [16]  899 	ret
                                    900 ;Source/Engine/Components/sprite_component.h:94: static inline void setSpriteZIndex(uint8_t entityID, uint8_t z) {
                                    901 ;	---------------------------------
                                    902 ; Function setSpriteZIndex
                                    903 ; ---------------------------------
    000003A4                        904 _setSpriteZIndex:
    000003A4 E8 F9            [16]  905 	add	sp, #-7
    000003A6 F8 06            [12]  906 	ldhl	sp,	#6
    000003A8 32               [ 8]  907 	ld	(hl-), a
                                    908 ;Source/Engine/Components/sprite_component.h:95: for (uint8_t i = 0; i < SPRITE_POOL_SIZE; i++) {
    000003A9 7B               [ 4]  909 	ld	a, e
    000003AA 32               [ 8]  910 	ld	(hl-), a
    000003AB 2B               [ 8]  911 	dec	hl
    000003AC AF               [ 4]  912 	xor	a, a
    000003AD 22               [ 8]  913 	ld	(hl+), a
    000003AE 77               [ 8]  914 	ld	(hl), a
    000003AF                        915 00105$:
    000003AF F8 04            [12]  916 	ldhl	sp,	#4
    000003B1 7E               [ 8]  917 	ld	a, (hl)
    000003B2 D6 32            [ 8]  918 	sub	a, #0x32
    000003B4 30 43            [12]  919 	jr	NC, 00107$
                                    920 ;Source/Engine/Components/sprite_component.h:96: if (spriteComponent.entityID[i] == entityID) {
    000003B6 11r00r00         [12]  921 	ld	de, #_spriteComponent
    000003B9 6E               [ 8]  922 	ld	l, (hl)
    000003BA 26 00            [ 8]  923 	ld	h, #0x00
    000003BC 19               [ 8]  924 	add	hl, de
    000003BD 4D               [ 4]  925 	ld	c, l
    000003BE 44               [ 4]  926 	ld	b, h
    000003BF 0A               [ 8]  927 	ld	a, (bc)
    000003C0 4F               [ 4]  928 	ld	c, a
    000003C1 F8 06            [12]  929 	ldhl	sp,	#6
    000003C3 7E               [ 8]  930 	ld	a, (hl)
    000003C4 91               [ 4]  931 	sub	a, c
    000003C5 20 2B            [12]  932 	jr	NZ, 00106$
                                    933 ;Source/Engine/Components/sprite_component.h:97: spriteComponent.flags[i] = SPRITE_SET_Z(spriteComponent.flags[i], z);
    000003C7 11r90r01         [12]  934 	ld	de, #(_spriteComponent + 400)
    000003CA F8 03            [12]  935 	ldhl	sp,	#3
    000003CC 6E               [ 8]  936 	ld	l, (hl)
    000003CD 26 00            [ 8]  937 	ld	h, #0x00
    000003CF 19               [ 8]  938 	add	hl, de
    000003D0 33               [ 8]  939 	inc	sp
    000003D1 33               [ 8]  940 	inc	sp
    000003D2 5D               [ 4]  941 	ld	e, l
    000003D3 54               [ 4]  942 	ld	d, h
    000003D4 D5               [16]  943 	push	de
    000003D5 1A               [ 8]  944 	ld	a, (de)
    000003D6 F8 04            [12]  945 	ldhl	sp,	#4
    000003D8 32               [ 8]  946 	ld	(hl-), a
    000003D9 2B               [ 8]  947 	dec	hl
    000003DA E6 C7            [ 8]  948 	and	a, #0xc7
    000003DC 77               [ 8]  949 	ld	(hl), a
    000003DD F8 05            [12]  950 	ldhl	sp,	#5
    000003DF 3A               [ 8]  951 	ld	a, (hl-)
    000003E0 87               [ 4]  952 	add	a, a
    000003E1 87               [ 4]  953 	add	a, a
    000003E2 87               [ 4]  954 	add	a, a
    000003E3 E6 38            [ 8]  955 	and	a, #0x38
    000003E5 77               [ 8]  956 	ld	(hl), a
    000003E6 3A               [ 8]  957 	ld	a, (hl-)
    000003E7 2B               [ 8]  958 	dec	hl
    000003E8 B6               [ 8]  959 	or	a, (hl)
    000003E9 23               [ 8]  960 	inc	hl
    000003EA 23               [ 8]  961 	inc	hl
    000003EB 77               [ 8]  962 	ld	(hl), a
    000003EC D1               [12]  963 	pop	de
    000003ED D5               [16]  964 	push	de
    000003EE 7E               [ 8]  965 	ld	a, (hl)
    000003EF 12               [ 8]  966 	ld	(de), a
                                    967 ;Source/Engine/Components/sprite_component.h:98: return;
    000003F0 18 07            [12]  968 	jr	00107$
    000003F2                        969 00106$:
                                    970 ;Source/Engine/Components/sprite_component.h:95: for (uint8_t i = 0; i < SPRITE_POOL_SIZE; i++) {
    000003F2 F8 04            [12]  971 	ldhl	sp,	#4
    000003F4 34               [12]  972 	inc	(hl)
    000003F5 3A               [ 8]  973 	ld	a, (hl-)
    000003F6 77               [ 8]  974 	ld	(hl), a
    000003F7 18 B6            [12]  975 	jr	00105$
    000003F9                        976 00107$:
                                    977 ;Source/Engine/Components/sprite_component.h:101: }
    000003F9 E8 07            [16]  978 	add	sp, #7
    000003FB C9               [16]  979 	ret
                                    980 ;Source/Engine/Components/sprite_component.h:104: static inline void setSpriteWorldFlag(uint8_t entityID, bool isWorld) {
                                    981 ;	---------------------------------
                                    982 ; Function setSpriteWorldFlag
                                    983 ; ---------------------------------
    000003FC                        984 _setSpriteWorldFlag:
    000003FC 3B               [ 8]  985 	dec	sp
    000003FD F8 00            [12]  986 	ldhl	sp,	#0
    000003FF 77               [ 8]  987 	ld	(hl), a
    00000400 4B               [ 4]  988 	ld	c, e
                                    989 ;Source/Engine/Components/sprite_component.h:105: for (uint8_t i = 0; i < SPRITE_POOL_SIZE; i++) {
    00000401 06 00            [ 8]  990 	ld	b, #0x00
    00000403 58               [ 4]  991 	ld	e, b
    00000404                        992 00108$:
    00000404 7B               [ 4]  993 	ld	a, e
    00000405 D6 32            [ 8]  994 	sub	a, #0x32
    00000407 30 29            [12]  995 	jr	NC, 00110$
                                    996 ;Source/Engine/Components/sprite_component.h:106: if (spriteComponent.entityID[i] == entityID) {
    00000409 21r00r00         [12]  997 	ld	hl, #_spriteComponent
    0000040C 16 00            [ 8]  998 	ld	d, #0x00
    0000040E 19               [ 8]  999 	add	hl, de
    0000040F 56               [ 8] 1000 	ld	d, (hl)
    00000410 F8 00            [12] 1001 	ldhl	sp,	#0
    00000412 7E               [ 8] 1002 	ld	a, (hl)
    00000413 92               [ 4] 1003 	sub	a, d
    00000414 20 18            [12] 1004 	jr	NZ, 00109$
                                   1005 ;Source/Engine/Components/sprite_component.h:108: spriteComponent.flags[i] |= SPRITE_FLAG_WORLD;
    00000416 3Er90            [ 8] 1006 	ld	a, #<((_spriteComponent + 400))
    00000418 80               [ 4] 1007 	add	a, b
    00000419 5F               [ 4] 1008 	ld	e, a
    0000041A 3Es01            [ 8] 1009 	ld	a, #>((_spriteComponent + 400))
    0000041C CE 00            [ 8] 1010 	adc	a, #0x00
    0000041E 57               [ 4] 1011 	ld	d, a
    0000041F 1A               [ 8] 1012 	ld	a, (de)
                                   1013 ;Source/Engine/Components/sprite_component.h:107: if (isWorld) {
    00000420 CB 41            [ 8] 1014 	bit	0, c
    00000422 28 05            [12] 1015 	jr	Z, 00102$
                                   1016 ;Source/Engine/Components/sprite_component.h:108: spriteComponent.flags[i] |= SPRITE_FLAG_WORLD;
    00000424 CB C7            [ 8] 1017 	set	0, a
    00000426 12               [ 8] 1018 	ld	(de), a
    00000427 18 09            [12] 1019 	jr	00110$
    00000429                       1020 00102$:
                                   1021 ;Source/Engine/Components/sprite_component.h:110: spriteComponent.flags[i] &= ~SPRITE_FLAG_WORLD;
    00000429 CB 87            [ 8] 1022 	res	0, a
    0000042B 12               [ 8] 1023 	ld	(de), a
                                   1024 ;Source/Engine/Components/sprite_component.h:112: return;
    0000042C 18 04            [12] 1025 	jr	00110$
    0000042E                       1026 00109$:
                                   1027 ;Source/Engine/Components/sprite_component.h:105: for (uint8_t i = 0; i < SPRITE_POOL_SIZE; i++) {
    0000042E 1C               [ 4] 1028 	inc	e
    0000042F 43               [ 4] 1029 	ld	b, e
    00000430 18 D2            [12] 1030 	jr	00108$
    00000432                       1031 00110$:
                                   1032 ;Source/Engine/Components/sprite_component.h:115: }
    00000432 33               [ 8] 1033 	inc	sp
    00000433 C9               [16] 1034 	ret
                                   1035 ;Source/Engine/Components/sprite_component.h:118: static inline void setSpriteFlipX(uint8_t entityID, bool flip) {
                                   1036 ;	---------------------------------
                                   1037 ; Function setSpriteFlipX
                                   1038 ; ---------------------------------
    00000434                       1039 _setSpriteFlipX:
    00000434 3B               [ 8] 1040 	dec	sp
    00000435 F8 00            [12] 1041 	ldhl	sp,	#0
    00000437 77               [ 8] 1042 	ld	(hl), a
    00000438 4B               [ 4] 1043 	ld	c, e
                                   1044 ;Source/Engine/Components/sprite_component.h:119: for (uint8_t i = 0; i < SPRITE_POOL_SIZE; i++) {
    00000439 06 00            [ 8] 1045 	ld	b, #0x00
    0000043B 58               [ 4] 1046 	ld	e, b
    0000043C                       1047 00108$:
    0000043C 7B               [ 4] 1048 	ld	a, e
    0000043D D6 32            [ 8] 1049 	sub	a, #0x32
    0000043F 30 29            [12] 1050 	jr	NC, 00110$
                                   1051 ;Source/Engine/Components/sprite_component.h:120: if (spriteComponent.entityID[i] == entityID) {
    00000441 21r00r00         [12] 1052 	ld	hl, #_spriteComponent
    00000444 16 00            [ 8] 1053 	ld	d, #0x00
    00000446 19               [ 8] 1054 	add	hl, de
    00000447 56               [ 8] 1055 	ld	d, (hl)
    00000448 F8 00            [12] 1056 	ldhl	sp,	#0
    0000044A 7E               [ 8] 1057 	ld	a, (hl)
    0000044B 92               [ 4] 1058 	sub	a, d
    0000044C 20 18            [12] 1059 	jr	NZ, 00109$
                                   1060 ;Source/Engine/Components/sprite_component.h:122: spriteComponent.flags[i] |= SPRITE_FLIP_X;
    0000044E 3Er90            [ 8] 1061 	ld	a, #<((_spriteComponent + 400))
    00000450 80               [ 4] 1062 	add	a, b
    00000451 5F               [ 4] 1063 	ld	e, a
    00000452 3Es01            [ 8] 1064 	ld	a, #>((_spriteComponent + 400))
    00000454 CE 00            [ 8] 1065 	adc	a, #0x00
    00000456 57               [ 4] 1066 	ld	d, a
    00000457 1A               [ 8] 1067 	ld	a, (de)
                                   1068 ;Source/Engine/Components/sprite_component.h:121: if (flip) {
    00000458 CB 41            [ 8] 1069 	bit	0, c
    0000045A 28 05            [12] 1070 	jr	Z, 00102$
                                   1071 ;Source/Engine/Components/sprite_component.h:122: spriteComponent.flags[i] |= SPRITE_FLIP_X;
    0000045C CB CF            [ 8] 1072 	set	1, a
    0000045E 12               [ 8] 1073 	ld	(de), a
    0000045F 18 09            [12] 1074 	jr	00110$
    00000461                       1075 00102$:
                                   1076 ;Source/Engine/Components/sprite_component.h:124: spriteComponent.flags[i] &= ~SPRITE_FLIP_X;
    00000461 CB 8F            [ 8] 1077 	res	1, a
    00000463 12               [ 8] 1078 	ld	(de), a
                                   1079 ;Source/Engine/Components/sprite_component.h:126: return;
    00000464 18 04            [12] 1080 	jr	00110$
    00000466                       1081 00109$:
                                   1082 ;Source/Engine/Components/sprite_component.h:119: for (uint8_t i = 0; i < SPRITE_POOL_SIZE; i++) {
    00000466 1C               [ 4] 1083 	inc	e
    00000467 43               [ 4] 1084 	ld	b, e
    00000468 18 D2            [12] 1085 	jr	00108$
    0000046A                       1086 00110$:
                                   1087 ;Source/Engine/Components/sprite_component.h:129: }
    0000046A 33               [ 8] 1088 	inc	sp
    0000046B C9               [16] 1089 	ret
                                   1090 ;Source/Engine/Components/sprite_component.h:132: static inline void setSpriteFlipY(uint8_t entityID, bool flip) {
                                   1091 ;	---------------------------------
                                   1092 ; Function setSpriteFlipY
                                   1093 ; ---------------------------------
    0000046C                       1094 _setSpriteFlipY:
    0000046C 3B               [ 8] 1095 	dec	sp
    0000046D F8 00            [12] 1096 	ldhl	sp,	#0
    0000046F 77               [ 8] 1097 	ld	(hl), a
    00000470 4B               [ 4] 1098 	ld	c, e
                                   1099 ;Source/Engine/Components/sprite_component.h:133: for (uint8_t i = 0; i < SPRITE_POOL_SIZE; i++) {
    00000471 06 00            [ 8] 1100 	ld	b, #0x00
    00000473 58               [ 4] 1101 	ld	e, b
    00000474                       1102 00108$:
    00000474 7B               [ 4] 1103 	ld	a, e
    00000475 D6 32            [ 8] 1104 	sub	a, #0x32
    00000477 30 29            [12] 1105 	jr	NC, 00110$
                                   1106 ;Source/Engine/Components/sprite_component.h:134: if (spriteComponent.entityID[i] == entityID) {
    00000479 21r00r00         [12] 1107 	ld	hl, #_spriteComponent
    0000047C 16 00            [ 8] 1108 	ld	d, #0x00
    0000047E 19               [ 8] 1109 	add	hl, de
    0000047F 56               [ 8] 1110 	ld	d, (hl)
    00000480 F8 00            [12] 1111 	ldhl	sp,	#0
    00000482 7E               [ 8] 1112 	ld	a, (hl)
    00000483 92               [ 4] 1113 	sub	a, d
    00000484 20 18            [12] 1114 	jr	NZ, 00109$
                                   1115 ;Source/Engine/Components/sprite_component.h:136: spriteComponent.flags[i] |= SPRITE_FLIP_Y;
    00000486 3Er90            [ 8] 1116 	ld	a, #<((_spriteComponent + 400))
    00000488 80               [ 4] 1117 	add	a, b
    00000489 5F               [ 4] 1118 	ld	e, a
    0000048A 3Es01            [ 8] 1119 	ld	a, #>((_spriteComponent + 400))
    0000048C CE 00            [ 8] 1120 	adc	a, #0x00
    0000048E 57               [ 4] 1121 	ld	d, a
    0000048F 1A               [ 8] 1122 	ld	a, (de)
                                   1123 ;Source/Engine/Components/sprite_component.h:135: if (flip) {
    00000490 CB 41            [ 8] 1124 	bit	0, c
    00000492 28 05            [12] 1125 	jr	Z, 00102$
                                   1126 ;Source/Engine/Components/sprite_component.h:136: spriteComponent.flags[i] |= SPRITE_FLIP_Y;
    00000494 CB D7            [ 8] 1127 	set	2, a
    00000496 12               [ 8] 1128 	ld	(de), a
    00000497 18 09            [12] 1129 	jr	00110$
    00000499                       1130 00102$:
                                   1131 ;Source/Engine/Components/sprite_component.h:138: spriteComponent.flags[i] &= ~SPRITE_FLIP_Y;
    00000499 CB 97            [ 8] 1132 	res	2, a
    0000049B 12               [ 8] 1133 	ld	(de), a
                                   1134 ;Source/Engine/Components/sprite_component.h:140: return;
    0000049C 18 04            [12] 1135 	jr	00110$
    0000049E                       1136 00109$:
                                   1137 ;Source/Engine/Components/sprite_component.h:133: for (uint8_t i = 0; i < SPRITE_POOL_SIZE; i++) {
    0000049E 1C               [ 4] 1138 	inc	e
    0000049F 43               [ 4] 1139 	ld	b, e
    000004A0 18 D2            [12] 1140 	jr	00108$
    000004A2                       1141 00110$:
                                   1142 ;Source/Engine/Components/sprite_component.h:143: }
    000004A2 33               [ 8] 1143 	inc	sp
    000004A3 C9               [16] 1144 	ret
                                   1145 ;Source/Engine/Components/sprite_component.h:146: static inline void setSpriteVisible(uint8_t entityID, bool visible) {
                                   1146 ;	---------------------------------
                                   1147 ; Function setSpriteVisible
                                   1148 ; ---------------------------------
    000004A4                       1149 _setSpriteVisible:
    000004A4 3B               [ 8] 1150 	dec	sp
    000004A5 F8 00            [12] 1151 	ldhl	sp,	#0
    000004A7 77               [ 8] 1152 	ld	(hl), a
    000004A8 4B               [ 4] 1153 	ld	c, e
                                   1154 ;Source/Engine/Components/sprite_component.h:147: for (uint8_t i = 0; i < SPRITE_POOL_SIZE; i++) {
    000004A9 06 00            [ 8] 1155 	ld	b, #0x00
    000004AB 58               [ 4] 1156 	ld	e, b
    000004AC                       1157 00108$:
    000004AC 7B               [ 4] 1158 	ld	a, e
    000004AD D6 32            [ 8] 1159 	sub	a, #0x32
    000004AF 30 29            [12] 1160 	jr	NC, 00110$
                                   1161 ;Source/Engine/Components/sprite_component.h:148: if (spriteComponent.entityID[i] == entityID) {
    000004B1 21r00r00         [12] 1162 	ld	hl, #_spriteComponent
    000004B4 16 00            [ 8] 1163 	ld	d, #0x00
    000004B6 19               [ 8] 1164 	add	hl, de
    000004B7 56               [ 8] 1165 	ld	d, (hl)
    000004B8 F8 00            [12] 1166 	ldhl	sp,	#0
    000004BA 7E               [ 8] 1167 	ld	a, (hl)
    000004BB 92               [ 4] 1168 	sub	a, d
    000004BC 20 18            [12] 1169 	jr	NZ, 00109$
                                   1170 ;Source/Engine/Components/sprite_component.h:150: spriteComponent.flags[i] |= SPRITE_VISIBLE;
    000004BE 3Er90            [ 8] 1171 	ld	a, #<((_spriteComponent + 400))
    000004C0 80               [ 4] 1172 	add	a, b
    000004C1 5F               [ 4] 1173 	ld	e, a
    000004C2 3Es01            [ 8] 1174 	ld	a, #>((_spriteComponent + 400))
    000004C4 CE 00            [ 8] 1175 	adc	a, #0x00
    000004C6 57               [ 4] 1176 	ld	d, a
    000004C7 1A               [ 8] 1177 	ld	a, (de)
                                   1178 ;Source/Engine/Components/sprite_component.h:149: if (visible) {
    000004C8 CB 41            [ 8] 1179 	bit	0, c
    000004CA 28 05            [12] 1180 	jr	Z, 00102$
                                   1181 ;Source/Engine/Components/sprite_component.h:150: spriteComponent.flags[i] |= SPRITE_VISIBLE;
    000004CC CB F7            [ 8] 1182 	set	6, a
    000004CE 12               [ 8] 1183 	ld	(de), a
    000004CF 18 09            [12] 1184 	jr	00110$
    000004D1                       1185 00102$:
                                   1186 ;Source/Engine/Components/sprite_component.h:152: spriteComponent.flags[i] &= ~SPRITE_VISIBLE;
    000004D1 CB B7            [ 8] 1187 	res	6, a
    000004D3 12               [ 8] 1188 	ld	(de), a
                                   1189 ;Source/Engine/Components/sprite_component.h:154: return;
    000004D4 18 04            [12] 1190 	jr	00110$
    000004D6                       1191 00109$:
                                   1192 ;Source/Engine/Components/sprite_component.h:147: for (uint8_t i = 0; i < SPRITE_POOL_SIZE; i++) {
    000004D6 1C               [ 4] 1193 	inc	e
    000004D7 43               [ 4] 1194 	ld	b, e
    000004D8 18 D2            [12] 1195 	jr	00108$
    000004DA                       1196 00110$:
                                   1197 ;Source/Engine/Components/sprite_component.h:157: }
    000004DA 33               [ 8] 1198 	inc	sp
    000004DB C9               [16] 1199 	ret
                                   1200 	.area _CODE
                                   1201 	.area _INITIALIZER
    00000000                       1202 __xinit__spriteComponent:
    00000000 00                    1203 	.db #0x00	; 0
    00000001 00                    1204 	.db 0x00
    00000002 00                    1205 	.db 0x00
    00000003 00                    1206 	.db 0x00
    00000004 00                    1207 	.db 0x00
    00000005 00                    1208 	.db 0x00
    00000006 00                    1209 	.db 0x00
    00000007 00                    1210 	.db 0x00
    00000008 00                    1211 	.db 0x00
    00000009 00                    1212 	.db 0x00
    0000000A 00                    1213 	.db 0x00
    0000000B 00                    1214 	.db 0x00
    0000000C 00                    1215 	.db 0x00
    0000000D 00                    1216 	.db 0x00
    0000000E 00                    1217 	.db 0x00
    0000000F 00                    1218 	.db 0x00
    00000010 00                    1219 	.db 0x00
    00000011 00                    1220 	.db 0x00
    00000012 00                    1221 	.db 0x00
    00000013 00                    1222 	.db 0x00
    00000014 00                    1223 	.db 0x00
    00000015 00                    1224 	.db 0x00
    00000016 00                    1225 	.db 0x00
    00000017 00                    1226 	.db 0x00
    00000018 00                    1227 	.db 0x00
    00000019 00                    1228 	.db 0x00
    0000001A 00                    1229 	.db 0x00
    0000001B 00                    1230 	.db 0x00
    0000001C 00                    1231 	.db 0x00
    0000001D 00                    1232 	.db 0x00
    0000001E 00                    1233 	.db 0x00
    0000001F 00                    1234 	.db 0x00
    00000020 00                    1235 	.db 0x00
    00000021 00                    1236 	.db 0x00
    00000022 00                    1237 	.db 0x00
    00000023 00                    1238 	.db 0x00
    00000024 00                    1239 	.db 0x00
    00000025 00                    1240 	.db 0x00
    00000026 00                    1241 	.db 0x00
    00000027 00                    1242 	.db 0x00
    00000028 00                    1243 	.db 0x00
    00000029 00                    1244 	.db 0x00
    0000002A 00                    1245 	.db 0x00
    0000002B 00                    1246 	.db 0x00
    0000002C 00                    1247 	.db 0x00
    0000002D 00                    1248 	.db 0x00
    0000002E 00                    1249 	.db 0x00
    0000002F 00                    1250 	.db 0x00
    00000030 00                    1251 	.db 0x00
    00000031 00                    1252 	.db 0x00
    00000032 00 00                 1253 	.dw #0x0000
    00000034 00                    1254 	.db 0x00
    00000035 00                    1255 	.db 0x00
    00000036 00                    1256 	.db 0x00
    00000037 00                    1257 	.db 0x00
    00000038 00                    1258 	.db 0x00
    00000039 00                    1259 	.db 0x00
    0000003A 00                    1260 	.db 0x00
    0000003B 00                    1261 	.db 0x00
    0000003C 00                    1262 	.db 0x00
    0000003D 00                    1263 	.db 0x00
    0000003E 00                    1264 	.db 0x00
    0000003F 00                    1265 	.db 0x00
    00000040 00                    1266 	.db 0x00
    00000041 00                    1267 	.db 0x00
    00000042 00                    1268 	.db 0x00
    00000043 00                    1269 	.db 0x00
    00000044 00                    1270 	.db 0x00
    00000045 00                    1271 	.db 0x00
    00000046 00                    1272 	.db 0x00
    00000047 00                    1273 	.db 0x00
    00000048 00                    1274 	.db 0x00
    00000049 00                    1275 	.db 0x00
    0000004A 00                    1276 	.db 0x00
    0000004B 00                    1277 	.db 0x00
    0000004C 00                    1278 	.db 0x00
    0000004D 00                    1279 	.db 0x00
    0000004E 00                    1280 	.db 0x00
    0000004F 00                    1281 	.db 0x00
    00000050 00                    1282 	.db 0x00
    00000051 00                    1283 	.db 0x00
    00000052 00                    1284 	.db 0x00
    00000053 00                    1285 	.db 0x00
    00000054 00                    1286 	.db 0x00
    00000055 00                    1287 	.db 0x00
    00000056 00                    1288 	.db 0x00
    00000057 00                    1289 	.db 0x00
    00000058 00                    1290 	.db 0x00
    00000059 00                    1291 	.db 0x00
    0000005A 00                    1292 	.db 0x00
    0000005B 00                    1293 	.db 0x00
    0000005C 00                    1294 	.db 0x00
    0000005D 00                    1295 	.db 0x00
    0000005E 00                    1296 	.db 0x00
    0000005F 00                    1297 	.db 0x00
    00000060 00                    1298 	.db 0x00
    00000061 00                    1299 	.db 0x00
    00000062 00                    1300 	.db 0x00
    00000063 00                    1301 	.db 0x00
    00000064 00                    1302 	.db 0x00
    00000065 00                    1303 	.db 0x00
    00000066 00                    1304 	.db 0x00
    00000067 00                    1305 	.db 0x00
    00000068 00                    1306 	.db 0x00
    00000069 00                    1307 	.db 0x00
    0000006A 00                    1308 	.db 0x00
    0000006B 00                    1309 	.db 0x00
    0000006C 00                    1310 	.db 0x00
    0000006D 00                    1311 	.db 0x00
    0000006E 00                    1312 	.db 0x00
    0000006F 00                    1313 	.db 0x00
    00000070 00                    1314 	.db 0x00
    00000071 00                    1315 	.db 0x00
    00000072 00                    1316 	.db 0x00
    00000073 00                    1317 	.db 0x00
    00000074 00                    1318 	.db 0x00
    00000075 00                    1319 	.db 0x00
    00000076 00                    1320 	.db 0x00
    00000077 00                    1321 	.db 0x00
    00000078 00                    1322 	.db 0x00
    00000079 00                    1323 	.db 0x00
    0000007A 00                    1324 	.db 0x00
    0000007B 00                    1325 	.db 0x00
    0000007C 00                    1326 	.db 0x00
    0000007D 00                    1327 	.db 0x00
    0000007E 00                    1328 	.db 0x00
    0000007F 00                    1329 	.db 0x00
    00000080 00                    1330 	.db 0x00
    00000081 00                    1331 	.db 0x00
    00000082 00                    1332 	.db 0x00
    00000083 00                    1333 	.db 0x00
    00000084 00                    1334 	.db 0x00
    00000085 00                    1335 	.db 0x00
    00000086 00                    1336 	.db 0x00
    00000087 00                    1337 	.db 0x00
    00000088 00                    1338 	.db 0x00
    00000089 00                    1339 	.db 0x00
    0000008A 00                    1340 	.db 0x00
    0000008B 00                    1341 	.db 0x00
    0000008C 00                    1342 	.db 0x00
    0000008D 00                    1343 	.db 0x00
    0000008E 00                    1344 	.db 0x00
    0000008F 00                    1345 	.db 0x00
    00000090 00                    1346 	.db 0x00
    00000091 00                    1347 	.db 0x00
    00000092 00                    1348 	.db 0x00
    00000093 00                    1349 	.db 0x00
    00000094 00                    1350 	.db 0x00
    00000095 00                    1351 	.db 0x00
    00000096 00                    1352 	.db #0x00	; 0
    00000097 00                    1353 	.db 0x00
    00000098 00                    1354 	.db 0x00
    00000099 00                    1355 	.db 0x00
    0000009A 00                    1356 	.db 0x00
    0000009B 00                    1357 	.db 0x00
    0000009C 00                    1358 	.db 0x00
    0000009D 00                    1359 	.db 0x00
    0000009E 00                    1360 	.db 0x00
    0000009F 00                    1361 	.db 0x00
    000000A0 00                    1362 	.db 0x00
    000000A1 00                    1363 	.db 0x00
    000000A2 00                    1364 	.db 0x00
    000000A3 00                    1365 	.db 0x00
    000000A4 00                    1366 	.db 0x00
    000000A5 00                    1367 	.db 0x00
    000000A6 00                    1368 	.db 0x00
    000000A7 00                    1369 	.db 0x00
    000000A8 00                    1370 	.db 0x00
    000000A9 00                    1371 	.db 0x00
    000000AA 00                    1372 	.db 0x00
    000000AB 00                    1373 	.db 0x00
    000000AC 00                    1374 	.db 0x00
    000000AD 00                    1375 	.db 0x00
    000000AE 00                    1376 	.db 0x00
    000000AF 00                    1377 	.db 0x00
    000000B0 00                    1378 	.db 0x00
    000000B1 00                    1379 	.db 0x00
    000000B2 00                    1380 	.db 0x00
    000000B3 00                    1381 	.db 0x00
    000000B4 00                    1382 	.db 0x00
    000000B5 00                    1383 	.db 0x00
    000000B6 00                    1384 	.db 0x00
    000000B7 00                    1385 	.db 0x00
    000000B8 00                    1386 	.db 0x00
    000000B9 00                    1387 	.db 0x00
    000000BA 00                    1388 	.db 0x00
    000000BB 00                    1389 	.db 0x00
    000000BC 00                    1390 	.db 0x00
    000000BD 00                    1391 	.db 0x00
    000000BE 00                    1392 	.db 0x00
    000000BF 00                    1393 	.db 0x00
    000000C0 00                    1394 	.db 0x00
    000000C1 00                    1395 	.db 0x00
    000000C2 00                    1396 	.db 0x00
    000000C3 00                    1397 	.db 0x00
    000000C4 00                    1398 	.db 0x00
    000000C5 00                    1399 	.db 0x00
    000000C6 00                    1400 	.db 0x00
    000000C7 00                    1401 	.db 0x00
    000000C8 00                    1402 	.db #0x00	; 0
    000000C9 00                    1403 	.db 0x00
    000000CA 00                    1404 	.db 0x00
    000000CB 00                    1405 	.db 0x00
    000000CC 00                    1406 	.db 0x00
    000000CD 00                    1407 	.db 0x00
    000000CE 00                    1408 	.db 0x00
    000000CF 00                    1409 	.db 0x00
    000000D0 00                    1410 	.db 0x00
    000000D1 00                    1411 	.db 0x00
    000000D2 00                    1412 	.db 0x00
    000000D3 00                    1413 	.db 0x00
    000000D4 00                    1414 	.db 0x00
    000000D5 00                    1415 	.db 0x00
    000000D6 00                    1416 	.db 0x00
    000000D7 00                    1417 	.db 0x00
    000000D8 00                    1418 	.db 0x00
    000000D9 00                    1419 	.db 0x00
    000000DA 00                    1420 	.db 0x00
    000000DB 00                    1421 	.db 0x00
    000000DC 00                    1422 	.db 0x00
    000000DD 00                    1423 	.db 0x00
    000000DE 00                    1424 	.db 0x00
    000000DF 00                    1425 	.db 0x00
    000000E0 00                    1426 	.db 0x00
    000000E1 00                    1427 	.db 0x00
    000000E2 00                    1428 	.db 0x00
    000000E3 00                    1429 	.db 0x00
    000000E4 00                    1430 	.db 0x00
    000000E5 00                    1431 	.db 0x00
    000000E6 00                    1432 	.db 0x00
    000000E7 00                    1433 	.db 0x00
    000000E8 00                    1434 	.db 0x00
    000000E9 00                    1435 	.db 0x00
    000000EA 00                    1436 	.db 0x00
    000000EB 00                    1437 	.db 0x00
    000000EC 00                    1438 	.db 0x00
    000000ED 00                    1439 	.db 0x00
    000000EE 00                    1440 	.db 0x00
    000000EF 00                    1441 	.db 0x00
    000000F0 00                    1442 	.db 0x00
    000000F1 00                    1443 	.db 0x00
    000000F2 00                    1444 	.db 0x00
    000000F3 00                    1445 	.db 0x00
    000000F4 00                    1446 	.db 0x00
    000000F5 00                    1447 	.db 0x00
    000000F6 00                    1448 	.db 0x00
    000000F7 00                    1449 	.db 0x00
    000000F8 00                    1450 	.db 0x00
    000000F9 00                    1451 	.db 0x00
    000000FA 00                    1452 	.db #0x00	; 0
    000000FB 00                    1453 	.db 0x00
    000000FC 00                    1454 	.db 0x00
    000000FD 00                    1455 	.db 0x00
    000000FE 00                    1456 	.db 0x00
    000000FF 00                    1457 	.db 0x00
    00000100 00                    1458 	.db 0x00
    00000101 00                    1459 	.db 0x00
    00000102 00                    1460 	.db 0x00
    00000103 00                    1461 	.db 0x00
    00000104 00                    1462 	.db 0x00
    00000105 00                    1463 	.db 0x00
    00000106 00                    1464 	.db 0x00
    00000107 00                    1465 	.db 0x00
    00000108 00                    1466 	.db 0x00
    00000109 00                    1467 	.db 0x00
    0000010A 00                    1468 	.db 0x00
    0000010B 00                    1469 	.db 0x00
    0000010C 00                    1470 	.db 0x00
    0000010D 00                    1471 	.db 0x00
    0000010E 00                    1472 	.db 0x00
    0000010F 00                    1473 	.db 0x00
    00000110 00                    1474 	.db 0x00
    00000111 00                    1475 	.db 0x00
    00000112 00                    1476 	.db 0x00
    00000113 00                    1477 	.db 0x00
    00000114 00                    1478 	.db 0x00
    00000115 00                    1479 	.db 0x00
    00000116 00                    1480 	.db 0x00
    00000117 00                    1481 	.db 0x00
    00000118 00                    1482 	.db 0x00
    00000119 00                    1483 	.db 0x00
    0000011A 00                    1484 	.db 0x00
    0000011B 00                    1485 	.db 0x00
    0000011C 00                    1486 	.db 0x00
    0000011D 00                    1487 	.db 0x00
    0000011E 00                    1488 	.db 0x00
    0000011F 00                    1489 	.db 0x00
    00000120 00                    1490 	.db 0x00
    00000121 00                    1491 	.db 0x00
    00000122 00                    1492 	.db 0x00
    00000123 00                    1493 	.db 0x00
    00000124 00                    1494 	.db 0x00
    00000125 00                    1495 	.db 0x00
    00000126 00                    1496 	.db 0x00
    00000127 00                    1497 	.db 0x00
    00000128 00                    1498 	.db 0x00
    00000129 00                    1499 	.db 0x00
    0000012A 00                    1500 	.db 0x00
    0000012B 00                    1501 	.db 0x00
    0000012C 00                    1502 	.db #0x00	;  0
    0000012D 00                    1503 	.db #0x00	;  0
    0000012E 00                    1504 	.db 0x00
    0000012F 00                    1505 	.db 0x00
    00000130 00                    1506 	.db 0x00
    00000131 00                    1507 	.db 0x00
    00000132 00                    1508 	.db 0x00
    00000133 00                    1509 	.db 0x00
    00000134 00                    1510 	.db 0x00
    00000135 00                    1511 	.db 0x00
    00000136 00                    1512 	.db 0x00
    00000137 00                    1513 	.db 0x00
    00000138 00                    1514 	.db 0x00
    00000139 00                    1515 	.db 0x00
    0000013A 00                    1516 	.db 0x00
    0000013B 00                    1517 	.db 0x00
    0000013C 00                    1518 	.db 0x00
    0000013D 00                    1519 	.db 0x00
    0000013E 00                    1520 	.db 0x00
    0000013F 00                    1521 	.db 0x00
    00000140 00                    1522 	.db 0x00
    00000141 00                    1523 	.db 0x00
    00000142 00                    1524 	.db 0x00
    00000143 00                    1525 	.db 0x00
    00000144 00                    1526 	.db 0x00
    00000145 00                    1527 	.db 0x00
    00000146 00                    1528 	.db 0x00
    00000147 00                    1529 	.db 0x00
    00000148 00                    1530 	.db 0x00
    00000149 00                    1531 	.db 0x00
    0000014A 00                    1532 	.db 0x00
    0000014B 00                    1533 	.db 0x00
    0000014C 00                    1534 	.db 0x00
    0000014D 00                    1535 	.db 0x00
    0000014E 00                    1536 	.db 0x00
    0000014F 00                    1537 	.db 0x00
    00000150 00                    1538 	.db 0x00
    00000151 00                    1539 	.db 0x00
    00000152 00                    1540 	.db 0x00
    00000153 00                    1541 	.db 0x00
    00000154 00                    1542 	.db 0x00
    00000155 00                    1543 	.db 0x00
    00000156 00                    1544 	.db 0x00
    00000157 00                    1545 	.db 0x00
    00000158 00                    1546 	.db 0x00
    00000159 00                    1547 	.db 0x00
    0000015A 00                    1548 	.db 0x00
    0000015B 00                    1549 	.db 0x00
    0000015C 00                    1550 	.db 0x00
    0000015D 00                    1551 	.db 0x00
    0000015E 00                    1552 	.db 0x00
    0000015F 00                    1553 	.db 0x00
    00000160 00                    1554 	.db 0x00
    00000161 00                    1555 	.db 0x00
    00000162 00                    1556 	.db 0x00
    00000163 00                    1557 	.db 0x00
    00000164 00                    1558 	.db 0x00
    00000165 00                    1559 	.db 0x00
    00000166 00                    1560 	.db 0x00
    00000167 00                    1561 	.db 0x00
    00000168 00                    1562 	.db 0x00
    00000169 00                    1563 	.db 0x00
    0000016A 00                    1564 	.db 0x00
    0000016B 00                    1565 	.db 0x00
    0000016C 00                    1566 	.db 0x00
    0000016D 00                    1567 	.db 0x00
    0000016E 00                    1568 	.db 0x00
    0000016F 00                    1569 	.db 0x00
    00000170 00                    1570 	.db 0x00
    00000171 00                    1571 	.db 0x00
    00000172 00                    1572 	.db 0x00
    00000173 00                    1573 	.db 0x00
    00000174 00                    1574 	.db 0x00
    00000175 00                    1575 	.db 0x00
    00000176 00                    1576 	.db 0x00
    00000177 00                    1577 	.db 0x00
    00000178 00                    1578 	.db 0x00
    00000179 00                    1579 	.db 0x00
    0000017A 00                    1580 	.db 0x00
    0000017B 00                    1581 	.db 0x00
    0000017C 00                    1582 	.db 0x00
    0000017D 00                    1583 	.db 0x00
    0000017E 00                    1584 	.db 0x00
    0000017F 00                    1585 	.db 0x00
    00000180 00                    1586 	.db 0x00
    00000181 00                    1587 	.db 0x00
    00000182 00                    1588 	.db 0x00
    00000183 00                    1589 	.db 0x00
    00000184 00                    1590 	.db 0x00
    00000185 00                    1591 	.db 0x00
    00000186 00                    1592 	.db 0x00
    00000187 00                    1593 	.db 0x00
    00000188 00                    1594 	.db 0x00
    00000189 00                    1595 	.db 0x00
    0000018A 00                    1596 	.db 0x00
    0000018B 00                    1597 	.db 0x00
    0000018C 00                    1598 	.db 0x00
    0000018D 00                    1599 	.db 0x00
    0000018E 00                    1600 	.db 0x00
    0000018F 00                    1601 	.db 0x00
    00000190 00                    1602 	.db #0x00	; 0
    00000191 00                    1603 	.db 0x00
    00000192 00                    1604 	.db 0x00
    00000193 00                    1605 	.db 0x00
    00000194 00                    1606 	.db 0x00
    00000195 00                    1607 	.db 0x00
    00000196 00                    1608 	.db 0x00
    00000197 00                    1609 	.db 0x00
    00000198 00                    1610 	.db 0x00
    00000199 00                    1611 	.db 0x00
    0000019A 00                    1612 	.db 0x00
    0000019B 00                    1613 	.db 0x00
    0000019C 00                    1614 	.db 0x00
    0000019D 00                    1615 	.db 0x00
    0000019E 00                    1616 	.db 0x00
    0000019F 00                    1617 	.db 0x00
    000001A0 00                    1618 	.db 0x00
    000001A1 00                    1619 	.db 0x00
    000001A2 00                    1620 	.db 0x00
    000001A3 00                    1621 	.db 0x00
    000001A4 00                    1622 	.db 0x00
    000001A5 00                    1623 	.db 0x00
    000001A6 00                    1624 	.db 0x00
    000001A7 00                    1625 	.db 0x00
    000001A8 00                    1626 	.db 0x00
    000001A9 00                    1627 	.db 0x00
    000001AA 00                    1628 	.db 0x00
    000001AB 00                    1629 	.db 0x00
    000001AC 00                    1630 	.db 0x00
    000001AD 00                    1631 	.db 0x00
    000001AE 00                    1632 	.db 0x00
    000001AF 00                    1633 	.db 0x00
    000001B0 00                    1634 	.db 0x00
    000001B1 00                    1635 	.db 0x00
    000001B2 00                    1636 	.db 0x00
    000001B3 00                    1637 	.db 0x00
    000001B4 00                    1638 	.db 0x00
    000001B5 00                    1639 	.db 0x00
    000001B6 00                    1640 	.db 0x00
    000001B7 00                    1641 	.db 0x00
    000001B8 00                    1642 	.db 0x00
    000001B9 00                    1643 	.db 0x00
    000001BA 00                    1644 	.db 0x00
    000001BB 00                    1645 	.db 0x00
    000001BC 00                    1646 	.db 0x00
    000001BD 00                    1647 	.db 0x00
    000001BE 00                    1648 	.db 0x00
    000001BF 00                    1649 	.db 0x00
    000001C0 00                    1650 	.db 0x00
    000001C1 00                    1651 	.db 0x00
    000001C2 00                    1652 	.db #0x00	; 0
    000001C3 00                    1653 	.db 0x00
    000001C4 00                    1654 	.db 0x00
    000001C5 00                    1655 	.db 0x00
    000001C6 00                    1656 	.db 0x00
    000001C7 00                    1657 	.db 0x00
    000001C8 00                    1658 	.db 0x00
    000001C9 00                    1659 	.db 0x00
    000001CA 00                    1660 	.db 0x00
    000001CB 00                    1661 	.db 0x00
    000001CC 00                    1662 	.db 0x00
    000001CD 00                    1663 	.db 0x00
    000001CE 00                    1664 	.db 0x00
    000001CF 00                    1665 	.db 0x00
    000001D0 00                    1666 	.db 0x00
    000001D1 00                    1667 	.db 0x00
    000001D2 00                    1668 	.db 0x00
    000001D3 00                    1669 	.db 0x00
    000001D4 00                    1670 	.db 0x00
    000001D5 00                    1671 	.db 0x00
    000001D6 00                    1672 	.db 0x00
    000001D7 00                    1673 	.db 0x00
    000001D8 00                    1674 	.db 0x00
    000001D9 00                    1675 	.db 0x00
    000001DA 00                    1676 	.db 0x00
    000001DB 00                    1677 	.db 0x00
    000001DC 00                    1678 	.db 0x00
    000001DD 00                    1679 	.db 0x00
    000001DE 00                    1680 	.db 0x00
    000001DF 00                    1681 	.db 0x00
    000001E0 00                    1682 	.db 0x00
    000001E1 00                    1683 	.db 0x00
    000001E2 00                    1684 	.db 0x00
    000001E3 00                    1685 	.db 0x00
    000001E4 00                    1686 	.db 0x00
    000001E5 00                    1687 	.db 0x00
    000001E6 00                    1688 	.db 0x00
    000001E7 00                    1689 	.db 0x00
    000001E8 00                    1690 	.db 0x00
    000001E9 00                    1691 	.db 0x00
    000001EA 00                    1692 	.db 0x00
    000001EB 00                    1693 	.db 0x00
    000001EC 00                    1694 	.db 0x00
    000001ED 00                    1695 	.db 0x00
    000001EE 00                    1696 	.db 0x00
    000001EF 00                    1697 	.db 0x00
    000001F0 00                    1698 	.db 0x00
    000001F1 00                    1699 	.db 0x00
    000001F2 00                    1700 	.db 0x00
    000001F3 00                    1701 	.db 0x00
    000001F4                       1702 __xinit__spriteIDByZIndex:
    000001F4 00                    1703 	.db #0x00	; 0
    000001F5 00                    1704 	.db 0x00
    000001F6 00                    1705 	.db 0x00
    000001F7 00                    1706 	.db 0x00
    000001F8 00                    1707 	.db 0x00
    000001F9 00                    1708 	.db 0x00
    000001FA 00                    1709 	.db 0x00
    000001FB 00                    1710 	.db 0x00
    000001FC 00                    1711 	.db 0x00
    000001FD 00                    1712 	.db 0x00
    000001FE 00                    1713 	.db 0x00
    000001FF 00                    1714 	.db 0x00
    00000200 00                    1715 	.db 0x00
    00000201 00                    1716 	.db 0x00
    00000202 00                    1717 	.db 0x00
    00000203 00                    1718 	.db 0x00
    00000204 00                    1719 	.db 0x00
    00000205 00                    1720 	.db 0x00
    00000206 00                    1721 	.db 0x00
    00000207 00                    1722 	.db 0x00
    00000208 00                    1723 	.db 0x00
    00000209 00                    1724 	.db 0x00
    0000020A 00                    1725 	.db 0x00
    0000020B 00                    1726 	.db 0x00
    0000020C 00                    1727 	.db 0x00
    0000020D 00                    1728 	.db 0x00
    0000020E 00                    1729 	.db 0x00
    0000020F 00                    1730 	.db 0x00
    00000210 00                    1731 	.db 0x00
    00000211 00                    1732 	.db 0x00
    00000212 00                    1733 	.db 0x00
    00000213 00                    1734 	.db 0x00
    00000214 00                    1735 	.db 0x00
    00000215 00                    1736 	.db 0x00
    00000216 00                    1737 	.db 0x00
    00000217 00                    1738 	.db 0x00
    00000218 00                    1739 	.db 0x00
    00000219 00                    1740 	.db 0x00
    0000021A 00                    1741 	.db 0x00
    0000021B 00                    1742 	.db 0x00
    0000021C 00                    1743 	.db 0x00
    0000021D 00                    1744 	.db 0x00
    0000021E 00                    1745 	.db 0x00
    0000021F 00                    1746 	.db 0x00
    00000220 00                    1747 	.db 0x00
    00000221 00                    1748 	.db 0x00
    00000222 00                    1749 	.db 0x00
    00000223 00                    1750 	.db 0x00
    00000224 00                    1751 	.db 0x00
    00000225 00                    1752 	.db 0x00
                                   1753 	.area _CABS (ABS)
