                                      1 ;--------------------------------------------------------
                                      2 ; File Created by SDCC : free open source ISO C Compiler
                                      3 ; Version 4.5.1 #15267 (Linux)
                                      4 ;--------------------------------------------------------
                                      5 	.module door4_tiles
                                      6 	
                                      7 ;--------------------------------------------------------
                                      8 ; Public variables in this module
                                      9 ;--------------------------------------------------------
                                     10 	.globl _door4_tiles
                                     11 ;--------------------------------------------------------
                                     12 ; special function registers
                                     13 ;--------------------------------------------------------
                                     14 ;--------------------------------------------------------
                                     15 ; ram data
                                     16 ;--------------------------------------------------------
                                     17 	.area _DATA
                                     18 ;--------------------------------------------------------
                                     19 ; ram data
                                     20 ;--------------------------------------------------------
                                     21 	.area _INITIALIZED
                                     22 ;--------------------------------------------------------
                                     23 ; absolute external ram data
                                     24 ;--------------------------------------------------------
                                     25 	.area _DABS (ABS)
                                     26 ;--------------------------------------------------------
                                     27 ; global & static initialisations
                                     28 ;--------------------------------------------------------
                                     29 	.area _HOME
                                     30 	.area _GSINIT
                                     31 	.area _GSFINAL
                                     32 	.area _GSINIT
                                     33 ;--------------------------------------------------------
                                     34 ; Home
                                     35 ;--------------------------------------------------------
                                     36 	.area _HOME
                                     37 	.area _HOME
                                     38 ;--------------------------------------------------------
                                     39 ; code
                                     40 ;--------------------------------------------------------
                                     41 	.area _CODE
                                     42 	.area _CODE
    00000000                         43 _door4_tiles:
    00000000 95                      44 	.db #0x95	; 149
    00000001 95                      45 	.db #0x95	; 149
    00000002 95                      46 	.db #0x95	; 149
    00000003 95                      47 	.db #0x95	; 149
    00000004 95                      48 	.db #0x95	; 149
    00000005 95                      49 	.db #0x95	; 149
    00000006 95                      50 	.db #0x95	; 149
    00000007 95                      51 	.db #0x95	; 149
    00000008 95                      52 	.db #0x95	; 149
    00000009 95                      53 	.db #0x95	; 149
    0000000A 95                      54 	.db #0x95	; 149
    0000000B 95                      55 	.db #0x95	; 149
    0000000C 96                      56 	.db #0x96	; 150
    0000000D 96                      57 	.db #0x96	; 150
    0000000E 96                      58 	.db #0x96	; 150
    0000000F 96                      59 	.db #0x96	; 150
    00000010 96                      60 	.db #0x96	; 150
    00000011 96                      61 	.db #0x96	; 150
    00000012 96                      62 	.db #0x96	; 150
    00000013 96                      63 	.db #0x96	; 150
    00000014 96                      64 	.db #0x96	; 150
    00000015 96                      65 	.db #0x96	; 150
    00000016 96                      66 	.db #0x96	; 150
    00000017 96                      67 	.db #0x96	; 150
    00000018 97                      68 	.db #0x97	; 151
    00000019 97                      69 	.db #0x97	; 151
    0000001A 97                      70 	.db #0x97	; 151
    0000001B 97                      71 	.db #0x97	; 151
    0000001C 97                      72 	.db #0x97	; 151
    0000001D 97                      73 	.db #0x97	; 151
    0000001E 97                      74 	.db #0x97	; 151
    0000001F 97                      75 	.db #0x97	; 151
    00000020 97                      76 	.db #0x97	; 151
    00000021 97                      77 	.db #0x97	; 151
    00000022 97                      78 	.db #0x97	; 151
    00000023 97                      79 	.db #0x97	; 151
    00000024 95                      80 	.db #0x95	; 149
    00000025 95                      81 	.db #0x95	; 149
    00000026 95                      82 	.db #0x95	; 149
    00000027 95                      83 	.db #0x95	; 149
    00000028 95                      84 	.db #0x95	; 149
    00000029 95                      85 	.db #0x95	; 149
    0000002A 95                      86 	.db #0x95	; 149
    0000002B 95                      87 	.db #0x95	; 149
    0000002C 95                      88 	.db #0x95	; 149
    0000002D 95                      89 	.db #0x95	; 149
    0000002E 95                      90 	.db #0x95	; 149
    0000002F 95                      91 	.db #0x95	; 149
    00000030 96                      92 	.db #0x96	; 150
    00000031 96                      93 	.db #0x96	; 150
    00000032 96                      94 	.db #0x96	; 150
    00000033 96                      95 	.db #0x96	; 150
    00000034 96                      96 	.db #0x96	; 150
    00000035 96                      97 	.db #0x96	; 150
    00000036 96                      98 	.db #0x96	; 150
    00000037 96                      99 	.db #0x96	; 150
    00000038 96                     100 	.db #0x96	; 150
    00000039 96                     101 	.db #0x96	; 150
    0000003A 96                     102 	.db #0x96	; 150
    0000003B 96                     103 	.db #0x96	; 150
    0000003C A0                     104 	.db #0xa0	; 160
    0000003D A0                     105 	.db #0xa0	; 160
    0000003E A0                     106 	.db #0xa0	; 160
    0000003F A0                     107 	.db #0xa0	; 160
    00000040 A0                     108 	.db #0xa0	; 160
    00000041 A0                     109 	.db #0xa0	; 160
    00000042 A0                     110 	.db #0xa0	; 160
    00000043 A0                     111 	.db #0xa0	; 160
    00000044 A0                     112 	.db #0xa0	; 160
    00000045 A0                     113 	.db #0xa0	; 160
    00000046 A0                     114 	.db #0xa0	; 160
    00000047 A0                     115 	.db #0xa0	; 160
    00000048 FC                     116 	.db #0xfc	; 252
    00000049 FC                     117 	.db #0xfc	; 252
    0000004A FC                     118 	.db #0xfc	; 252
    0000004B FC                     119 	.db #0xfc	; 252
    0000004C FC                     120 	.db #0xfc	; 252
    0000004D FC                     121 	.db #0xfc	; 252
    0000004E FC                     122 	.db #0xfc	; 252
    0000004F FC                     123 	.db #0xfc	; 252
    00000050 FC                     124 	.db #0xfc	; 252
    00000051 FC                     125 	.db #0xfc	; 252
    00000052 FC                     126 	.db #0xfc	; 252
    00000053 FC                     127 	.db #0xfc	; 252
    00000054 FC                     128 	.db #0xfc	; 252
    00000055 FC                     129 	.db #0xfc	; 252
    00000056 FC                     130 	.db #0xfc	; 252
    00000057 FC                     131 	.db #0xfc	; 252
    00000058 FC                     132 	.db #0xfc	; 252
    00000059 FC                     133 	.db #0xfc	; 252
    0000005A FC                     134 	.db #0xfc	; 252
    0000005B FC                     135 	.db #0xfc	; 252
    0000005C FC                     136 	.db #0xfc	; 252
    0000005D FC                     137 	.db #0xfc	; 252
    0000005E FC                     138 	.db #0xfc	; 252
    0000005F FC                     139 	.db #0xfc	; 252
    00000060 FC                     140 	.db #0xfc	; 252
    00000061 FC                     141 	.db #0xfc	; 252
    00000062 FC                     142 	.db #0xfc	; 252
    00000063 FC                     143 	.db #0xfc	; 252
    00000064 FC                     144 	.db #0xfc	; 252
    00000065 FC                     145 	.db #0xfc	; 252
    00000066 FC                     146 	.db #0xfc	; 252
    00000067 FC                     147 	.db #0xfc	; 252
    00000068 FC                     148 	.db #0xfc	; 252
    00000069 FC                     149 	.db #0xfc	; 252
    0000006A FC                     150 	.db #0xfc	; 252
    0000006B FC                     151 	.db #0xfc	; 252
    0000006C FC                     152 	.db #0xfc	; 252
    0000006D FC                     153 	.db #0xfc	; 252
    0000006E FC                     154 	.db #0xfc	; 252
    0000006F FC                     155 	.db #0xfc	; 252
    00000070 FC                     156 	.db #0xfc	; 252
    00000071 FC                     157 	.db #0xfc	; 252
    00000072 FC                     158 	.db #0xfc	; 252
    00000073 FC                     159 	.db #0xfc	; 252
    00000074 FC                     160 	.db #0xfc	; 252
    00000075 FC                     161 	.db #0xfc	; 252
    00000076 FC                     162 	.db #0xfc	; 252
    00000077 FC                     163 	.db #0xfc	; 252
    00000078 FC                     164 	.db #0xfc	; 252
    00000079 FC                     165 	.db #0xfc	; 252
    0000007A FC                     166 	.db #0xfc	; 252
    0000007B FC                     167 	.db #0xfc	; 252
    0000007C FC                     168 	.db #0xfc	; 252
    0000007D FC                     169 	.db #0xfc	; 252
    0000007E FC                     170 	.db #0xfc	; 252
    0000007F FC                     171 	.db #0xfc	; 252
    00000080 FC                     172 	.db #0xfc	; 252
    00000081 FC                     173 	.db #0xfc	; 252
    00000082 FC                     174 	.db #0xfc	; 252
    00000083 FC                     175 	.db #0xfc	; 252
                                    176 	.area _INITIALIZER
                                    177 	.area _CABS (ABS)
