                                      1 ;--------------------------------------------------------
                                      2 ; File Created by SDCC : free open source ISO C Compiler
                                      3 ; Version 4.5.1 #15267 (Linux)
                                      4 ;--------------------------------------------------------
                                      5 	.module earth_tiles
                                      6 	
                                      7 ;--------------------------------------------------------
                                      8 ; Public variables in this module
                                      9 ;--------------------------------------------------------
                                     10 	.globl _earth_tiles
                                     11 ;--------------------------------------------------------
                                     12 ; special function registers
                                     13 ;--------------------------------------------------------
                                     14 ;--------------------------------------------------------
                                     15 ; ram data
                                     16 ;--------------------------------------------------------
                                     17 	.area _DATA
                                     18 ;--------------------------------------------------------
                                     19 ; ram data
                                     20 ;--------------------------------------------------------
                                     21 	.area _INITIALIZED
                                     22 ;--------------------------------------------------------
                                     23 ; absolute external ram data
                                     24 ;--------------------------------------------------------
                                     25 	.area _DABS (ABS)
                                     26 ;--------------------------------------------------------
                                     27 ; global & static initialisations
                                     28 ;--------------------------------------------------------
                                     29 	.area _HOME
                                     30 	.area _GSINIT
                                     31 	.area _GSFINAL
                                     32 	.area _GSINIT
                                     33 ;--------------------------------------------------------
                                     34 ; Home
                                     35 ;--------------------------------------------------------
                                     36 	.area _HOME
                                     37 	.area _HOME
                                     38 ;--------------------------------------------------------
                                     39 ; code
                                     40 ;--------------------------------------------------------
                                     41 	.area _CODE
                                     42 	.area _CODE
    00000000                         43 _earth_tiles:
    00000000 00                      44 	.db #0x00	; 0
    00000001 02                      45 	.db #0x02	; 2
    00000002 04                      46 	.db #0x04	; 4
    00000003 06                      47 	.db #0x06	; 6
    00000004 08                      48 	.db #0x08	; 8
    00000005 0A                      49 	.db #0x0a	; 10
    00000006 0C                      50 	.db #0x0c	; 12
    00000007 0E                      51 	.db #0x0e	; 14
    00000008 10                      52 	.db #0x10	; 16
    00000009 12                      53 	.db #0x12	; 18
    0000000A 14                      54 	.db #0x14	; 20
    0000000B 16                      55 	.db #0x16	; 22
    0000000C 18                      56 	.db #0x18	; 24
    0000000D 1A                      57 	.db #0x1a	; 26
                                     58 	.area _INITIALIZER
                                     59 	.area _CABS (ABS)
