                                      1 ;--------------------------------------------------------
                                      2 ; File Created by SDCC : free open source ISO C Compiler
                                      3 ; Version 4.5.1 #15267 (Linux)
                                      4 ;--------------------------------------------------------
                                      5 	.module film
                                      6 	
                                      7 ;--------------------------------------------------------
                                      8 ; Public variables in this module
                                      9 ;--------------------------------------------------------
                                     10 	.globl _film
                                     11 ;--------------------------------------------------------
                                     12 ; special function registers
                                     13 ;--------------------------------------------------------
                                     14 ;--------------------------------------------------------
                                     15 ; ram data
                                     16 ;--------------------------------------------------------
                                     17 	.area _DATA
                                     18 ;--------------------------------------------------------
                                     19 ; ram data
                                     20 ;--------------------------------------------------------
                                     21 	.area _INITIALIZED
                                     22 ;--------------------------------------------------------
                                     23 ; absolute external ram data
                                     24 ;--------------------------------------------------------
                                     25 	.area _DABS (ABS)
                                     26 ;--------------------------------------------------------
                                     27 ; global & static initialisations
                                     28 ;--------------------------------------------------------
                                     29 	.area _HOME
                                     30 	.area _GSINIT
                                     31 	.area _GSFINAL
                                     32 	.area _GSINIT
                                     33 ;--------------------------------------------------------
                                     34 ; Home
                                     35 ;--------------------------------------------------------
                                     36 	.area _HOME
                                     37 	.area _HOME
                                     38 ;--------------------------------------------------------
                                     39 ; code
                                     40 ;--------------------------------------------------------
                                     41 	.area _CODE
                                     42 	.area _CODE
    00000000                         43 _film:
    00000000r00r00                   44 	.dw (_door1_tiles + 0)
    00000002r00r00                   45 	.dw (_door2_tiles + 0)
    00000004r00r00                   46 	.dw (_door3_tiles + 0)
    00000006r00r00                   47 	.dw (_door4_tiles + 0)
    00000008r0Cr00                   48 	.dw (_door1_tiles + 12)
    0000000Ar0Cr00                   49 	.dw (_door2_tiles + 12)
    0000000Cr0Cr00                   50 	.dw (_door3_tiles + 12)
    0000000Er0Cr00                   51 	.dw (_door4_tiles + 12)
    00000010r18r00                   52 	.dw (_door1_tiles + 24)
    00000012r18r00                   53 	.dw (_door2_tiles + 24)
    00000014r18r00                   54 	.dw (_door3_tiles + 24)
    00000016r18r00                   55 	.dw (_door4_tiles + 24)
    00000018r24r00                   56 	.dw (_door1_tiles + 36)
    0000001Ar24r00                   57 	.dw (_door2_tiles + 36)
    0000001Cr24r00                   58 	.dw (_door3_tiles + 36)
    0000001Er24r00                   59 	.dw (_door4_tiles + 36)
    00000020r30r00                   60 	.dw (_door1_tiles + 48)
    00000022r30r00                   61 	.dw (_door2_tiles + 48)
    00000024r30r00                   62 	.dw (_door3_tiles + 48)
    00000026r30r00                   63 	.dw (_door4_tiles + 48)
    00000028r3Cr00                   64 	.dw (_door1_tiles + 60)
    0000002Ar3Cr00                   65 	.dw (_door2_tiles + 60)
    0000002Cr3Cr00                   66 	.dw (_door3_tiles + 60)
    0000002Er3Cr00                   67 	.dw (_door4_tiles + 60)
    00000030r48r00                   68 	.dw (_door1_tiles + 72)
                                     69 	.area _INITIALIZER
                                     70 	.area _CABS (ABS)
