                                      1 ;--------------------------------------------------------
                                      2 ; File Created by SDCC : free open source ISO C Compiler
                                      3 ; Version 4.5.1 #15267 (Linux)
                                      4 ;--------------------------------------------------------
                                      5 	.module earth_data
                                      6 	
                                      7 ;--------------------------------------------------------
                                      8 ; Public variables in this module
                                      9 ;--------------------------------------------------------
                                     10 	.globl _earth_data
                                     11 ;--------------------------------------------------------
                                     12 ; special function registers
                                     13 ;--------------------------------------------------------
                                     14 ;--------------------------------------------------------
                                     15 ; ram data
                                     16 ;--------------------------------------------------------
                                     17 	.area _DATA
                                     18 ;--------------------------------------------------------
                                     19 ; ram data
                                     20 ;--------------------------------------------------------
                                     21 	.area _INITIALIZED
                                     22 ;--------------------------------------------------------
                                     23 ; absolute external ram data
                                     24 ;--------------------------------------------------------
                                     25 	.area _DABS (ABS)
                                     26 ;--------------------------------------------------------
                                     27 ; global & static initialisations
                                     28 ;--------------------------------------------------------
                                     29 	.area _HOME
                                     30 	.area _GSINIT
                                     31 	.area _GSFINAL
                                     32 	.area _GSINIT
                                     33 ;--------------------------------------------------------
                                     34 ; Home
                                     35 ;--------------------------------------------------------
                                     36 	.area _HOME
                                     37 	.area _HOME
                                     38 ;--------------------------------------------------------
                                     39 ; code
                                     40 ;--------------------------------------------------------
                                     41 	.area _CODE
                                     42 	.area _CODE
    00000000                         43 _earth_data:
    00000000 07                      44 	.db #0x07	; 7
    00000001 07                      45 	.db #0x07	; 7
    00000002 18                      46 	.db #0x18	; 24
    00000003 1F                      47 	.db #0x1f	; 31
    00000004 32                      48 	.db #0x32	; 50	'2'
    00000005 2D                      49 	.db #0x2d	; 45
    00000006 71                      50 	.db #0x71	; 113	'q'
    00000007 4E                      51 	.db #0x4e	; 78	'N'
    00000008 70                      52 	.db #0x70	; 112	'p'
    00000009 4F                      53 	.db #0x4f	; 79	'O'
    0000000A F8                      54 	.db #0xf8	; 248
    0000000B 87                      55 	.db #0x87	; 135
    0000000C F8                      56 	.db #0xf8	; 248
    0000000D 87                      57 	.db #0x87	; 135
    0000000E F8                      58 	.db #0xf8	; 248
    0000000F 87                      59 	.db #0x87	; 135
    00000010 FC                      60 	.db #0xfc	; 252
    00000011 83                      61 	.db #0x83	; 131
    00000012 FE                      62 	.db #0xfe	; 254
    00000013 81                      63 	.db #0x81	; 129
    00000014 7F                      64 	.db #0x7f	; 127
    00000015 40                      65 	.db #0x40	; 64
    00000016 7F                      66 	.db #0x7f	; 127
    00000017 40                      67 	.db #0x40	; 64
    00000018 3F                      68 	.db #0x3f	; 63
    00000019 20                      69 	.db #0x20	; 32
    0000001A 1F                      70 	.db #0x1f	; 31
    0000001B 18                      71 	.db #0x18	; 24
    0000001C 07                      72 	.db #0x07	; 7
    0000001D 07                      73 	.db #0x07	; 7
    0000001E 00                      74 	.db #0x00	; 0
    0000001F 00                      75 	.db #0x00	; 0
    00000020 C0                      76 	.db #0xc0	; 192
    00000021 C0                      77 	.db #0xc0	; 192
    00000022 F0                      78 	.db #0xf0	; 240
    00000023 30                      79 	.db #0x30	; 48	'0'
    00000024 78                      80 	.db #0x78	; 120	'x'
    00000025 88                      81 	.db #0x88	; 136
    00000026 3C                      82 	.db #0x3c	; 60
    00000027 C4                      83 	.db #0xc4	; 196
    00000028 5C                      84 	.db #0x5c	; 92
    00000029 A4                      85 	.db #0xa4	; 164
    0000002A 9E                      86 	.db #0x9e	; 158
    0000002B 62                      87 	.db #0x62	; 98	'b'
    0000002C 3E                      88 	.db #0x3e	; 62
    0000002D C2                      89 	.db #0xc2	; 194
    0000002E 3E                      90 	.db #0x3e	; 62
    0000002F C2                      91 	.db #0xc2	; 194
    00000030 5E                      92 	.db #0x5e	; 94
    00000031 A2                      93 	.db #0xa2	; 162
    00000032 7E                      94 	.db #0x7e	; 126
    00000033 82                      95 	.db #0x82	; 130
    00000034 0C                      96 	.db #0x0c	; 12
    00000035 F4                      97 	.db #0xf4	; 244
    00000036 0C                      98 	.db #0x0c	; 12
    00000037 F4                      99 	.db #0xf4	; 244
    00000038 98                     100 	.db #0x98	; 152
    00000039 68                     101 	.db #0x68	; 104	'h'
    0000003A B0                     102 	.db #0xb0	; 176
    0000003B 70                     103 	.db #0x70	; 112	'p'
    0000003C C0                     104 	.db #0xc0	; 192
    0000003D C0                     105 	.db #0xc0	; 192
    0000003E 00                     106 	.db #0x00	; 0
    0000003F 00                     107 	.db #0x00	; 0
    00000040 07                     108 	.db #0x07	; 7
    00000041 07                     109 	.db #0x07	; 7
    00000042 1F                     110 	.db #0x1f	; 31
    00000043 18                     111 	.db #0x18	; 24
    00000044 2F                     112 	.db #0x2f	; 47
    00000045 30                     113 	.db #0x30	; 48	'0'
    00000046 4F                     114 	.db #0x4f	; 79	'O'
    00000047 70                     115 	.db #0x70	; 112	'p'
    00000048 6F                     116 	.db #0x6f	; 111	'o'
    00000049 50                     117 	.db #0x50	; 80	'P'
    0000004A 9F                     118 	.db #0x9f	; 159
    0000004B E0                     119 	.db #0xe0	; 224
    0000004C 9F                     120 	.db #0x9f	; 159
    0000004D E0                     121 	.db #0xe0	; 224
    0000004E BF                     122 	.db #0xbf	; 191
    0000004F C0                     123 	.db #0xc0	; 192
    00000050 FF                     124 	.db #0xff	; 255
    00000051 80                     125 	.db #0x80	; 128
    00000052 B7                     126 	.db #0xb7	; 183
    00000053 C8                     127 	.db #0xc8	; 200
    00000054 63                     128 	.db #0x63	; 99	'c'
    00000055 5C                     129 	.db #0x5c	; 92
    00000056 43                     130 	.db #0x43	; 67	'C'
    00000057 7C                     131 	.db #0x7c	; 124
    00000058 3F                     132 	.db #0x3f	; 63
    00000059 20                     133 	.db #0x20	; 32
    0000005A 1F                     134 	.db #0x1f	; 31
    0000005B 18                     135 	.db #0x18	; 24
    0000005C 07                     136 	.db #0x07	; 7
    0000005D 07                     137 	.db #0x07	; 7
    0000005E 00                     138 	.db #0x00	; 0
    0000005F 00                     139 	.db #0x00	; 0
    00000060 C0                     140 	.db #0xc0	; 192
    00000061 C0                     141 	.db #0xc0	; 192
    00000062 B0                     142 	.db #0xb0	; 176
    00000063 70                     143 	.db #0x70	; 112	'p'
    00000064 18                     144 	.db #0x18	; 24
    00000065 E8                     145 	.db #0xe8	; 232
    00000066 0C                     146 	.db #0x0c	; 12
    00000067 F4                     147 	.db #0xf4	; 244
    00000068 0C                     148 	.db #0x0c	; 12
    00000069 F4                     149 	.db #0xf4	; 244
    0000006A 82                     150 	.db #0x82	; 130
    0000006B 7E                     151 	.db #0x7e	; 126
    0000006C 82                     152 	.db #0x82	; 130
    0000006D 7E                     153 	.db #0x7e	; 126
    0000006E 86                     154 	.db #0x86	; 134
    0000006F 7A                     155 	.db #0x7a	; 122	'z'
    00000070 C6                     156 	.db #0xc6	; 198
    00000071 3A                     157 	.db #0x3a	; 58
    00000072 E6                     158 	.db #0xe6	; 230
    00000073 1A                     159 	.db #0x1a	; 26
    00000074 F4                     160 	.db #0xf4	; 244
    00000075 0C                     161 	.db #0x0c	; 12
    00000076 FC                     162 	.db #0xfc	; 252
    00000077 04                     163 	.db #0x04	; 4
    00000078 F8                     164 	.db #0xf8	; 248
    00000079 08                     165 	.db #0x08	; 8
    0000007A F0                     166 	.db #0xf0	; 240
    0000007B 30                     167 	.db #0x30	; 48	'0'
    0000007C C0                     168 	.db #0xc0	; 192
    0000007D C0                     169 	.db #0xc0	; 192
    0000007E 00                     170 	.db #0x00	; 0
    0000007F 00                     171 	.db #0x00	; 0
    00000080 07                     172 	.db #0x07	; 7
    00000081 07                     173 	.db #0x07	; 7
    00000082 1E                     174 	.db #0x1e	; 30
    00000083 19                     175 	.db #0x19	; 25
    00000084 20                     176 	.db #0x20	; 32
    00000085 3F                     177 	.db #0x3f	; 63
    00000086 40                     178 	.db #0x40	; 64
    00000087 7F                     179 	.db #0x7f	; 127
    00000088 42                     180 	.db #0x42	; 66	'B'
    00000089 7D                     181 	.db #0x7d	; 125
    0000008A 81                     182 	.db #0x81	; 129
    0000008B FE                     183 	.db #0xfe	; 254
    0000008C 81                     184 	.db #0x81	; 129
    0000008D FE                     185 	.db #0xfe	; 254
    0000008E 83                     186 	.db #0x83	; 131
    0000008F FC                     187 	.db #0xfc	; 252
    00000090 D7                     188 	.db #0xd7	; 215
    00000091 A8                     189 	.db #0xa8	; 168
    00000092 BB                     190 	.db #0xbb	; 187
    00000093 C4                     191 	.db #0xc4	; 196
    00000094 6E                     192 	.db #0x6e	; 110	'n'
    00000095 51                     193 	.db #0x51	; 81	'Q'
    00000096 7C                     194 	.db #0x7c	; 124
    00000097 43                     195 	.db #0x43	; 67	'C'
    00000098 3F                     196 	.db #0x3f	; 63
    00000099 20                     197 	.db #0x20	; 32
    0000009A 1F                     198 	.db #0x1f	; 31
    0000009B 18                     199 	.db #0x18	; 24
    0000009C 07                     200 	.db #0x07	; 7
    0000009D 07                     201 	.db #0x07	; 7
    0000009E 00                     202 	.db #0x00	; 0
    0000009F 00                     203 	.db #0x00	; 0
    000000A0 C0                     204 	.db #0xc0	; 192
    000000A1 C0                     205 	.db #0xc0	; 192
    000000A2 70                     206 	.db #0x70	; 112	'p'
    000000A3 B0                     207 	.db #0xb0	; 176
    000000A4 E8                     208 	.db #0xe8	; 232
    000000A5 18                     209 	.db #0x18	; 24
    000000A6 F4                     210 	.db #0xf4	; 244
    000000A7 0C                     211 	.db #0x0c	; 12
    000000A8 F4                     212 	.db #0xf4	; 244
    000000A9 0C                     213 	.db #0x0c	; 12
    000000AA FE                     214 	.db #0xfe	; 254
    000000AB 02                     215 	.db #0x02	; 2
    000000AC FE                     216 	.db #0xfe	; 254
    000000AD 02                     217 	.db #0x02	; 2
    000000AE FE                     218 	.db #0xfe	; 254
    000000AF 02                     219 	.db #0x02	; 2
    000000B0 FE                     220 	.db #0xfe	; 254
    000000B1 02                     221 	.db #0x02	; 2
    000000B2 7E                     222 	.db #0x7e	; 126
    000000B3 82                     223 	.db #0x82	; 130
    000000B4 3C                     224 	.db #0x3c	; 60
    000000B5 C4                     225 	.db #0xc4	; 196
    000000B6 3C                     226 	.db #0x3c	; 60
    000000B7 C4                     227 	.db #0xc4	; 196
    000000B8 F8                     228 	.db #0xf8	; 248
    000000B9 08                     229 	.db #0x08	; 8
    000000BA F0                     230 	.db #0xf0	; 240
    000000BB 30                     231 	.db #0x30	; 48	'0'
    000000BC C0                     232 	.db #0xc0	; 192
    000000BD C0                     233 	.db #0xc0	; 192
    000000BE 00                     234 	.db #0x00	; 0
    000000BF 00                     235 	.db #0x00	; 0
    000000C0 07                     236 	.db #0x07	; 7
    000000C1 07                     237 	.db #0x07	; 7
    000000C2 1B                     238 	.db #0x1b	; 27
    000000C3 1C                     239 	.db #0x1c	; 28
    000000C4 20                     240 	.db #0x20	; 32
    000000C5 3F                     241 	.db #0x3f	; 63
    000000C6 40                     242 	.db #0x40	; 64
    000000C7 7F                     243 	.db #0x7f	; 127
    000000C8 40                     244 	.db #0x40	; 64
    000000C9 7F                     245 	.db #0x7f	; 127
    000000CA E0                     246 	.db #0xe0	; 224
    000000CB 9F                     247 	.db #0x9f	; 159
    000000CC 90                     248 	.db #0x90	; 144
    000000CD EF                     249 	.db #0xef	; 239
    000000CE 89                     250 	.db #0x89	; 137
    000000CF F6                     251 	.db #0xf6	; 246
    000000D0 8D                     252 	.db #0x8d	; 141
    000000D1 F2                     253 	.db #0xf2	; 242
    000000D2 9F                     254 	.db #0x9f	; 159
    000000D3 E0                     255 	.db #0xe0	; 224
    000000D4 5E                     256 	.db #0x5e	; 94
    000000D5 61                     257 	.db #0x61	; 97	'a'
    000000D6 6F                     258 	.db #0x6f	; 111	'o'
    000000D7 50                     259 	.db #0x50	; 80	'P'
    000000D8 3F                     260 	.db #0x3f	; 63
    000000D9 20                     261 	.db #0x20	; 32
    000000DA 1F                     262 	.db #0x1f	; 31
    000000DB 18                     263 	.db #0x18	; 24
    000000DC 07                     264 	.db #0x07	; 7
    000000DD 07                     265 	.db #0x07	; 7
    000000DE 00                     266 	.db #0x00	; 0
    000000DF 00                     267 	.db #0x00	; 0
    000000E0 C0                     268 	.db #0xc0	; 192
    000000E1 C0                     269 	.db #0xc0	; 192
    000000E2 B0                     270 	.db #0xb0	; 176
    000000E3 70                     271 	.db #0x70	; 112	'p'
    000000E4 28                     272 	.db #0x28	; 40
    000000E5 D8                     273 	.db #0xd8	; 216
    000000E6 04                     274 	.db #0x04	; 4
    000000E7 FC                     275 	.db #0xfc	; 252
    000000E8 2C                     276 	.db #0x2c	; 44
    000000E9 D4                     277 	.db #0xd4	; 212
    000000EA 1E                     278 	.db #0x1e	; 30
    000000EB E2                     279 	.db #0xe2	; 226
    000000EC 1E                     280 	.db #0x1e	; 30
    000000ED E2                     281 	.db #0xe2	; 226
    000000EE 3E                     282 	.db #0x3e	; 62
    000000EF C2                     283 	.db #0xc2	; 194
    000000F0 7E                     284 	.db #0x7e	; 126
    000000F1 82                     285 	.db #0x82	; 130
    000000F2 B6                     286 	.db #0xb6	; 182
    000000F3 4A                     287 	.db #0x4a	; 74	'J'
    000000F4 E4                     288 	.db #0xe4	; 228
    000000F5 1C                     289 	.db #0x1c	; 28
    000000F6 C4                     290 	.db #0xc4	; 196
    000000F7 3C                     291 	.db #0x3c	; 60
    000000F8 F8                     292 	.db #0xf8	; 248
    000000F9 08                     293 	.db #0x08	; 8
    000000FA F0                     294 	.db #0xf0	; 240
    000000FB 30                     295 	.db #0x30	; 48	'0'
    000000FC C0                     296 	.db #0xc0	; 192
    000000FD C0                     297 	.db #0xc0	; 192
    000000FE 00                     298 	.db #0x00	; 0
    000000FF 00                     299 	.db #0x00	; 0
    00000100 07                     300 	.db #0x07	; 7
    00000101 07                     301 	.db #0x07	; 7
    00000102 18                     302 	.db #0x18	; 24
    00000103 1F                     303 	.db #0x1f	; 31
    00000104 20                     304 	.db #0x20	; 32
    00000105 3F                     305 	.db #0x3f	; 63
    00000106 40                     306 	.db #0x40	; 64
    00000107 7F                     307 	.db #0x7f	; 127
    00000108 40                     308 	.db #0x40	; 64
    00000109 7F                     309 	.db #0x7f	; 127
    0000010A EE                     310 	.db #0xee	; 238
    0000010B 91                     311 	.db #0x91	; 145
    0000010C F1                     312 	.db #0xf1	; 241
    0000010D 8E                     313 	.db #0x8e	; 142
    0000010E E0                     314 	.db #0xe0	; 224
    0000010F 9F                     315 	.db #0x9f	; 159
    00000110 E0                     316 	.db #0xe0	; 224
    00000111 9F                     317 	.db #0x9f	; 159
    00000112 F1                     318 	.db #0xf1	; 241
    00000113 8E                     319 	.db #0x8e	; 142
    00000114 71                     320 	.db #0x71	; 113	'q'
    00000115 4E                     321 	.db #0x4e	; 78	'N'
    00000116 72                     322 	.db #0x72	; 114	'r'
    00000117 4D                     323 	.db #0x4d	; 77	'M'
    00000118 3F                     324 	.db #0x3f	; 63
    00000119 20                     325 	.db #0x20	; 32
    0000011A 1F                     326 	.db #0x1f	; 31
    0000011B 18                     327 	.db #0x18	; 24
    0000011C 07                     328 	.db #0x07	; 7
    0000011D 07                     329 	.db #0x07	; 7
    0000011E 00                     330 	.db #0x00	; 0
    0000011F 00                     331 	.db #0x00	; 0
    00000120 C0                     332 	.db #0xc0	; 192
    00000121 C0                     333 	.db #0xc0	; 192
    00000122 F0                     334 	.db #0xf0	; 240
    00000123 30                     335 	.db #0x30	; 48	'0'
    00000124 08                     336 	.db #0x08	; 8
    00000125 F8                     337 	.db #0xf8	; 248
    00000126 04                     338 	.db #0x04	; 4
    00000127 FC                     339 	.db #0xfc	; 252
    00000128 04                     340 	.db #0x04	; 4
    00000129 FC                     341 	.db #0xfc	; 252
    0000012A 02                     342 	.db #0x02	; 2
    0000012B FE                     343 	.db #0xfe	; 254
    0000012C 02                     344 	.db #0x02	; 2
    0000012D FE                     345 	.db #0xfe	; 254
    0000012E 92                     346 	.db #0x92	; 146
    0000012F 6E                     347 	.db #0x6e	; 110	'n'
    00000130 D6                     348 	.db #0xd6	; 214
    00000131 2A                     349 	.db #0x2a	; 42
    00000132 FE                     350 	.db #0xfe	; 254
    00000133 02                     351 	.db #0x02	; 2
    00000134 EC                     352 	.db #0xec	; 236
    00000135 14                     353 	.db #0x14	; 20
    00000136 FC                     354 	.db #0xfc	; 252
    00000137 04                     355 	.db #0x04	; 4
    00000138 F8                     356 	.db #0xf8	; 248
    00000139 08                     357 	.db #0x08	; 8
    0000013A F0                     358 	.db #0xf0	; 240
    0000013B 30                     359 	.db #0x30	; 48	'0'
    0000013C C0                     360 	.db #0xc0	; 192
    0000013D C0                     361 	.db #0xc0	; 192
    0000013E 00                     362 	.db #0x00	; 0
    0000013F 00                     363 	.db #0x00	; 0
    00000140 07                     364 	.db #0x07	; 7
    00000141 07                     365 	.db #0x07	; 7
    00000142 1D                     366 	.db #0x1d	; 29
    00000143 1A                     367 	.db #0x1a	; 26
    00000144 36                     368 	.db #0x36	; 54	'6'
    00000145 29                     369 	.db #0x29	; 41
    00000146 5C                     370 	.db #0x5c	; 92
    00000147 63                     371 	.db #0x63	; 99	'c'
    00000148 6C                     372 	.db #0x6c	; 108	'l'
    00000149 53                     373 	.db #0x53	; 83	'S'
    0000014A CE                     374 	.db #0xce	; 206
    0000014B B1                     375 	.db #0xb1	; 177
    0000014C 9F                     376 	.db #0x9f	; 159
    0000014D E0                     377 	.db #0xe0	; 224
    0000014E 9E                     378 	.db #0x9e	; 158
    0000014F E1                     379 	.db #0xe1	; 225
    00000150 AE                     380 	.db #0xae	; 174
    00000151 D1                     381 	.db #0xd1	; 209
    00000152 BF                     382 	.db #0xbf	; 191
    00000153 C0                     383 	.db #0xc0	; 192
    00000154 47                     384 	.db #0x47	; 71	'G'
    00000155 78                     385 	.db #0x78	; 120	'x'
    00000156 47                     386 	.db #0x47	; 71	'G'
    00000157 78                     387 	.db #0x78	; 120	'x'
    00000158 2F                     388 	.db #0x2f	; 47
    00000159 30                     389 	.db #0x30	; 48	'0'
    0000015A 1F                     390 	.db #0x1f	; 31
    0000015B 18                     391 	.db #0x18	; 24
    0000015C 07                     392 	.db #0x07	; 7
    0000015D 07                     393 	.db #0x07	; 7
    0000015E 00                     394 	.db #0x00	; 0
    0000015F 00                     395 	.db #0x00	; 0
    00000160 C0                     396 	.db #0xc0	; 192
    00000161 C0                     397 	.db #0xc0	; 192
    00000162 70                     398 	.db #0x70	; 112	'p'
    00000163 B0                     399 	.db #0xb0	; 176
    00000164 08                     400 	.db #0x08	; 8
    00000165 F8                     401 	.db #0xf8	; 248
    00000166 04                     402 	.db #0x04	; 4
    00000167 FC                     403 	.db #0xfc	; 252
    00000168 04                     404 	.db #0x04	; 4
    00000169 FC                     405 	.db #0xfc	; 252
    0000016A E2                     406 	.db #0xe2	; 226
    0000016B 1E                     407 	.db #0x1e	; 30
    0000016C 32                     408 	.db #0x32	; 50	'2'
    0000016D CE                     409 	.db #0xce	; 206
    0000016E 0E                     410 	.db #0x0e	; 14
    0000016F F2                     411 	.db #0xf2	; 242
    00000170 0E                     412 	.db #0x0e	; 14
    00000171 F2                     413 	.db #0xf2	; 242
    00000172 1E                     414 	.db #0x1e	; 30
    00000173 E2                     415 	.db #0xe2	; 226
    00000174 1C                     416 	.db #0x1c	; 28
    00000175 E4                     417 	.db #0xe4	; 228
    00000176 2C                     418 	.db #0x2c	; 44
    00000177 D4                     419 	.db #0xd4	; 212
    00000178 F8                     420 	.db #0xf8	; 248
    00000179 08                     421 	.db #0x08	; 8
    0000017A F0                     422 	.db #0xf0	; 240
    0000017B 30                     423 	.db #0x30	; 48	'0'
    0000017C C0                     424 	.db #0xc0	; 192
    0000017D C0                     425 	.db #0xc0	; 192
    0000017E 00                     426 	.db #0x00	; 0
    0000017F 00                     427 	.db #0x00	; 0
    00000180 07                     428 	.db #0x07	; 7
    00000181 07                     429 	.db #0x07	; 7
    00000182 1E                     430 	.db #0x1e	; 30
    00000183 19                     431 	.db #0x19	; 25
    00000184 33                     432 	.db #0x33	; 51	'3'
    00000185 2C                     433 	.db #0x2c	; 44
    00000186 49                     434 	.db #0x49	; 73	'I'
    00000187 76                     435 	.db #0x76	; 118	'v'
    00000188 42                     436 	.db #0x42	; 66	'B'
    00000189 7D                     437 	.db #0x7d	; 125
    0000018A C4                     438 	.db #0xc4	; 196
    0000018B BB                     439 	.db #0xbb	; 187
    0000018C C1                     440 	.db #0xc1	; 193
    0000018D BE                     441 	.db #0xbe	; 190
    0000018E C1                     442 	.db #0xc1	; 193
    0000018F BE                     443 	.db #0xbe	; 190
    00000190 E2                     444 	.db #0xe2	; 226
    00000191 9D                     445 	.db #0x9d	; 157
    00000192 F3                     446 	.db #0xf3	; 243
    00000193 8C                     447 	.db #0x8c	; 140
    00000194 78                     448 	.db #0x78	; 120	'x'
    00000195 47                     449 	.db #0x47	; 71	'G'
    00000196 78                     450 	.db #0x78	; 120	'x'
    00000197 47                     451 	.db #0x47	; 71	'G'
    00000198 3C                     452 	.db #0x3c	; 60
    00000199 23                     453 	.db #0x23	; 35
    0000019A 1C                     454 	.db #0x1c	; 28
    0000019B 1B                     455 	.db #0x1b	; 27
    0000019C 07                     456 	.db #0x07	; 7
    0000019D 07                     457 	.db #0x07	; 7
    0000019E 00                     458 	.db #0x00	; 0
    0000019F 00                     459 	.db #0x00	; 0
    000001A0 C0                     460 	.db #0xc0	; 192
    000001A1 C0                     461 	.db #0xc0	; 192
    000001A2 70                     462 	.db #0x70	; 112	'p'
    000001A3 B0                     463 	.db #0xb0	; 176
    000001A4 68                     464 	.db #0x68	; 104	'h'
    000001A5 98                     465 	.db #0x98	; 152
    000001A6 C4                     466 	.db #0xc4	; 196
    000001A7 3C                     467 	.db #0x3c	; 60
    000001A8 C4                     468 	.db #0xc4	; 196
    000001A9 3C                     469 	.db #0x3c	; 60
    000001AA EE                     470 	.db #0xee	; 238
    000001AB 12                     471 	.db #0x12	; 18
    000001AC F2                     472 	.db #0xf2	; 242
    000001AD 0E                     473 	.db #0x0e	; 14
    000001AE E2                     474 	.db #0xe2	; 226
    000001AF 1E                     475 	.db #0x1e	; 30
    000001B0 E2                     476 	.db #0xe2	; 226
    000001B1 1E                     477 	.db #0x1e	; 30
    000001B2 F2                     478 	.db #0xf2	; 242
    000001B3 0E                     479 	.db #0x0e	; 14
    000001B4 7C                     480 	.db #0x7c	; 124
    000001B5 84                     481 	.db #0x84	; 132
    000001B6 7C                     482 	.db #0x7c	; 124
    000001B7 84                     483 	.db #0x84	; 132
    000001B8 F8                     484 	.db #0xf8	; 248
    000001B9 08                     485 	.db #0x08	; 8
    000001BA F0                     486 	.db #0xf0	; 240
    000001BB 30                     487 	.db #0x30	; 48	'0'
    000001BC C0                     488 	.db #0xc0	; 192
    000001BD C0                     489 	.db #0xc0	; 192
    000001BE 00                     490 	.db #0x00	; 0
    000001BF 00                     491 	.db #0x00	; 0
                                    492 	.area _INITIALIZER
                                    493 	.area _CABS (ABS)
