                                      1 ;--------------------------------------------------------
                                      2 ; File Created by SDCC : free open source ISO C Compiler
                                      3 ; Version 4.5.1 #15267 (Linux)
                                      4 ;--------------------------------------------------------
                                      5 	.module frame_data
                                      6 	
                                      7 ;--------------------------------------------------------
                                      8 ; Public variables in this module
                                      9 ;--------------------------------------------------------
                                     10 	.globl _frame_data
                                     11 ;--------------------------------------------------------
                                     12 ; special function registers
                                     13 ;--------------------------------------------------------
                                     14 ;--------------------------------------------------------
                                     15 ; ram data
                                     16 ;--------------------------------------------------------
                                     17 	.area _DATA
                                     18 ;--------------------------------------------------------
                                     19 ; ram data
                                     20 ;--------------------------------------------------------
                                     21 	.area _INITIALIZED
                                     22 ;--------------------------------------------------------
                                     23 ; absolute external ram data
                                     24 ;--------------------------------------------------------
                                     25 	.area _DABS (ABS)
                                     26 ;--------------------------------------------------------
                                     27 ; global & static initialisations
                                     28 ;--------------------------------------------------------
                                     29 	.area _HOME
                                     30 	.area _GSINIT
                                     31 	.area _GSFINAL
                                     32 	.area _GSINIT
                                     33 ;--------------------------------------------------------
                                     34 ; Home
                                     35 ;--------------------------------------------------------
                                     36 	.area _HOME
                                     37 	.area _HOME
                                     38 ;--------------------------------------------------------
                                     39 ; code
                                     40 ;--------------------------------------------------------
                                     41 	.area _CODE
                                     42 	.area _CODE
    00000000                         43 _frame_data:
    00000000 FF                      44 	.db #0xff	; 255
    00000001 00                      45 	.db #0x00	; 0
    00000002 80                      46 	.db #0x80	; 128
    00000003 7F                      47 	.db #0x7f	; 127
    00000004 80                      48 	.db #0x80	; 128
    00000005 7F                      49 	.db #0x7f	; 127
    00000006 80                      50 	.db #0x80	; 128
    00000007 7F                      51 	.db #0x7f	; 127
    00000008 80                      52 	.db #0x80	; 128
    00000009 7F                      53 	.db #0x7f	; 127
    0000000A 80                      54 	.db #0x80	; 128
    0000000B 7F                      55 	.db #0x7f	; 127
    0000000C 80                      56 	.db #0x80	; 128
    0000000D 7F                      57 	.db #0x7f	; 127
    0000000E 80                      58 	.db #0x80	; 128
    0000000F 7F                      59 	.db #0x7f	; 127
    00000010 FF                      60 	.db #0xff	; 255
    00000011 00                      61 	.db #0x00	; 0
    00000012 01                      62 	.db #0x01	; 1
    00000013 FE                      63 	.db #0xfe	; 254
    00000014 03                      64 	.db #0x03	; 3
    00000015 FC                      65 	.db #0xfc	; 252
    00000016 07                      66 	.db #0x07	; 7
    00000017 F8                      67 	.db #0xf8	; 248
    00000018 0F                      68 	.db #0x0f	; 15
    00000019 F0                      69 	.db #0xf0	; 240
    0000001A 1F                      70 	.db #0x1f	; 31
    0000001B E0                      71 	.db #0xe0	; 224
    0000001C 3F                      72 	.db #0x3f	; 63
    0000001D C0                      73 	.db #0xc0	; 192
    0000001E 7F                      74 	.db #0x7f	; 127
    0000001F 80                      75 	.db #0x80	; 128
    00000020 FF                      76 	.db #0xff	; 255
    00000021 00                      77 	.db #0x00	; 0
    00000022 FE                      78 	.db #0xfe	; 254
    00000023 01                      79 	.db #0x01	; 1
    00000024 FC                      80 	.db #0xfc	; 252
    00000025 03                      81 	.db #0x03	; 3
    00000026 F8                      82 	.db #0xf8	; 248
    00000027 07                      83 	.db #0x07	; 7
    00000028 F0                      84 	.db #0xf0	; 240
    00000029 0F                      85 	.db #0x0f	; 15
    0000002A E0                      86 	.db #0xe0	; 224
    0000002B 1F                      87 	.db #0x1f	; 31
    0000002C C0                      88 	.db #0xc0	; 192
    0000002D 3F                      89 	.db #0x3f	; 63
    0000002E 80                      90 	.db #0x80	; 128
    0000002F 7F                      91 	.db #0x7f	; 127
    00000030 FF                      92 	.db #0xff	; 255
    00000031 00                      93 	.db #0x00	; 0
    00000032 00                      94 	.db #0x00	; 0
    00000033 FF                      95 	.db #0xff	; 255
    00000034 00                      96 	.db #0x00	; 0
    00000035 FF                      97 	.db #0xff	; 255
    00000036 00                      98 	.db #0x00	; 0
    00000037 FF                      99 	.db #0xff	; 255
    00000038 00                     100 	.db #0x00	; 0
    00000039 FF                     101 	.db #0xff	; 255
    0000003A 00                     102 	.db #0x00	; 0
    0000003B FF                     103 	.db #0xff	; 255
    0000003C 00                     104 	.db #0x00	; 0
    0000003D FF                     105 	.db #0xff	; 255
    0000003E 00                     106 	.db #0x00	; 0
    0000003F FF                     107 	.db #0xff	; 255
    00000040 FF                     108 	.db #0xff	; 255
    00000041 00                     109 	.db #0x00	; 0
    00000042 FF                     110 	.db #0xff	; 255
    00000043 01                     111 	.db #0x01	; 1
    00000044 FD                     112 	.db #0xfd	; 253
    00000045 03                     113 	.db #0x03	; 3
    00000046 F9                     114 	.db #0xf9	; 249
    00000047 07                     115 	.db #0x07	; 7
    00000048 F1                     116 	.db #0xf1	; 241
    00000049 0F                     117 	.db #0x0f	; 15
    0000004A E1                     118 	.db #0xe1	; 225
    0000004B 1F                     119 	.db #0x1f	; 31
    0000004C C1                     120 	.db #0xc1	; 193
    0000004D 3F                     121 	.db #0x3f	; 63
    0000004E 81                     122 	.db #0x81	; 129
    0000004F 7F                     123 	.db #0x7f	; 127
    00000050 80                     124 	.db #0x80	; 128
    00000051 7F                     125 	.db #0x7f	; 127
    00000052 81                     126 	.db #0x81	; 129
    00000053 7E                     127 	.db #0x7e	; 126
    00000054 83                     128 	.db #0x83	; 131
    00000055 7C                     129 	.db #0x7c	; 124
    00000056 87                     130 	.db #0x87	; 135
    00000057 78                     131 	.db #0x78	; 120	'x'
    00000058 8F                     132 	.db #0x8f	; 143
    00000059 70                     133 	.db #0x70	; 112	'p'
    0000005A 9F                     134 	.db #0x9f	; 159
    0000005B 60                     135 	.db #0x60	; 96
    0000005C BF                     136 	.db #0xbf	; 191
    0000005D 40                     137 	.db #0x40	; 64
    0000005E FF                     138 	.db #0xff	; 255
    0000005F 00                     139 	.db #0x00	; 0
    00000060 FF                     140 	.db #0xff	; 255
    00000061 70                     141 	.db #0x70	; 112	'p'
    00000062 FF                     142 	.db #0xff	; 255
    00000063 98                     143 	.db #0x98	; 152
    00000064 EF                     144 	.db #0xef	; 239
    00000065 B8                     145 	.db #0xb8	; 184
    00000066 CF                     146 	.db #0xcf	; 207
    00000067 F8                     147 	.db #0xf8	; 248
    00000068 FF                     148 	.db #0xff	; 255
    00000069 70                     149 	.db #0x70	; 112	'p'
    0000006A FF                     150 	.db #0xff	; 255
    0000006B 00                     151 	.db #0x00	; 0
    0000006C FF                     152 	.db #0xff	; 255
    0000006D 00                     153 	.db #0x00	; 0
    0000006E FF                     154 	.db #0xff	; 255
    0000006F 01                     155 	.db #0x01	; 1
    00000070 FF                     156 	.db #0xff	; 255
    00000071 00                     157 	.db #0x00	; 0
    00000072 FE                     158 	.db #0xfe	; 254
    00000073 01                     159 	.db #0x01	; 1
    00000074 FC                     160 	.db #0xfc	; 252
    00000075 03                     161 	.db #0x03	; 3
    00000076 F8                     162 	.db #0xf8	; 248
    00000077 07                     163 	.db #0x07	; 7
    00000078 F0                     164 	.db #0xf0	; 240
    00000079 0F                     165 	.db #0x0f	; 15
    0000007A E0                     166 	.db #0xe0	; 224
    0000007B 1F                     167 	.db #0x1f	; 31
    0000007C C0                     168 	.db #0xc0	; 192
    0000007D 3F                     169 	.db #0x3f	; 63
    0000007E FF                     170 	.db #0xff	; 255
    0000007F FF                     171 	.db #0xff	; 255
    00000080 00                     172 	.db #0x00	; 0
    00000081 FF                     173 	.db #0xff	; 255
    00000082 00                     174 	.db #0x00	; 0
    00000083 FF                     175 	.db #0xff	; 255
    00000084 00                     176 	.db #0x00	; 0
    00000085 FF                     177 	.db #0xff	; 255
    00000086 00                     178 	.db #0x00	; 0
    00000087 FF                     179 	.db #0xff	; 255
    00000088 00                     180 	.db #0x00	; 0
    00000089 FF                     181 	.db #0xff	; 255
    0000008A 00                     182 	.db #0x00	; 0
    0000008B FF                     183 	.db #0xff	; 255
    0000008C 00                     184 	.db #0x00	; 0
    0000008D FF                     185 	.db #0xff	; 255
    0000008E FF                     186 	.db #0xff	; 255
    0000008F FF                     187 	.db #0xff	; 255
    00000090 00                     188 	.db #0x00	; 0
    00000091 FF                     189 	.db #0xff	; 255
    00000092 01                     190 	.db #0x01	; 1
    00000093 FE                     191 	.db #0xfe	; 254
    00000094 03                     192 	.db #0x03	; 3
    00000095 FC                     193 	.db #0xfc	; 252
    00000096 07                     194 	.db #0x07	; 7
    00000097 F8                     195 	.db #0xf8	; 248
    00000098 0F                     196 	.db #0x0f	; 15
    00000099 F0                     197 	.db #0xf0	; 240
    0000009A 1F                     198 	.db #0x1f	; 31
    0000009B E0                     199 	.db #0xe0	; 224
    0000009C 3F                     200 	.db #0x3f	; 63
    0000009D C0                     201 	.db #0xc0	; 192
    0000009E FF                     202 	.db #0xff	; 255
    0000009F FF                     203 	.db #0xff	; 255
    000000A0 FF                     204 	.db #0xff	; 255
    000000A1 00                     205 	.db #0x00	; 0
    000000A2 FF                     206 	.db #0xff	; 255
    000000A3 00                     207 	.db #0x00	; 0
    000000A4 FF                     208 	.db #0xff	; 255
    000000A5 00                     209 	.db #0x00	; 0
    000000A6 FF                     210 	.db #0xff	; 255
    000000A7 00                     211 	.db #0x00	; 0
    000000A8 FF                     212 	.db #0xff	; 255
    000000A9 00                     213 	.db #0x00	; 0
    000000AA FF                     214 	.db #0xff	; 255
    000000AB 00                     215 	.db #0x00	; 0
    000000AC FF                     216 	.db #0xff	; 255
    000000AD 00                     217 	.db #0x00	; 0
    000000AE FF                     218 	.db #0xff	; 255
    000000AF FF                     219 	.db #0xff	; 255
    000000B0 FF                     220 	.db #0xff	; 255
    000000B1 0E                     221 	.db #0x0e	; 14
    000000B2 FF                     222 	.db #0xff	; 255
    000000B3 13                     223 	.db #0x13	; 19
    000000B4 FD                     224 	.db #0xfd	; 253
    000000B5 17                     225 	.db #0x17	; 23
    000000B6 F9                     226 	.db #0xf9	; 249
    000000B7 1F                     227 	.db #0x1f	; 31
    000000B8 FE                     228 	.db #0xfe	; 254
    000000B9 0F                     229 	.db #0x0f	; 15
    000000BA E0                     230 	.db #0xe0	; 224
    000000BB 1F                     231 	.db #0x1f	; 31
    000000BC C0                     232 	.db #0xc0	; 192
    000000BD 3F                     233 	.db #0x3f	; 63
    000000BE 80                     234 	.db #0x80	; 128
    000000BF FF                     235 	.db #0xff	; 255
    000000C0 01                     236 	.db #0x01	; 1
    000000C1 FF                     237 	.db #0xff	; 255
    000000C2 01                     238 	.db #0x01	; 1
    000000C3 FF                     239 	.db #0xff	; 255
    000000C4 01                     240 	.db #0x01	; 1
    000000C5 FF                     241 	.db #0xff	; 255
    000000C6 01                     242 	.db #0x01	; 1
    000000C7 FF                     243 	.db #0xff	; 255
    000000C8 01                     244 	.db #0x01	; 1
    000000C9 FF                     245 	.db #0xff	; 255
    000000CA 01                     246 	.db #0x01	; 1
    000000CB FF                     247 	.db #0xff	; 255
    000000CC 01                     248 	.db #0x01	; 1
    000000CD FF                     249 	.db #0xff	; 255
    000000CE 01                     250 	.db #0x01	; 1
    000000CF FF                     251 	.db #0xff	; 255
    000000D0 FF                     252 	.db #0xff	; 255
    000000D1 01                     253 	.db #0x01	; 1
    000000D2 FF                     254 	.db #0xff	; 255
    000000D3 01                     255 	.db #0x01	; 1
    000000D4 FD                     256 	.db #0xfd	; 253
    000000D5 03                     257 	.db #0x03	; 3
    000000D6 F9                     258 	.db #0xf9	; 249
    000000D7 07                     259 	.db #0x07	; 7
    000000D8 F1                     260 	.db #0xf1	; 241
    000000D9 0F                     261 	.db #0x0f	; 15
    000000DA E1                     262 	.db #0xe1	; 225
    000000DB 1F                     263 	.db #0x1f	; 31
    000000DC C1                     264 	.db #0xc1	; 193
    000000DD 3F                     265 	.db #0x3f	; 63
    000000DE 81                     266 	.db #0x81	; 129
    000000DF 7F                     267 	.db #0x7f	; 127
    000000E0 80                     268 	.db #0x80	; 128
    000000E1 7F                     269 	.db #0x7f	; 127
    000000E2 80                     270 	.db #0x80	; 128
    000000E3 7F                     271 	.db #0x7f	; 127
    000000E4 80                     272 	.db #0x80	; 128
    000000E5 7F                     273 	.db #0x7f	; 127
    000000E6 80                     274 	.db #0x80	; 128
    000000E7 7F                     275 	.db #0x7f	; 127
    000000E8 80                     276 	.db #0x80	; 128
    000000E9 7F                     277 	.db #0x7f	; 127
    000000EA 80                     278 	.db #0x80	; 128
    000000EB 7F                     279 	.db #0x7f	; 127
    000000EC 80                     280 	.db #0x80	; 128
    000000ED 7F                     281 	.db #0x7f	; 127
    000000EE 80                     282 	.db #0x80	; 128
    000000EF 7F                     283 	.db #0x7f	; 127
    000000F0 01                     284 	.db #0x01	; 1
    000000F1 FF                     285 	.db #0xff	; 255
    000000F2 01                     286 	.db #0x01	; 1
    000000F3 FF                     287 	.db #0xff	; 255
    000000F4 03                     288 	.db #0x03	; 3
    000000F5 FD                     289 	.db #0xfd	; 253
    000000F6 07                     290 	.db #0x07	; 7
    000000F7 F9                     291 	.db #0xf9	; 249
    000000F8 0F                     292 	.db #0x0f	; 15
    000000F9 F1                     293 	.db #0xf1	; 241
    000000FA 1F                     294 	.db #0x1f	; 31
    000000FB E1                     295 	.db #0xe1	; 225
    000000FC 3F                     296 	.db #0x3f	; 63
    000000FD C1                     297 	.db #0xc1	; 193
    000000FE 7F                     298 	.db #0x7f	; 127
    000000FF 81                     299 	.db #0x81	; 129
    00000100 FF                     300 	.db #0xff	; 255
    00000101 01                     301 	.db #0x01	; 1
    00000102 FF                     302 	.db #0xff	; 255
    00000103 01                     303 	.db #0x01	; 1
    00000104 FF                     304 	.db #0xff	; 255
    00000105 01                     305 	.db #0x01	; 1
    00000106 FF                     306 	.db #0xff	; 255
    00000107 01                     307 	.db #0x01	; 1
    00000108 FF                     308 	.db #0xff	; 255
    00000109 01                     309 	.db #0x01	; 1
    0000010A FF                     310 	.db #0xff	; 255
    0000010B 01                     311 	.db #0x01	; 1
    0000010C FF                     312 	.db #0xff	; 255
    0000010D 01                     313 	.db #0x01	; 1
    0000010E FF                     314 	.db #0xff	; 255
    0000010F 01                     315 	.db #0x01	; 1
    00000110 01                     316 	.db #0x01	; 1
    00000111 FF                     317 	.db #0xff	; 255
    00000112 01                     318 	.db #0x01	; 1
    00000113 FE                     319 	.db #0xfe	; 254
    00000114 03                     320 	.db #0x03	; 3
    00000115 FC                     321 	.db #0xfc	; 252
    00000116 77                     322 	.db #0x77	; 119	'w'
    00000117 F8                     323 	.db #0xf8	; 248
    00000118 FF                     324 	.db #0xff	; 255
    00000119 98                     325 	.db #0x98	; 152
    0000011A EF                     326 	.db #0xef	; 239
    0000011B B8                     327 	.db #0xb8	; 184
    0000011C CF                     328 	.db #0xcf	; 207
    0000011D F8                     329 	.db #0xf8	; 248
    0000011E 7F                     330 	.db #0x7f	; 127
    0000011F F0                     331 	.db #0xf0	; 240
    00000120 FF                     332 	.db #0xff	; 255
    00000121 00                     333 	.db #0x00	; 0
    00000122 FF                     334 	.db #0xff	; 255
    00000123 00                     335 	.db #0x00	; 0
    00000124 FF                     336 	.db #0xff	; 255
    00000125 00                     337 	.db #0x00	; 0
    00000126 FF                     338 	.db #0xff	; 255
    00000127 0E                     339 	.db #0x0e	; 14
    00000128 FF                     340 	.db #0xff	; 255
    00000129 13                     341 	.db #0x13	; 19
    0000012A FD                     342 	.db #0xfd	; 253
    0000012B 17                     343 	.db #0x17	; 23
    0000012C F9                     344 	.db #0xf9	; 249
    0000012D 1F                     345 	.db #0x1f	; 31
    0000012E FF                     346 	.db #0xff	; 255
    0000012F 0E                     347 	.db #0x0e	; 14
    00000130 80                     348 	.db #0x80	; 128
    00000131 7F                     349 	.db #0x7f	; 127
    00000132 81                     350 	.db #0x81	; 129
    00000133 7E                     351 	.db #0x7e	; 126
    00000134 83                     352 	.db #0x83	; 131
    00000135 7C                     353 	.db #0x7c	; 124
    00000136 87                     354 	.db #0x87	; 135
    00000137 78                     355 	.db #0x78	; 120	'x'
    00000138 8F                     356 	.db #0x8f	; 143
    00000139 70                     357 	.db #0x70	; 112	'p'
    0000013A 9F                     358 	.db #0x9f	; 159
    0000013B 60                     359 	.db #0x60	; 96
    0000013C BF                     360 	.db #0xbf	; 191
    0000013D 40                     361 	.db #0x40	; 64
    0000013E FF                     362 	.db #0xff	; 255
    0000013F 7F                     363 	.db #0x7f	; 127
    00000140 01                     364 	.db #0x01	; 1
    00000141 FF                     365 	.db #0xff	; 255
    00000142 01                     366 	.db #0x01	; 1
    00000143 FF                     367 	.db #0xff	; 255
    00000144 01                     368 	.db #0x01	; 1
    00000145 FF                     369 	.db #0xff	; 255
    00000146 01                     370 	.db #0x01	; 1
    00000147 FF                     371 	.db #0xff	; 255
    00000148 01                     372 	.db #0x01	; 1
    00000149 FF                     373 	.db #0xff	; 255
    0000014A 01                     374 	.db #0x01	; 1
    0000014B FF                     375 	.db #0xff	; 255
    0000014C 01                     376 	.db #0x01	; 1
    0000014D FF                     377 	.db #0xff	; 255
    0000014E FF                     378 	.db #0xff	; 255
    0000014F FF                     379 	.db #0xff	; 255
    00000150 FF                     380 	.db #0xff	; 255
    00000151 00                     381 	.db #0x00	; 0
    00000152 00                     382 	.db #0x00	; 0
    00000153 FF                     383 	.db #0xff	; 255
    00000154 00                     384 	.db #0x00	; 0
    00000155 FF                     385 	.db #0xff	; 255
    00000156 00                     386 	.db #0x00	; 0
    00000157 FF                     387 	.db #0xff	; 255
    00000158 00                     388 	.db #0x00	; 0
    00000159 FF                     389 	.db #0xff	; 255
    0000015A FF                     390 	.db #0xff	; 255
    0000015B FF                     391 	.db #0xff	; 255
    0000015C FF                     392 	.db #0xff	; 255
    0000015D 00                     393 	.db #0x00	; 0
    0000015E 00                     394 	.db #0x00	; 0
    0000015F FF                     395 	.db #0xff	; 255
    00000160 00                     396 	.db #0x00	; 0
    00000161 FF                     397 	.db #0xff	; 255
    00000162 00                     398 	.db #0x00	; 0
    00000163 FF                     399 	.db #0xff	; 255
    00000164 00                     400 	.db #0x00	; 0
    00000165 FF                     401 	.db #0xff	; 255
    00000166 FF                     402 	.db #0xff	; 255
    00000167 FF                     403 	.db #0xff	; 255
    00000168 FF                     404 	.db #0xff	; 255
    00000169 00                     405 	.db #0x00	; 0
    0000016A 00                     406 	.db #0x00	; 0
    0000016B FF                     407 	.db #0xff	; 255
    0000016C 00                     408 	.db #0x00	; 0
    0000016D FF                     409 	.db #0xff	; 255
    0000016E 00                     410 	.db #0x00	; 0
    0000016F FF                     411 	.db #0xff	; 255
    00000170 00                     412 	.db #0x00	; 0
    00000171 FF                     413 	.db #0xff	; 255
    00000172 FF                     414 	.db #0xff	; 255
    00000173 FF                     415 	.db #0xff	; 255
    00000174 FF                     416 	.db #0xff	; 255
    00000175 00                     417 	.db #0x00	; 0
    00000176 00                     418 	.db #0x00	; 0
    00000177 FF                     419 	.db #0xff	; 255
    00000178 00                     420 	.db #0x00	; 0
    00000179 FF                     421 	.db #0xff	; 255
    0000017A 00                     422 	.db #0x00	; 0
    0000017B FF                     423 	.db #0xff	; 255
    0000017C 00                     424 	.db #0x00	; 0
    0000017D FF                     425 	.db #0xff	; 255
    0000017E FF                     426 	.db #0xff	; 255
    0000017F FF                     427 	.db #0xff	; 255
    00000180 00                     428 	.db #0x00	; 0
    00000181 FF                     429 	.db #0xff	; 255
    00000182 00                     430 	.db #0x00	; 0
    00000183 FF                     431 	.db #0xff	; 255
    00000184 00                     432 	.db #0x00	; 0
    00000185 FF                     433 	.db #0xff	; 255
    00000186 FF                     434 	.db #0xff	; 255
    00000187 FF                     435 	.db #0xff	; 255
    00000188 FF                     436 	.db #0xff	; 255
    00000189 00                     437 	.db #0x00	; 0
    0000018A 00                     438 	.db #0x00	; 0
    0000018B FF                     439 	.db #0xff	; 255
    0000018C 00                     440 	.db #0x00	; 0
    0000018D FF                     441 	.db #0xff	; 255
    0000018E 00                     442 	.db #0x00	; 0
    0000018F FF                     443 	.db #0xff	; 255
    00000190 00                     444 	.db #0x00	; 0
    00000191 FF                     445 	.db #0xff	; 255
    00000192 FF                     446 	.db #0xff	; 255
    00000193 FF                     447 	.db #0xff	; 255
    00000194 FF                     448 	.db #0xff	; 255
    00000195 00                     449 	.db #0x00	; 0
    00000196 00                     450 	.db #0x00	; 0
    00000197 FF                     451 	.db #0xff	; 255
    00000198 00                     452 	.db #0x00	; 0
    00000199 FF                     453 	.db #0xff	; 255
    0000019A 00                     454 	.db #0x00	; 0
    0000019B FF                     455 	.db #0xff	; 255
    0000019C 00                     456 	.db #0x00	; 0
    0000019D FF                     457 	.db #0xff	; 255
    0000019E FF                     458 	.db #0xff	; 255
    0000019F FF                     459 	.db #0xff	; 255
    000001A0 FF                     460 	.db #0xff	; 255
    000001A1 00                     461 	.db #0x00	; 0
    000001A2 00                     462 	.db #0x00	; 0
    000001A3 FF                     463 	.db #0xff	; 255
    000001A4 00                     464 	.db #0x00	; 0
    000001A5 FF                     465 	.db #0xff	; 255
    000001A6 00                     466 	.db #0x00	; 0
    000001A7 FF                     467 	.db #0xff	; 255
    000001A8 00                     468 	.db #0x00	; 0
    000001A9 FF                     469 	.db #0xff	; 255
    000001AA FF                     470 	.db #0xff	; 255
    000001AB FF                     471 	.db #0xff	; 255
    000001AC FF                     472 	.db #0xff	; 255
    000001AD 00                     473 	.db #0x00	; 0
    000001AE 00                     474 	.db #0x00	; 0
    000001AF FF                     475 	.db #0xff	; 255
    000001B0 FF                     476 	.db #0xff	; 255
    000001B1 00                     477 	.db #0x00	; 0
    000001B2 00                     478 	.db #0x00	; 0
    000001B3 FF                     479 	.db #0xff	; 255
    000001B4 00                     480 	.db #0x00	; 0
    000001B5 FF                     481 	.db #0xff	; 255
    000001B6 00                     482 	.db #0x00	; 0
    000001B7 FF                     483 	.db #0xff	; 255
    000001B8 00                     484 	.db #0x00	; 0
    000001B9 FF                     485 	.db #0xff	; 255
    000001BA FF                     486 	.db #0xff	; 255
    000001BB FF                     487 	.db #0xff	; 255
    000001BC FF                     488 	.db #0xff	; 255
    000001BD FF                     489 	.db #0xff	; 255
    000001BE FF                     490 	.db #0xff	; 255
    000001BF FF                     491 	.db #0xff	; 255
    000001C0 00                     492 	.db #0x00	; 0
    000001C1 FF                     493 	.db #0xff	; 255
    000001C2 FF                     494 	.db #0xff	; 255
    000001C3 FF                     495 	.db #0xff	; 255
    000001C4 FF                     496 	.db #0xff	; 255
    000001C5 00                     497 	.db #0x00	; 0
    000001C6 00                     498 	.db #0x00	; 0
    000001C7 FF                     499 	.db #0xff	; 255
    000001C8 00                     500 	.db #0x00	; 0
    000001C9 FF                     501 	.db #0xff	; 255
    000001CA 00                     502 	.db #0x00	; 0
    000001CB FF                     503 	.db #0xff	; 255
    000001CC 00                     504 	.db #0x00	; 0
    000001CD FF                     505 	.db #0xff	; 255
    000001CE FF                     506 	.db #0xff	; 255
    000001CF FF                     507 	.db #0xff	; 255
    000001D0 FF                     508 	.db #0xff	; 255
    000001D1 00                     509 	.db #0x00	; 0
    000001D2 00                     510 	.db #0x00	; 0
    000001D3 FF                     511 	.db #0xff	; 255
    000001D4 00                     512 	.db #0x00	; 0
    000001D5 FF                     513 	.db #0xff	; 255
    000001D6 00                     514 	.db #0x00	; 0
    000001D7 FF                     515 	.db #0xff	; 255
    000001D8 00                     516 	.db #0x00	; 0
    000001D9 FF                     517 	.db #0xff	; 255
    000001DA FF                     518 	.db #0xff	; 255
    000001DB FF                     519 	.db #0xff	; 255
    000001DC FF                     520 	.db #0xff	; 255
    000001DD 00                     521 	.db #0x00	; 0
    000001DE 00                     522 	.db #0x00	; 0
    000001DF FF                     523 	.db #0xff	; 255
    000001E0 00                     524 	.db #0x00	; 0
    000001E1 FF                     525 	.db #0xff	; 255
    000001E2 00                     526 	.db #0x00	; 0
    000001E3 FF                     527 	.db #0xff	; 255
    000001E4 00                     528 	.db #0x00	; 0
    000001E5 FF                     529 	.db #0xff	; 255
    000001E6 FF                     530 	.db #0xff	; 255
    000001E7 FF                     531 	.db #0xff	; 255
    000001E8 FF                     532 	.db #0xff	; 255
    000001E9 00                     533 	.db #0x00	; 0
    000001EA 00                     534 	.db #0x00	; 0
    000001EB FF                     535 	.db #0xff	; 255
    000001EC 00                     536 	.db #0x00	; 0
    000001ED FF                     537 	.db #0xff	; 255
    000001EE 00                     538 	.db #0x00	; 0
    000001EF FF                     539 	.db #0xff	; 255
    000001F0 00                     540 	.db #0x00	; 0
    000001F1 FF                     541 	.db #0xff	; 255
    000001F2 00                     542 	.db #0x00	; 0
    000001F3 FF                     543 	.db #0xff	; 255
    000001F4 00                     544 	.db #0x00	; 0
    000001F5 FF                     545 	.db #0xff	; 255
    000001F6 FF                     546 	.db #0xff	; 255
    000001F7 FF                     547 	.db #0xff	; 255
    000001F8 FF                     548 	.db #0xff	; 255
    000001F9 FF                     549 	.db #0xff	; 255
    000001FA FF                     550 	.db #0xff	; 255
    000001FB FF                     551 	.db #0xff	; 255
    000001FC FF                     552 	.db #0xff	; 255
    000001FD FF                     553 	.db #0xff	; 255
    000001FE FF                     554 	.db #0xff	; 255
    000001FF FF                     555 	.db #0xff	; 255
    00000200 00                     556 	.db #0x00	; 0
    00000201 FF                     557 	.db #0xff	; 255
    00000202 FF                     558 	.db #0xff	; 255
    00000203 FF                     559 	.db #0xff	; 255
    00000204 FF                     560 	.db #0xff	; 255
    00000205 FF                     561 	.db #0xff	; 255
    00000206 FF                     562 	.db #0xff	; 255
    00000207 FF                     563 	.db #0xff	; 255
    00000208 FF                     564 	.db #0xff	; 255
    00000209 FF                     565 	.db #0xff	; 255
    0000020A FF                     566 	.db #0xff	; 255
    0000020B FF                     567 	.db #0xff	; 255
    0000020C FF                     568 	.db #0xff	; 255
    0000020D FF                     569 	.db #0xff	; 255
    0000020E FF                     570 	.db #0xff	; 255
    0000020F FF                     571 	.db #0xff	; 255
                                    572 	.area _INITIALIZER
                                    573 	.area _CABS (ABS)
