                                      1 ;--------------------------------------------------------
                                      2 ; File Created by SDCC : free open source ISO C Compiler
                                      3 ; Version 4.5.1 #15267 (Linux)
                                      4 ;--------------------------------------------------------
                                      5 	.module smiley
                                      6 	
                                      7 ;--------------------------------------------------------
                                      8 ; Public variables in this module
                                      9 ;--------------------------------------------------------
                                     10 	.globl _smiley
                                     11 ;--------------------------------------------------------
                                     12 ; special function registers
                                     13 ;--------------------------------------------------------
                                     14 ;--------------------------------------------------------
                                     15 ; ram data
                                     16 ;--------------------------------------------------------
                                     17 	.area _DATA
                                     18 ;--------------------------------------------------------
                                     19 ; ram data
                                     20 ;--------------------------------------------------------
                                     21 	.area _INITIALIZED
                                     22 ;--------------------------------------------------------
                                     23 ; absolute external ram data
                                     24 ;--------------------------------------------------------
                                     25 	.area _DABS (ABS)
                                     26 ;--------------------------------------------------------
                                     27 ; global & static initialisations
                                     28 ;--------------------------------------------------------
                                     29 	.area _HOME
                                     30 	.area _GSINIT
                                     31 	.area _GSFINAL
                                     32 	.area _GSINIT
                                     33 ;--------------------------------------------------------
                                     34 ; Home
                                     35 ;--------------------------------------------------------
                                     36 	.area _HOME
                                     37 	.area _HOME
                                     38 ;--------------------------------------------------------
                                     39 ; code
                                     40 ;--------------------------------------------------------
                                     41 	.area _CODE
                                     42 	.area _CODE
    00000000                         43 _smiley:
    00000000 3C                      44 	.db #0x3c	; 60
    00000001 3C                      45 	.db #0x3c	; 60
    00000002 42                      46 	.db #0x42	; 66	'B'
    00000003 7E                      47 	.db #0x7e	; 126
    00000004 F5                      48 	.db #0xf5	; 245
    00000005 9F                      49 	.db #0x9f	; 159
    00000006 D5                      50 	.db #0xd5	; 213
    00000007 BF                      51 	.db #0xbf	; 191
    00000008 81                      52 	.db #0x81	; 129
    00000009 FF                      53 	.db #0xff	; 255
    0000000A 9D                      54 	.db #0x9d	; 157
    0000000B FF                      55 	.db #0xff	; 255
    0000000C 42                      56 	.db #0x42	; 66	'B'
    0000000D 7E                      57 	.db #0x7e	; 126
    0000000E 3C                      58 	.db #0x3c	; 60
    0000000F 3C                      59 	.db #0x3c	; 60
                                     60 	.area _INITIALIZER
                                     61 	.area _CABS (ABS)
