                                      1 ;--------------------------------------------------------
                                      2 ; File Created by SDCC : free open source ISO C Compiler
                                      3 ; Version 4.5.1 #15267 (Linux)
                                      4 ;--------------------------------------------------------
                                      5 	.module std_data
                                      6 	
                                      7 ;--------------------------------------------------------
                                      8 ; Public variables in this module
                                      9 ;--------------------------------------------------------
                                     10 	.globl _std_data
                                     11 ;--------------------------------------------------------
                                     12 ; special function registers
                                     13 ;--------------------------------------------------------
                                     14 ;--------------------------------------------------------
                                     15 ; ram data
                                     16 ;--------------------------------------------------------
                                     17 	.area _DATA
                                     18 ;--------------------------------------------------------
                                     19 ; ram data
                                     20 ;--------------------------------------------------------
                                     21 	.area _INITIALIZED
                                     22 ;--------------------------------------------------------
                                     23 ; absolute external ram data
                                     24 ;--------------------------------------------------------
                                     25 	.area _DABS (ABS)
                                     26 ;--------------------------------------------------------
                                     27 ; global & static initialisations
                                     28 ;--------------------------------------------------------
                                     29 	.area _HOME
                                     30 	.area _GSINIT
                                     31 	.area _GSFINAL
                                     32 	.area _GSINIT
                                     33 ;--------------------------------------------------------
                                     34 ; Home
                                     35 ;--------------------------------------------------------
                                     36 	.area _HOME
                                     37 	.area _HOME
                                     38 ;--------------------------------------------------------
                                     39 ; code
                                     40 ;--------------------------------------------------------
                                     41 	.area _CODE
                                     42 	.area _CODE
    00000000                         43 _std_data:
    00000000 FF                      44 	.db #0xff	; 255
    00000001 FF                      45 	.db #0xff	; 255
    00000002 FF                      46 	.db #0xff	; 255
    00000003 FF                      47 	.db #0xff	; 255
    00000004 FF                      48 	.db #0xff	; 255
    00000005 FF                      49 	.db #0xff	; 255
    00000006 FF                      50 	.db #0xff	; 255
    00000007 FF                      51 	.db #0xff	; 255
    00000008 FF                      52 	.db #0xff	; 255
    00000009 FF                      53 	.db #0xff	; 255
    0000000A FF                      54 	.db #0xff	; 255
    0000000B FF                      55 	.db #0xff	; 255
    0000000C FF                      56 	.db #0xff	; 255
    0000000D FF                      57 	.db #0xff	; 255
    0000000E FF                      58 	.db #0xff	; 255
    0000000F FF                      59 	.db #0xff	; 255
    00000010 FF                      60 	.db #0xff	; 255
    00000011 00                      61 	.db #0x00	; 0
    00000012 FF                      62 	.db #0xff	; 255
    00000013 00                      63 	.db #0x00	; 0
    00000014 FF                      64 	.db #0xff	; 255
    00000015 00                      65 	.db #0x00	; 0
    00000016 FF                      66 	.db #0xff	; 255
    00000017 00                      67 	.db #0x00	; 0
    00000018 FF                      68 	.db #0xff	; 255
    00000019 00                      69 	.db #0x00	; 0
    0000001A FF                      70 	.db #0xff	; 255
    0000001B 00                      71 	.db #0x00	; 0
    0000001C FF                      72 	.db #0xff	; 255
    0000001D 00                      73 	.db #0x00	; 0
    0000001E FF                      74 	.db #0xff	; 255
    0000001F 00                      75 	.db #0x00	; 0
    00000020 00                      76 	.db #0x00	; 0
    00000021 FF                      77 	.db #0xff	; 255
    00000022 00                      78 	.db #0x00	; 0
    00000023 FF                      79 	.db #0xff	; 255
    00000024 00                      80 	.db #0x00	; 0
    00000025 FF                      81 	.db #0xff	; 255
    00000026 00                      82 	.db #0x00	; 0
    00000027 FF                      83 	.db #0xff	; 255
    00000028 00                      84 	.db #0x00	; 0
    00000029 FF                      85 	.db #0xff	; 255
    0000002A 00                      86 	.db #0x00	; 0
    0000002B FF                      87 	.db #0xff	; 255
    0000002C 00                      88 	.db #0x00	; 0
    0000002D FF                      89 	.db #0xff	; 255
    0000002E 00                      90 	.db #0x00	; 0
    0000002F FF                      91 	.db #0xff	; 255
    00000030 00                      92 	.db #0x00	; 0
    00000031 00                      93 	.db #0x00	; 0
    00000032 00                      94 	.db #0x00	; 0
    00000033 00                      95 	.db #0x00	; 0
    00000034 00                      96 	.db #0x00	; 0
    00000035 00                      97 	.db #0x00	; 0
    00000036 00                      98 	.db #0x00	; 0
    00000037 00                      99 	.db #0x00	; 0
    00000038 00                     100 	.db #0x00	; 0
    00000039 00                     101 	.db #0x00	; 0
    0000003A 00                     102 	.db #0x00	; 0
    0000003B 00                     103 	.db #0x00	; 0
    0000003C 00                     104 	.db #0x00	; 0
    0000003D 00                     105 	.db #0x00	; 0
    0000003E 00                     106 	.db #0x00	; 0
    0000003F 00                     107 	.db #0x00	; 0
                                    108 	.area _INITIALIZER
                                    109 	.area _CABS (ABS)
