                                      1 ;--------------------------------------------------------
                                      2 ; File Created by SDCC : free open source ISO C Compiler
                                      3 ; Version 4.5.1 #15267 (Linux)
                                      4 ;--------------------------------------------------------
                                      5 	.module render_sprite_system
                                      6 	
                                      7 ;--------------------------------------------------------
                                      8 ; Public variables in this module
                                      9 ;--------------------------------------------------------
                                     10 	.globl _getEntityById
                                     11 	.globl _EntityHasComponent
                                     12 	.globl _set_sprite_data
                                     13 	.globl _camera
                                     14 	.globl _RenderSprites
                                     15 ;--------------------------------------------------------
                                     16 ; special function registers
                                     17 ;--------------------------------------------------------
                                     18 ;--------------------------------------------------------
                                     19 ; ram data
                                     20 ;--------------------------------------------------------
                                     21 	.area _DATA
                                     22 ;--------------------------------------------------------
                                     23 ; ram data
                                     24 ;--------------------------------------------------------
                                     25 	.area _INITIALIZED
    00000000                         26 _camera::
    00000000                         27 	.ds 2
                                     28 ;--------------------------------------------------------
                                     29 ; absolute external ram data
                                     30 ;--------------------------------------------------------
                                     31 	.area _DABS (ABS)
                                     32 ;--------------------------------------------------------
                                     33 ; global & static initialisations
                                     34 ;--------------------------------------------------------
                                     35 	.area _HOME
                                     36 	.area _GSINIT
                                     37 	.area _GSFINAL
                                     38 	.area _GSINIT
                                     39 ;--------------------------------------------------------
                                     40 ; Home
                                     41 ;--------------------------------------------------------
                                     42 	.area _HOME
                                     43 	.area _HOME
                                     44 ;--------------------------------------------------------
                                     45 ; code
                                     46 ;--------------------------------------------------------
                                     47 	.area _CODE
                                     48 ;Source/Engine/Systems/../Components/../Libraries/vec2.h:32: static inline void vec2_set(vec2 *v, int x, int y) {
                                     49 ;	---------------------------------
                                     50 ; Function vec2_set
                                     51 ; ---------------------------------
    00000000                         52 _vec2_set:
    00000000 69               [ 4]   53 	ld	l, c
    00000001 60               [ 4]   54 	ld	h, b
                                     55 ;Source/Engine/Systems/../Components/../Libraries/vec2.h:33: v->x = F12(x);
    00000002 4B               [ 4]   56 	ld	c, e
    00000003 42               [ 4]   57 	ld	b, d
    00000004 29               [ 8]   58 	add	hl, hl
    00000005 29               [ 8]   59 	add	hl, hl
    00000006 29               [ 8]   60 	add	hl, hl
    00000007 29               [ 8]   61 	add	hl, hl
    00000008 7D               [ 4]   62 	ld	a, l
    00000009 02               [ 8]   63 	ld	(bc), a
    0000000A 03               [ 8]   64 	inc	bc
    0000000B 7C               [ 4]   65 	ld	a, h
    0000000C 02               [ 8]   66 	ld	(bc), a
                                     67 ;Source/Engine/Systems/../Components/../Libraries/vec2.h:34: v->y = F12(y);
    0000000D 13               [ 8]   68 	inc	de
    0000000E 13               [ 8]   69 	inc	de
    0000000F F8 02            [12]   70 	ldhl	sp,	#2
    00000011 2A               [ 8]   71 	ld	a, (hl+)
    00000012 46               [ 8]   72 	ld	b, (hl)
    00000013 87               [ 4]   73 	add	a, a
    00000014 CB 10            [ 8]   74 	rl	b
    00000016 87               [ 4]   75 	add	a, a
    00000017 CB 10            [ 8]   76 	rl	b
    00000019 87               [ 4]   77 	add	a, a
    0000001A CB 10            [ 8]   78 	rl	b
    0000001C 87               [ 4]   79 	add	a, a
    0000001D CB 10            [ 8]   80 	rl	b
    0000001F 4F               [ 4]   81 	ld	c, a
    00000020 12               [ 8]   82 	ld	(de), a
    00000021 13               [ 8]   83 	inc	de
    00000022 78               [ 4]   84 	ld	a, b
    00000023 12               [ 8]   85 	ld	(de), a
                                     86 ;Source/Engine/Systems/../Components/../Libraries/vec2.h:35: }
    00000024 E1               [12]   87 	pop	hl
    00000025 F1               [12]   88 	pop	af
    00000026 E9               [ 4]   89 	jp	(hl)
                                     90 ;Source/Engine/Systems/../Components/../Libraries/vec2.h:38: static inline void vec2_add(vec2 *a, const vec2 *b) {
                                     91 ;	---------------------------------
                                     92 ; Function vec2_add
                                     93 ; ---------------------------------
    00000027                         94 _vec2_add:
    00000027 E8 F8            [16]   95 	add	sp, #-8
    00000029 F8 06            [12]   96 	ldhl	sp,	#6
    0000002B 7B               [ 4]   97 	ld	a, e
    0000002C 22               [ 8]   98 	ld	(hl+), a
    0000002D 72               [ 8]   99 	ld	(hl), d
    0000002E F8 04            [12]  100 	ldhl	sp,	#4
    00000030 79               [ 4]  101 	ld	a, c
    00000031 22               [ 8]  102 	ld	(hl+), a
                                    103 ;Source/Engine/Systems/../Components/../Libraries/vec2.h:39: a->x += b->x;
    00000032 78               [ 4]  104 	ld	a, b
    00000033 22               [ 8]  105 	ld	(hl+), a
    00000034 7E               [ 8]  106 	ld	a, (hl)
    00000035 F8 02            [12]  107 	ldhl	sp,	#2
    00000037 77               [ 8]  108 	ld	(hl), a
    00000038 F8 07            [12]  109 	ldhl	sp,	#7
    0000003A 7E               [ 8]  110 	ld	a, (hl)
    0000003B F8 03            [12]  111 	ldhl	sp,	#3
    0000003D 32               [ 8]  112 	ld	(hl-), a
    0000003E 2A               [ 8]  113 	ld	a, (hl+)
    0000003F 5F               [ 4]  114 	ld	e, a
    00000040 2A               [ 8]  115 	ld	a, (hl+)
    00000041 57               [ 4]  116 	ld	d, a
    00000042 1A               [ 8]  117 	ld	a, (de)
    00000043 4F               [ 4]  118 	ld	c, a
    00000044 13               [ 8]  119 	inc	de
    00000045 1A               [ 8]  120 	ld	a, (de)
    00000046 47               [ 4]  121 	ld	b, a
    00000047 2A               [ 8]  122 	ld	a, (hl+)
    00000048 5F               [ 4]  123 	ld	e, a
    00000049 56               [ 8]  124 	ld	d, (hl)
    0000004A 1A               [ 8]  125 	ld	a, (de)
    0000004B 6F               [ 4]  126 	ld	l, a
    0000004C 13               [ 8]  127 	inc	de
    0000004D 1A               [ 8]  128 	ld	a, (de)
    0000004E 67               [ 4]  129 	ld	h, a
    0000004F 09               [ 8]  130 	add	hl, bc
    00000050 4D               [ 4]  131 	ld	c, l
    00000051 44               [ 4]  132 	ld	b, h
    00000052 F8 02            [12]  133 	ldhl	sp,	#2
    00000054 2A               [ 8]  134 	ld	a, (hl+)
    00000055 66               [ 8]  135 	ld	h, (hl)
    00000056 6F               [ 4]  136 	ld	l, a
    00000057 79               [ 4]  137 	ld	a, c
    00000058 22               [ 8]  138 	ld	(hl+), a
    00000059 70               [ 8]  139 	ld	(hl), b
                                    140 ;Source/Engine/Systems/../Components/../Libraries/vec2.h:40: a->y += b->y;
    0000005A F8 06            [12]  141 	ldhl	sp,	#6
    0000005C 2A               [ 8]  142 	ld	a, (hl+)
    0000005D 4F               [ 4]  143 	ld	c, a
    0000005E 46               [ 8]  144 	ld	b, (hl)
    0000005F 03               [ 8]  145 	inc	bc
    00000060 03               [ 8]  146 	inc	bc
    00000061 59               [ 4]  147 	ld	e, c
    00000062 50               [ 4]  148 	ld	d, b
    00000063 1A               [ 8]  149 	ld	a, (de)
    00000064 F8 00            [12]  150 	ldhl	sp,	#0
    00000066 22               [ 8]  151 	ld	(hl+), a
    00000067 13               [ 8]  152 	inc	de
    00000068 1A               [ 8]  153 	ld	a, (de)
    00000069 77               [ 8]  154 	ld	(hl), a
    0000006A F8 04            [12]  155 	ldhl	sp,	#4
    0000006C 2A               [ 8]  156 	ld	a, (hl+)
    0000006D 66               [ 8]  157 	ld	h, (hl)
    0000006E 6F               [ 4]  158 	ld	l, a
    0000006F 23               [ 8]  159 	inc	hl
    00000070 23               [ 8]  160 	inc	hl
    00000071 5D               [ 4]  161 	ld	e, l
    00000072 54               [ 4]  162 	ld	d, h
    00000073 1A               [ 8]  163 	ld	a, (de)
    00000074 F8 02            [12]  164 	ldhl	sp,	#2
    00000076 22               [ 8]  165 	ld	(hl+), a
    00000077 13               [ 8]  166 	inc	de
    00000078 1A               [ 8]  167 	ld	a, (de)
    00000079 77               [ 8]  168 	ld	(hl), a
    0000007A F8 02            [12]  169 	ldhl	sp,#2
    0000007C 2A               [ 8]  170 	ld	a, (hl+)
    0000007D 5F               [ 4]  171 	ld	e, a
    0000007E 56               [ 8]  172 	ld	d, (hl)
    0000007F E1               [12]  173 	pop	hl
    00000080 E5               [16]  174 	push	hl
    00000081 19               [ 8]  175 	add	hl, de
    00000082 5D               [ 4]  176 	ld	e, l
    00000083 54               [ 4]  177 	ld	d, h
    00000084 7B               [ 4]  178 	ld	a, e
    00000085 02               [ 8]  179 	ld	(bc), a
    00000086 03               [ 8]  180 	inc	bc
    00000087 7A               [ 4]  181 	ld	a, d
    00000088 02               [ 8]  182 	ld	(bc), a
                                    183 ;Source/Engine/Systems/../Components/../Libraries/vec2.h:41: }
    00000089 E8 08            [16]  184 	add	sp, #8
    0000008B C9               [16]  185 	ret
                                    186 ;Source/Engine/Systems/../Components/../Libraries/vec2.h:44: static inline void vec2_sub(vec2 *a, const vec2 *b) {
                                    187 ;	---------------------------------
                                    188 ; Function vec2_sub
                                    189 ; ---------------------------------
    0000008C                        190 _vec2_sub:
    0000008C E8 FA            [16]  191 	add	sp, #-6
    0000008E F8 04            [12]  192 	ldhl	sp,	#4
    00000090 7B               [ 4]  193 	ld	a, e
    00000091 22               [ 8]  194 	ld	(hl+), a
    00000092 72               [ 8]  195 	ld	(hl), d
    00000093 F8 02            [12]  196 	ldhl	sp,	#2
    00000095 79               [ 4]  197 	ld	a, c
    00000096 22               [ 8]  198 	ld	(hl+), a
                                    199 ;Source/Engine/Systems/../Components/../Libraries/vec2.h:45: a->x -= b->x;
    00000097 78               [ 4]  200 	ld	a, b
    00000098 22               [ 8]  201 	ld	(hl+), a
    00000099 7E               [ 8]  202 	ld	a, (hl)
    0000009A F8 00            [12]  203 	ldhl	sp,	#0
    0000009C 77               [ 8]  204 	ld	(hl), a
    0000009D F8 05            [12]  205 	ldhl	sp,	#5
    0000009F 7E               [ 8]  206 	ld	a, (hl)
    000000A0 F8 01            [12]  207 	ldhl	sp,	#1
    000000A2 22               [ 8]  208 	ld	(hl+), a
    000000A3 D1               [12]  209 	pop	de
    000000A4 D5               [16]  210 	push	de
    000000A5 1A               [ 8]  211 	ld	a, (de)
    000000A6 4F               [ 4]  212 	ld	c, a
    000000A7 13               [ 8]  213 	inc	de
    000000A8 1A               [ 8]  214 	ld	a, (de)
    000000A9 47               [ 4]  215 	ld	b, a
    000000AA 2A               [ 8]  216 	ld	a, (hl+)
    000000AB 5F               [ 4]  217 	ld	e, a
    000000AC 56               [ 8]  218 	ld	d, (hl)
    000000AD 1A               [ 8]  219 	ld	a, (de)
    000000AE 6F               [ 4]  220 	ld	l, a
    000000AF 13               [ 8]  221 	inc	de
    000000B0 1A               [ 8]  222 	ld	a, (de)
    000000B1 67               [ 4]  223 	ld	h, a
    000000B2 79               [ 4]  224 	ld	a, c
    000000B3 95               [ 4]  225 	sub	a, l
    000000B4 4F               [ 4]  226 	ld	c, a
    000000B5 78               [ 4]  227 	ld	a, b
    000000B6 9C               [ 4]  228 	sbc	a, h
    000000B7 47               [ 4]  229 	ld	b, a
    000000B8 E1               [12]  230 	pop	hl
    000000B9 E5               [16]  231 	push	hl
    000000BA 79               [ 4]  232 	ld	a, c
    000000BB 22               [ 8]  233 	ld	(hl+), a
    000000BC 70               [ 8]  234 	ld	(hl), b
                                    235 ;Source/Engine/Systems/../Components/../Libraries/vec2.h:46: a->y -= b->y;
    000000BD F8 04            [12]  236 	ldhl	sp,#4
    000000BF 2A               [ 8]  237 	ld	a, (hl+)
    000000C0 5F               [ 4]  238 	ld	e, a
    000000C1 56               [ 8]  239 	ld	d, (hl)
    000000C2 21 02 00         [12]  240 	ld	hl, #0x0002
    000000C5 19               [ 8]  241 	add	hl, de
    000000C6 33               [ 8]  242 	inc	sp
    000000C7 33               [ 8]  243 	inc	sp
    000000C8 5D               [ 4]  244 	ld	e, l
    000000C9 54               [ 4]  245 	ld	d, h
    000000CA D5               [16]  246 	push	de
    000000CB 1A               [ 8]  247 	ld	a, (de)
    000000CC 4F               [ 4]  248 	ld	c, a
    000000CD 13               [ 8]  249 	inc	de
    000000CE 1A               [ 8]  250 	ld	a, (de)
    000000CF 47               [ 4]  251 	ld	b, a
    000000D0 F8 02            [12]  252 	ldhl	sp,	#2
    000000D2 2A               [ 8]  253 	ld	a, (hl+)
    000000D3 66               [ 8]  254 	ld	h, (hl)
    000000D4 6F               [ 4]  255 	ld	l, a
    000000D5 23               [ 8]  256 	inc	hl
    000000D6 23               [ 8]  257 	inc	hl
    000000D7 2A               [ 8]  258 	ld	a,	(hl+)
    000000D8 66               [ 8]  259 	ld	h, (hl)
    000000D9 6F               [ 4]  260 	ld	l, a
    000000DA 79               [ 4]  261 	ld	a, c
    000000DB 95               [ 4]  262 	sub	a, l
    000000DC 4F               [ 4]  263 	ld	c, a
    000000DD 78               [ 4]  264 	ld	a, b
    000000DE 9C               [ 4]  265 	sbc	a, h
    000000DF 47               [ 4]  266 	ld	b, a
    000000E0 E1               [12]  267 	pop	hl
    000000E1 E5               [16]  268 	push	hl
    000000E2 79               [ 4]  269 	ld	a, c
    000000E3 22               [ 8]  270 	ld	(hl+), a
    000000E4 70               [ 8]  271 	ld	(hl), b
                                    272 ;Source/Engine/Systems/../Components/../Libraries/vec2.h:47: }
    000000E5 E8 06            [16]  273 	add	sp, #6
    000000E7 C9               [16]  274 	ret
                                    275 ;Source/Engine/Systems/../Components/../Libraries/vec2.h:50: static inline void vec2_scale(vec2 *a, f12 s) {
                                    276 ;	---------------------------------
                                    277 ; Function vec2_scale
                                    278 ; ---------------------------------
    000000E8                        279 _vec2_scale:
    000000E8 E8 F2            [16]  280 	add	sp, #-14
    000000EA F8 0C            [12]  281 	ldhl	sp,	#12
    000000EC 7B               [ 4]  282 	ld	a, e
    000000ED 22               [ 8]  283 	ld	(hl+), a
    000000EE 72               [ 8]  284 	ld	(hl), d
    000000EF F8 0A            [12]  285 	ldhl	sp,	#10
    000000F1 79               [ 4]  286 	ld	a, c
    000000F2 22               [ 8]  287 	ld	(hl+), a
                                    288 ;Source/Engine/Systems/../Components/../Libraries/vec2.h:52: a->x = ((int32_t)a->x * s) >> 4;
    000000F3 78               [ 4]  289 	ld	a, b
    000000F4 22               [ 8]  290 	ld	(hl+), a
    000000F5 7E               [ 8]  291 	ld	a, (hl)
    000000F6 F8 00            [12]  292 	ldhl	sp,	#0
    000000F8 77               [ 8]  293 	ld	(hl), a
    000000F9 F8 0D            [12]  294 	ldhl	sp,	#13
    000000FB 7E               [ 8]  295 	ld	a, (hl)
    000000FC F8 01            [12]  296 	ldhl	sp,	#1
    000000FE 22               [ 8]  297 	ld	(hl+), a
    000000FF D1               [12]  298 	pop	de
    00000100 D5               [16]  299 	push	de
    00000101 1A               [ 8]  300 	ld	a, (de)
    00000102 4F               [ 4]  301 	ld	c, a
    00000103 13               [ 8]  302 	inc	de
    00000104 1A               [ 8]  303 	ld	a, (de)
    00000105 71               [ 8]  304 	ld	(hl), c
    00000106 23               [ 8]  305 	inc	hl
    00000107 22               [ 8]  306 	ld	(hl+), a
    00000108 07               [ 4]  307 	rlca
    00000109 9F               [ 4]  308 	sbc	a, a
    0000010A 22               [ 8]  309 	ld	(hl+), a
    0000010B 77               [ 8]  310 	ld	(hl), a
    0000010C F8 0A            [12]  311 	ldhl	sp,	#10
    0000010E 7E               [ 8]  312 	ld	a, (hl)
    0000010F F8 06            [12]  313 	ldhl	sp,	#6
    00000111 77               [ 8]  314 	ld	(hl), a
    00000112 F8 0B            [12]  315 	ldhl	sp,	#11
    00000114 7E               [ 8]  316 	ld	a, (hl)
    00000115 F8 07            [12]  317 	ldhl	sp,	#7
    00000117 22               [ 8]  318 	ld	(hl+), a
    00000118 07               [ 4]  319 	rlca
    00000119 9F               [ 4]  320 	sbc	a, a
    0000011A 22               [ 8]  321 	ld	(hl+), a
    0000011B 32               [ 8]  322 	ld	(hl-), a
    0000011C 2A               [ 8]  323 	ld	a, (hl+)
    0000011D 5F               [ 4]  324 	ld	e, a
    0000011E 56               [ 8]  325 	ld	d, (hl)
    0000011F D5               [16]  326 	push	de
    00000120 F8 08            [12]  327 	ldhl	sp,	#8
    00000122 2A               [ 8]  328 	ld	a, (hl+)
    00000123 5F               [ 4]  329 	ld	e, a
    00000124 56               [ 8]  330 	ld	d, (hl)
    00000125 D5               [16]  331 	push	de
    00000126 F8 06            [12]  332 	ldhl	sp,	#6
    00000128 2A               [ 8]  333 	ld	a, (hl+)
    00000129 4F               [ 4]  334 	ld	c, a
    0000012A 2A               [ 8]  335 	ld	a, (hl+)
    0000012B 47               [ 4]  336 	ld	b, a
    0000012C 2A               [ 8]  337 	ld	a, (hl+)
    0000012D 5F               [ 4]  338 	ld	e, a
    0000012E 56               [ 8]  339 	ld	d, (hl)
    0000012F CDr00r00         [24]  340 	call	__mullong
    00000132 3E 04            [ 8]  341 	ld	a, #0x04
    00000134                        342 00103$:
    00000134 CB 2A            [ 8]  343 	sra	d
    00000136 CB 1B            [ 8]  344 	rr	e
    00000138 CB 18            [ 8]  345 	rr	b
    0000013A CB 19            [ 8]  346 	rr	c
    0000013C 3D               [ 4]  347 	dec	a
    0000013D 20 F5            [12]  348 	jr	NZ, 00103$
    0000013F E1               [12]  349 	pop	hl
    00000140 E5               [16]  350 	push	hl
    00000141 79               [ 4]  351 	ld	a, c
    00000142 22               [ 8]  352 	ld	(hl+), a
    00000143 70               [ 8]  353 	ld	(hl), b
                                    354 ;Source/Engine/Systems/../Components/../Libraries/vec2.h:53: a->y = ((int32_t)a->y * s) >> 4;
    00000144 F8 0C            [12]  355 	ldhl	sp,#12
    00000146 2A               [ 8]  356 	ld	a, (hl+)
    00000147 5F               [ 4]  357 	ld	e, a
    00000148 56               [ 8]  358 	ld	d, (hl)
    00000149 21 02 00         [12]  359 	ld	hl, #0x0002
    0000014C 19               [ 8]  360 	add	hl, de
    0000014D E5               [16]  361 	push	hl
    0000014E 7D               [ 4]  362 	ld	a, l
    0000014F F8 06            [12]  363 	ldhl	sp,	#6
    00000151 77               [ 8]  364 	ld	(hl), a
    00000152 E1               [12]  365 	pop	hl
    00000153 7C               [ 4]  366 	ld	a, h
    00000154 F8 05            [12]  367 	ldhl	sp,	#5
    00000156 32               [ 8]  368 	ld	(hl-), a
    00000157 2A               [ 8]  369 	ld	a, (hl+)
    00000158 5F               [ 4]  370 	ld	e, a
    00000159 56               [ 8]  371 	ld	d, (hl)
    0000015A 1A               [ 8]  372 	ld	a, (de)
    0000015B 4F               [ 4]  373 	ld	c, a
    0000015C 13               [ 8]  374 	inc	de
    0000015D 1A               [ 8]  375 	ld	a, (de)
    0000015E 47               [ 4]  376 	ld	b, a
    0000015F 07               [ 4]  377 	rlca
    00000160 9F               [ 4]  378 	sbc	a, a
    00000161 5F               [ 4]  379 	ld	e, a
    00000162 57               [ 4]  380 	ld	d, a
    00000163 F8 08            [12]  381 	ldhl	sp,	#8
    00000165 2A               [ 8]  382 	ld	a, (hl+)
    00000166 66               [ 8]  383 	ld	h, (hl)
    00000167 6F               [ 4]  384 	ld	l, a
    00000168 E5               [16]  385 	push	hl
    00000169 F8 08            [12]  386 	ldhl	sp,	#8
    0000016B 2A               [ 8]  387 	ld	a, (hl+)
    0000016C 66               [ 8]  388 	ld	h, (hl)
    0000016D 6F               [ 4]  389 	ld	l, a
    0000016E E5               [16]  390 	push	hl
    0000016F CDr00r00         [24]  391 	call	__mullong
    00000172 3E 04            [ 8]  392 	ld	a, #0x04
    00000174                        393 00105$:
    00000174 CB 2A            [ 8]  394 	sra	d
    00000176 CB 1B            [ 8]  395 	rr	e
    00000178 CB 18            [ 8]  396 	rr	b
    0000017A CB 19            [ 8]  397 	rr	c
    0000017C 3D               [ 4]  398 	dec	a
    0000017D 20 F5            [12]  399 	jr	NZ, 00105$
    0000017F F8 04            [12]  400 	ldhl	sp,	#4
    00000181 2A               [ 8]  401 	ld	a, (hl+)
    00000182 66               [ 8]  402 	ld	h, (hl)
    00000183 6F               [ 4]  403 	ld	l, a
    00000184 79               [ 4]  404 	ld	a, c
    00000185 22               [ 8]  405 	ld	(hl+), a
    00000186 70               [ 8]  406 	ld	(hl), b
                                    407 ;Source/Engine/Systems/../Components/../Libraries/vec2.h:54: }
    00000187 E8 0E            [16]  408 	add	sp, #14
    00000189 C9               [16]  409 	ret
                                    410 ;Source/Engine/Systems/../Components/../Libraries/vec2.h:57: static inline void vec2_copy(vec2 *dest, const vec2 *src) {
                                    411 ;	---------------------------------
                                    412 ; Function vec2_copy
                                    413 ; ---------------------------------
    0000018A                        414 _vec2_copy:
    0000018A E8 FC            [16]  415 	add	sp, #-4
    0000018C F8 02            [12]  416 	ldhl	sp,	#2
    0000018E 7B               [ 4]  417 	ld	a, e
    0000018F 22               [ 8]  418 	ld	(hl+), a
                                    419 ;Source/Engine/Systems/../Components/../Libraries/vec2.h:58: dest->x = src->x;
    00000190 7A               [ 4]  420 	ld	a, d
    00000191 32               [ 8]  421 	ld	(hl-), a
    00000192 33               [ 8]  422 	inc	sp
    00000193 33               [ 8]  423 	inc	sp
    00000194 C5               [16]  424 	push	bc
    00000195 2A               [ 8]  425 	ld	a, (hl+)
    00000196 4F               [ 4]  426 	ld	c, a
    00000197 46               [ 8]  427 	ld	b, (hl)
    00000198 D1               [12]  428 	pop	de
    00000199 D5               [16]  429 	push	de
    0000019A 1A               [ 8]  430 	ld	a, (de)
    0000019B 6F               [ 4]  431 	ld	l, a
    0000019C 13               [ 8]  432 	inc	de
    0000019D 1A               [ 8]  433 	ld	a, (de)
    0000019E 67               [ 4]  434 	ld	h, a
    0000019F 7D               [ 4]  435 	ld	a, l
    000001A0 02               [ 8]  436 	ld	(bc), a
    000001A1 03               [ 8]  437 	inc	bc
    000001A2 7C               [ 4]  438 	ld	a, h
    000001A3 02               [ 8]  439 	ld	(bc), a
                                    440 ;Source/Engine/Systems/../Components/../Libraries/vec2.h:59: dest->y = src->y;
    000001A4 F8 02            [12]  441 	ldhl	sp,	#2
    000001A6 2A               [ 8]  442 	ld	a, (hl+)
    000001A7 4F               [ 4]  443 	ld	c, a
    000001A8 46               [ 8]  444 	ld	b, (hl)
    000001A9 03               [ 8]  445 	inc	bc
    000001AA 03               [ 8]  446 	inc	bc
    000001AB E1               [12]  447 	pop	hl
    000001AC E5               [16]  448 	push	hl
    000001AD 23               [ 8]  449 	inc	hl
    000001AE 23               [ 8]  450 	inc	hl
    000001AF 2A               [ 8]  451 	ld	a,	(hl+)
    000001B0 66               [ 8]  452 	ld	h, (hl)
    000001B1 02               [ 8]  453 	ld	(bc), a
    000001B2 03               [ 8]  454 	inc	bc
    000001B3 7C               [ 4]  455 	ld	a, h
    000001B4 02               [ 8]  456 	ld	(bc), a
                                    457 ;Source/Engine/Systems/../Components/../Libraries/vec2.h:60: }
    000001B5 E8 04            [16]  458 	add	sp, #4
    000001B7 C9               [16]  459 	ret
                                    460 ;Source/Engine/Systems/../Components/../Libraries/vec2.h:63: static inline bool vec2_equal(const vec2 *a, const vec2 *b) {
                                    461 ;	---------------------------------
                                    462 ; Function vec2_equal
                                    463 ; ---------------------------------
    000001B8                        464 _vec2_equal:
    000001B8 E8 F8            [16]  465 	add	sp, #-8
    000001BA F8 06            [12]  466 	ldhl	sp,	#6
    000001BC 7B               [ 4]  467 	ld	a, e
    000001BD 22               [ 8]  468 	ld	(hl+), a
    000001BE 72               [ 8]  469 	ld	(hl), d
    000001BF F8 04            [12]  470 	ldhl	sp,	#4
    000001C1 79               [ 4]  471 	ld	a, c
    000001C2 22               [ 8]  472 	ld	(hl+), a
                                    473 ;Source/Engine/Systems/../Components/../Libraries/vec2.h:64: return a->x == b->x && a->y == b->y;
    000001C3 78               [ 4]  474 	ld	a, b
    000001C4 22               [ 8]  475 	ld	(hl+), a
    000001C5 2A               [ 8]  476 	ld	a, (hl+)
    000001C6 5F               [ 4]  477 	ld	e, a
    000001C7 3A               [ 8]  478 	ld	a, (hl-)
    000001C8 2B               [ 8]  479 	dec	hl
    000001C9 2B               [ 8]  480 	dec	hl
    000001CA 57               [ 4]  481 	ld	d, a
    000001CB 1A               [ 8]  482 	ld	a, (de)
    000001CC 4F               [ 4]  483 	ld	c, a
    000001CD 13               [ 8]  484 	inc	de
    000001CE 1A               [ 8]  485 	ld	a, (de)
    000001CF 47               [ 4]  486 	ld	b, a
    000001D0 2A               [ 8]  487 	ld	a, (hl+)
    000001D1 5F               [ 4]  488 	ld	e, a
    000001D2 56               [ 8]  489 	ld	d, (hl)
    000001D3 1A               [ 8]  490 	ld	a, (de)
    000001D4 6F               [ 4]  491 	ld	l, a
    000001D5 13               [ 8]  492 	inc	de
    000001D6 1A               [ 8]  493 	ld	a, (de)
    000001D7 67               [ 4]  494 	ld	h, a
    000001D8 7D               [ 4]  495 	ld	a, l
    000001D9 91               [ 4]  496 	sub	a, c
    000001DA 20 3D            [12]  497 	jr	NZ, 00103$
    000001DC 7C               [ 4]  498 	ld	a, h
    000001DD 90               [ 4]  499 	sub	a, b
    000001DE 20 39            [12]  500 	jr	NZ, 00103$
    000001E0 F8 06            [12]  501 	ldhl	sp,	#6
    000001E2 2A               [ 8]  502 	ld	a, (hl+)
    000001E3 4F               [ 4]  503 	ld	c, a
    000001E4 46               [ 8]  504 	ld	b, (hl)
    000001E5 03               [ 8]  505 	inc	bc
    000001E6 03               [ 8]  506 	inc	bc
    000001E7 59               [ 4]  507 	ld	e, c
    000001E8 50               [ 4]  508 	ld	d, b
    000001E9 1A               [ 8]  509 	ld	a, (de)
    000001EA F8 00            [12]  510 	ldhl	sp,	#0
    000001EC 22               [ 8]  511 	ld	(hl+), a
    000001ED 13               [ 8]  512 	inc	de
    000001EE 1A               [ 8]  513 	ld	a, (de)
    000001EF 77               [ 8]  514 	ld	(hl), a
    000001F0 F8 04            [12]  515 	ldhl	sp,#4
    000001F2 2A               [ 8]  516 	ld	a, (hl+)
    000001F3 5F               [ 4]  517 	ld	e, a
    000001F4 56               [ 8]  518 	ld	d, (hl)
    000001F5 21 02 00         [12]  519 	ld	hl, #0x0002
    000001F8 19               [ 8]  520 	add	hl, de
    000001F9 E5               [16]  521 	push	hl
    000001FA 7D               [ 4]  522 	ld	a, l
    000001FB F8 04            [12]  523 	ldhl	sp,	#4
    000001FD 77               [ 8]  524 	ld	(hl), a
    000001FE E1               [12]  525 	pop	hl
    000001FF 7C               [ 4]  526 	ld	a, h
    00000200 F8 03            [12]  527 	ldhl	sp,	#3
    00000202 32               [ 8]  528 	ld	(hl-), a
    00000203 2A               [ 8]  529 	ld	a, (hl+)
    00000204 5F               [ 4]  530 	ld	e, a
    00000205 3A               [ 8]  531 	ld	a, (hl-)
    00000206 57               [ 4]  532 	ld	d, a
    00000207 1A               [ 8]  533 	ld	a, (de)
    00000208 22               [ 8]  534 	ld	(hl+), a
    00000209 13               [ 8]  535 	inc	de
    0000020A 1A               [ 8]  536 	ld	a, (de)
    0000020B 77               [ 8]  537 	ld	(hl), a
    0000020C F8 00            [12]  538 	ldhl	sp,	#0
    0000020E 2A               [ 8]  539 	ld	a, (hl+)
    0000020F 23               [ 8]  540 	inc	hl
    00000210 96               [ 8]  541 	sub	a, (hl)
    00000211 20 06            [12]  542 	jr	NZ, 00115$
    00000213 2B               [ 8]  543 	dec	hl
    00000214 2A               [ 8]  544 	ld	a, (hl+)
    00000215 23               [ 8]  545 	inc	hl
    00000216 96               [ 8]  546 	sub	a, (hl)
    00000217 28 03            [12]  547 	jr	Z, 00104$
    00000219                        548 00115$:
    00000219                        549 00103$:
    00000219 AF               [ 4]  550 	xor	a, a
    0000021A 18 02            [12]  551 	jr	00105$
    0000021C                        552 00104$:
    0000021C 3E 01            [ 8]  553 	ld	a, #0x01
    0000021E                        554 00105$:
                                    555 ;Source/Engine/Systems/../Components/../Libraries/vec2.h:65: }
    0000021E E8 08            [16]  556 	add	sp, #8
    00000220 C9               [16]  557 	ret
                                    558 ;Source/Engine/Systems/../Components/transform_component.h:16: static inline vec2 getTransformPosition(uint8_t entityID) {
                                    559 ;	---------------------------------
                                    560 ; Function getTransformPosition
                                    561 ; ---------------------------------
    00000221                        562 _getTransformPosition:
    00000221 E8 FB            [16]  563 	add	sp, #-5
    00000223 F8 04            [12]  564 	ldhl	sp,	#4
    00000225 77               [ 8]  565 	ld	(hl), a
                                    566 ;Source/Engine/Systems/../Components/transform_component.h:17: vec2 result = {0, 0};
    00000226 AF               [ 4]  567 	xor	a, a
    00000227 F8 00            [12]  568 	ldhl	sp,	#0
    00000229 22               [ 8]  569 	ld	(hl+), a
    0000022A 22               [ 8]  570 	ld	(hl+), a
    0000022B AF               [ 4]  571 	xor	a, a
    0000022C 22               [ 8]  572 	ld	(hl+), a
    0000022D 77               [ 8]  573 	ld	(hl), a
                                    574 ;Source/Engine/Systems/../Components/transform_component.h:18: for (uint8_t i = 0; i < TRANSFORM_POOL_SIZE; i++) {
    0000022E 0E 00            [ 8]  575 	ld	c, #0x00
    00000230 59               [ 4]  576 	ld	e, c
    00000231                        577 00105$:
    00000231 7B               [ 4]  578 	ld	a, e
    00000232 D6 64            [ 8]  579 	sub	a, #0x64
    00000234 30 3D            [12]  580 	jr	NC, 00103$
                                    581 ;Source/Engine/Systems/../Components/transform_component.h:19: if (transformComponent.entityID[i] == entityID) {
    00000236 21r00r00         [12]  582 	ld	hl, #_transformComponent
    00000239 16 00            [ 8]  583 	ld	d, #0x00
    0000023B 19               [ 8]  584 	add	hl, de
    0000023C 46               [ 8]  585 	ld	b, (hl)
    0000023D F8 04            [12]  586 	ldhl	sp,	#4
    0000023F 7E               [ 8]  587 	ld	a, (hl)
    00000240 90               [ 4]  588 	sub	a, b
    00000241 20 2C            [12]  589 	jr	NZ, 00106$
                                    590 ;Source/Engine/Systems/../Components/transform_component.h:20: result = transformComponent.position[i];
    00000243 11r64r00         [12]  591 	ld	de, #_transformComponent + 100
    00000246 69               [ 4]  592 	ld	l, c
    00000247 AF               [ 4]  593 	xor	a, a
    00000248 67               [ 4]  594 	ld	h, a
    00000249 29               [ 8]  595 	add	hl, hl
    0000024A 29               [ 8]  596 	add	hl, hl
    0000024B 19               [ 8]  597 	add	hl, de
    0000024C 4D               [ 4]  598 	ld	c, l
    0000024D 44               [ 4]  599 	ld	b, h
    0000024E 21 00 00         [12]  600 	ld	hl, #0
    00000251 39               [ 8]  601 	add	hl, sp
    00000252 5D               [ 4]  602 	ld	e, l
    00000253 54               [ 4]  603 	ld	d, h
    00000254 21 04 00         [12]  604 	ld	hl, #0x0004
    00000257 E5               [16]  605 	push	hl
    00000258 CDr00r00         [24]  606 	call	___memcpy
                                    607 ;Source/Engine/Systems/../Components/transform_component.h:21: return result;
    0000025B F8 07            [12]  608 	ldhl	sp,	#7
    0000025D 2A               [ 8]  609 	ld	a, (hl+)
    0000025E 4F               [ 4]  610 	ld	c, a
    0000025F 46               [ 8]  611 	ld	b, (hl)
    00000260 F8 00            [12]  612 	ldhl	sp,	#0
    00000262 2A               [ 8]  613 	ld	a, (hl+)
    00000263 02               [ 8]  614 	ld	(bc), a
    00000264 03               [ 8]  615 	inc	bc
    00000265 2A               [ 8]  616 	ld	a, (hl+)
    00000266 02               [ 8]  617 	ld	(bc), a
    00000267 03               [ 8]  618 	inc	bc
    00000268 2A               [ 8]  619 	ld	a, (hl+)
    00000269 02               [ 8]  620 	ld	(bc), a
    0000026A 03               [ 8]  621 	inc	bc
    0000026B 7E               [ 8]  622 	ld	a, (hl)
    0000026C 02               [ 8]  623 	ld	(bc), a
    0000026D 18 16            [12]  624 	jr	00107$
    0000026F                        625 00106$:
                                    626 ;Source/Engine/Systems/../Components/transform_component.h:18: for (uint8_t i = 0; i < TRANSFORM_POOL_SIZE; i++) {
    0000026F 1C               [ 4]  627 	inc	e
    00000270 4B               [ 4]  628 	ld	c, e
    00000271 18 BE            [12]  629 	jr	00105$
    00000273                        630 00103$:
                                    631 ;Source/Engine/Systems/../Components/transform_component.h:24: return result;
    00000273 F8 07            [12]  632 	ldhl	sp,	#7
    00000275 2A               [ 8]  633 	ld	a, (hl+)
    00000276 4F               [ 4]  634 	ld	c, a
    00000277 46               [ 8]  635 	ld	b, (hl)
    00000278 F8 00            [12]  636 	ldhl	sp,	#0
    0000027A 2A               [ 8]  637 	ld	a, (hl+)
    0000027B 02               [ 8]  638 	ld	(bc), a
    0000027C 03               [ 8]  639 	inc	bc
    0000027D 2A               [ 8]  640 	ld	a, (hl+)
    0000027E 02               [ 8]  641 	ld	(bc), a
    0000027F 03               [ 8]  642 	inc	bc
    00000280 2A               [ 8]  643 	ld	a, (hl+)
    00000281 02               [ 8]  644 	ld	(bc), a
    00000282 03               [ 8]  645 	inc	bc
    00000283 7E               [ 8]  646 	ld	a, (hl)
    00000284 02               [ 8]  647 	ld	(bc), a
    00000285                        648 00107$:
                                    649 ;Source/Engine/Systems/../Components/transform_component.h:25: }
    00000285 E8 05            [16]  650 	add	sp, #5
    00000287 E1               [12]  651 	pop	hl
    00000288 F1               [12]  652 	pop	af
    00000289 E9               [ 4]  653 	jp	(hl)
                                    654 ;Source/Engine/Systems/render_sprite_system.c:10: void RenderSprites(void) {
                                    655 ;	---------------------------------
                                    656 ; Function RenderSprites
                                    657 ; ---------------------------------
    0000028A                        658 _RenderSprites::
    0000028A E8 E0            [16]  659 	add	sp, #-32
                                    660 ;Source/Engine/Systems/render_sprite_system.c:18: uint8_t spriteOAMIndex = 0;
    0000028C F8 1B            [12]  661 	ldhl	sp,	#27
                                    662 ;Source/Engine/Systems/render_sprite_system.c:23: for (uint8_t i = 0; i < SPRITE_POOL_SIZE; i++) {
    0000028E AF               [ 4]  663 	xor	a, a
    0000028F 22               [ 8]  664 	ld	(hl+), a
    00000290 77               [ 8]  665 	ld	(hl), a
    00000291                        666 00127$:
    00000291 F8 1C            [12]  667 	ldhl	sp,	#28
    00000293 7E               [ 8]  668 	ld	a, (hl)
    00000294 D6 32            [ 8]  669 	sub	a, #0x32
    00000296 D2rB1r05         [16]  670 	jp	NC, 00129$
                                    671 ;Source/Engine/Systems/render_sprite_system.c:24: id = spriteComponent.entityID[i];
    00000299 11r00r00         [12]  672 	ld	de, #_spriteComponent
    0000029C 6E               [ 8]  673 	ld	l, (hl)
    0000029D 26 00            [ 8]  674 	ld	h, #0x00
    0000029F 19               [ 8]  675 	add	hl, de
    000002A0 4D               [ 4]  676 	ld	c, l
    000002A1 44               [ 4]  677 	ld	b, h
    000002A2 0A               [ 8]  678 	ld	a, (bc)
    000002A3 F8 1F            [12]  679 	ldhl	sp,	#31
    000002A5 77               [ 8]  680 	ld	(hl), a
                                    681 ;Source/Engine/Systems/render_sprite_system.c:25: e = getEntityById(id);
    000002A6 7E               [ 8]  682 	ld	a, (hl)
    000002A7 CDr00r00         [24]  683 	call	_getEntityById
                                    684 ;Source/Engine/Systems/render_sprite_system.c:26: if (id != 0 &&
    000002AA F8 1F            [12]  685 	ldhl	sp,	#31
    000002AC 7E               [ 8]  686 	ld	a, (hl)
    000002AD B7               [ 4]  687 	or	a, a
    000002AE CArABr05         [16]  688 	jp	Z, 00128$
                                    689 ;Source/Engine/Systems/render_sprite_system.c:27: (spriteComponent.flags[i] & SPRITE_VISIBLE) &&
    000002B1 11r90r01         [12]  690 	ld	de, #(_spriteComponent + 400)
    000002B4 F8 1C            [12]  691 	ldhl	sp,	#28
    000002B6 6E               [ 8]  692 	ld	l, (hl)
    000002B7 26 00            [ 8]  693 	ld	h, #0x00
    000002B9 19               [ 8]  694 	add	hl, de
    000002BA E5               [16]  695 	push	hl
    000002BB 7D               [ 4]  696 	ld	a, l
    000002BC F8 12            [12]  697 	ldhl	sp,	#18
    000002BE 77               [ 8]  698 	ld	(hl), a
    000002BF E1               [12]  699 	pop	hl
    000002C0 7C               [ 4]  700 	ld	a, h
    000002C1 F8 11            [12]  701 	ldhl	sp,	#17
    000002C3 32               [ 8]  702 	ld	(hl-), a
    000002C4 2A               [ 8]  703 	ld	a, (hl+)
    000002C5 5F               [ 4]  704 	ld	e, a
    000002C6 56               [ 8]  705 	ld	d, (hl)
    000002C7 1A               [ 8]  706 	ld	a, (de)
    000002C8 CB 77            [ 8]  707 	bit	6, a
    000002CA CArABr05         [16]  708 	jp	Z, 00128$
                                    709 ;Source/Engine/Systems/render_sprite_system.c:28: EntityHasComponent(id, TRANSFORM_COMPONENT)) {
    000002CD F8 1F            [12]  710 	ldhl	sp,	#31
    000002CF 5E               [ 8]  711 	ld	e, (hl)
    000002D0 AF               [ 4]  712 	xor	a, a
    000002D1 01 01 00         [12]  713 	ld	bc, #0x0001
    000002D4 57               [ 4]  714 	ld	d, a
    000002D5 CDr00r00         [24]  715 	call	_EntityHasComponent
    000002D8 4F               [ 4]  716 	ld	c, a
    000002D9 CB 41            [ 8]  717 	bit	0, c
    000002DB CArABr05         [16]  718 	jp	Z, 00128$
                                    719 ;Source/Engine/Systems/render_sprite_system.c:31: position = getTransformPosition(id);
                                    720 ;Source/Engine/Systems/../Components/transform_component.h:17: vec2 result = {0, 0};
    000002DE AF               [ 4]  721 	xor	a, a
    000002DF F8 0C            [12]  722 	ldhl	sp,	#12
    000002E1 22               [ 8]  723 	ld	(hl+), a
    000002E2 22               [ 8]  724 	ld	(hl+), a
    000002E3 AF               [ 4]  725 	xor	a, a
    000002E4 22               [ 8]  726 	ld	(hl+), a
    000002E5 77               [ 8]  727 	ld	(hl), a
                                    728 ;Source/Engine/Systems/../Components/transform_component.h:18: for (uint8_t i = 0; i < TRANSFORM_POOL_SIZE; i++) {
    000002E6 0E 00            [ 8]  729 	ld	c, #0x00
    000002E8 59               [ 4]  730 	ld	e, c
    000002E9                        731 00118$:
    000002E9 7B               [ 4]  732 	ld	a, e
    000002EA D6 64            [ 8]  733 	sub	a, #0x64
    000002EC 30 3C            [12]  734 	jr	NC, 00112$
                                    735 ;Source/Engine/Systems/../Components/transform_component.h:19: if (transformComponent.entityID[i] == entityID) {
    000002EE 21r00r00         [12]  736 	ld	hl, #_transformComponent
    000002F1 16 00            [ 8]  737 	ld	d, #0x00
    000002F3 19               [ 8]  738 	add	hl, de
    000002F4 46               [ 8]  739 	ld	b, (hl)
    000002F5 F8 1F            [12]  740 	ldhl	sp,	#31
    000002F7 7E               [ 8]  741 	ld	a, (hl)
    000002F8 90               [ 4]  742 	sub	a, b
    000002F9 20 2B            [12]  743 	jr	NZ, 00119$
                                    744 ;Source/Engine/Systems/../Components/transform_component.h:20: result = transformComponent.position[i];
    000002FB 69               [ 4]  745 	ld	l, c
    000002FC 26 00            [ 8]  746 	ld	h, #0x00
    000002FE 29               [ 8]  747 	add	hl, hl
    000002FF 29               [ 8]  748 	add	hl, hl
    00000300 11r64r00         [12]  749 	ld	de, #(_transformComponent + 100)
    00000303 19               [ 8]  750 	add	hl, de
    00000304 4D               [ 4]  751 	ld	c, l
    00000305 44               [ 4]  752 	ld	b, h
    00000306 21 0C 00         [12]  753 	ld	hl, #12
    00000309 39               [ 8]  754 	add	hl, sp
    0000030A E5               [16]  755 	push	hl
    0000030B 11 04 00         [12]  756 	ld	de, #0x0004
    0000030E D5               [16]  757 	push	de
    0000030F 5D               [ 4]  758 	ld	e, l
    00000310 54               [ 4]  759 	ld	d, h
    00000311 CDr00r00         [24]  760 	call	___memcpy
    00000314 E1               [12]  761 	pop	hl
                                    762 ;Source/Engine/Systems/render_sprite_system.c:21: int tileDataIndex = 0;
    00000315 11 04 00         [12]  763 	ld	de, #0x0004
    00000318 D5               [16]  764 	push	de
    00000319 4D               [ 4]  765 	ld	c, l
    0000031A 44               [ 4]  766 	ld	b, h
    0000031B 21 0A 00         [12]  767 	ld	hl, #10
    0000031E 39               [ 8]  768 	add	hl, sp
    0000031F 5D               [ 4]  769 	ld	e, l
    00000320 54               [ 4]  770 	ld	d, h
    00000321 CDr00r00         [24]  771 	call	___memcpy
    00000324 18 17            [12]  772 	jr	00113$
    00000326                        773 00119$:
                                    774 ;Source/Engine/Systems/../Components/transform_component.h:18: for (uint8_t i = 0; i < TRANSFORM_POOL_SIZE; i++) {
    00000326 1C               [ 4]  775 	inc	e
    00000327 4B               [ 4]  776 	ld	c, e
    00000328 18 BF            [12]  777 	jr	00118$
    0000032A                        778 00112$:
                                    779 ;Source/Engine/Systems/../Components/transform_component.h:24: return result;
    0000032A 21 0C 00         [12]  780 	ld	hl, #12
    0000032D 39               [ 8]  781 	add	hl, sp
    0000032E 11 04 00         [12]  782 	ld	de, #0x0004
    00000331 D5               [16]  783 	push	de
    00000332 4D               [ 4]  784 	ld	c, l
    00000333 44               [ 4]  785 	ld	b, h
    00000334 21 0A 00         [12]  786 	ld	hl, #10
    00000337 39               [ 8]  787 	add	hl, sp
    00000338 5D               [ 4]  788 	ld	e, l
    00000339 54               [ 4]  789 	ld	d, h
    0000033A CDr00r00         [24]  790 	call	___memcpy
                                    791 ;Source/Engine/Systems/render_sprite_system.c:31: position = getTransformPosition(id);
    0000033D                        792 00113$:
    0000033D 11 04 00         [12]  793 	ld	de, #0x0004
    00000340 D5               [16]  794 	push	de
    00000341 21 0A 00         [12]  795 	ld	hl, #10
    00000344 39               [ 8]  796 	add	hl, sp
    00000345 4D               [ 4]  797 	ld	c, l
    00000346 44               [ 4]  798 	ld	b, h
    00000347 21 04 00         [12]  799 	ld	hl, #4
    0000034A 39               [ 8]  800 	add	hl, sp
    0000034B 5D               [ 4]  801 	ld	e, l
    0000034C 54               [ 4]  802 	ld	d, h
    0000034D CDr00r00         [24]  803 	call	___memcpy
                                    804 ;Source/Engine/Systems/render_sprite_system.c:35: offset = spriteComponent.offset[i];
    00000350 01r2Cr01         [12]  805 	ld	bc, #_spriteComponent + 300
    00000353 F8 1C            [12]  806 	ldhl	sp,	#28
    00000355 2A               [ 8]  807 	ld	a, (hl+)
    00000356 23               [ 8]  808 	inc	hl
    00000357 87               [ 4]  809 	add	a, a
    00000358 77               [ 8]  810 	ld	(hl), a
    00000359 6E               [ 8]  811 	ld	l, (hl)
    0000035A 26 00            [ 8]  812 	ld	h, #0x00
    0000035C 09               [ 8]  813 	add	hl, bc
    0000035D 4D               [ 4]  814 	ld	c, l
    0000035E 44               [ 4]  815 	ld	b, h
    0000035F 11 02 00         [12]  816 	ld	de, #0x0002
    00000362 D5               [16]  817 	push	de
    00000363 21 08 00         [12]  818 	ld	hl, #8
    00000366 39               [ 8]  819 	add	hl, sp
    00000367 5D               [ 4]  820 	ld	e, l
    00000368 54               [ 4]  821 	ld	d, h
    00000369 CDr00r00         [24]  822 	call	___memcpy
                                    823 ;Source/Engine/Systems/render_sprite_system.c:38: isWorld = spriteComponent.flags[i] & SPRITE_FLAG_WORLD;
    0000036C F8 10            [12]  824 	ldhl	sp,#16
    0000036E 2A               [ 8]  825 	ld	a, (hl+)
    0000036F 5F               [ 4]  826 	ld	e, a
    00000370 56               [ 8]  827 	ld	d, (hl)
    00000371 1A               [ 8]  828 	ld	a, (de)
    00000372 E6 01            [ 8]  829 	and	a, #0x01
    00000374 F8 1D            [12]  830 	ldhl	sp,	#29
    00000376 77               [ 8]  831 	ld	(hl), a
    00000377 2A               [ 8]  832 	ld	a, (hl+)
    00000378 23               [ 8]  833 	inc	hl
    00000379 77               [ 8]  834 	ld	(hl), a
                                    835 ;Source/Engine/Systems/render_sprite_system.c:39: int16_t screenX = isWorld ? (TO_INT(position.x) - camera.x + offset.x) : position.x + offset.x;
    0000037A F8 02            [12]  836 	ldhl	sp,	#2
    0000037C 7E               [ 8]  837 	ld	a, (hl)
    0000037D F8 19            [12]  838 	ldhl	sp,	#25
    0000037F 77               [ 8]  839 	ld	(hl), a
    00000380 F8 03            [12]  840 	ldhl	sp,	#3
    00000382 7E               [ 8]  841 	ld	a, (hl)
    00000383 F8 1A            [12]  842 	ldhl	sp,	#26
    00000385 77               [ 8]  843 	ld	(hl), a
    00000386 F8 06            [12]  844 	ldhl	sp,	#6
    00000388 7E               [ 8]  845 	ld	a, (hl)
    00000389 F8 15            [12]  846 	ldhl	sp,	#21
    0000038B 22               [ 8]  847 	ld	(hl+), a
    0000038C 07               [ 4]  848 	rlca
    0000038D 9F               [ 4]  849 	sbc	a, a
    0000038E 77               [ 8]  850 	ld	(hl), a
    0000038F F8 1D            [12]  851 	ldhl	sp,	#29
    00000391 CB 46            [12]  852 	bit	0, (hl)
    00000393 28 50            [12]  853 	jr	Z, 00131$
    00000395 F8 1A            [12]  854 	ldhl	sp,	#26
    00000397 CB 2E            [16]  855 	sra	(hl)
    00000399 2B               [ 8]  856 	dec	hl
    0000039A CB 1E            [16]  857 	rr	(hl)
    0000039C 23               [ 8]  858 	inc	hl
    0000039D CB 2E            [16]  859 	sra	(hl)
    0000039F 2B               [ 8]  860 	dec	hl
    000003A0 CB 1E            [16]  861 	rr	(hl)
    000003A2 23               [ 8]  862 	inc	hl
    000003A3 CB 2E            [16]  863 	sra	(hl)
    000003A5 2B               [ 8]  864 	dec	hl
    000003A6 CB 1E            [16]  865 	rr	(hl)
    000003A8 23               [ 8]  866 	inc	hl
    000003A9 CB 2E            [16]  867 	sra	(hl)
    000003AB 2B               [ 8]  868 	dec	hl
    000003AC CB 1E            [16]  869 	rr	(hl)
    000003AE FAr00r00         [16]  870 	ld	a, (#_camera + 0)
    000003B1 F8 1D            [12]  871 	ldhl	sp,#29
    000003B3 77               [ 8]  872 	ld	(hl), a
    000003B4 7E               [ 8]  873 	ld	a, (hl)
    000003B5 F8 13            [12]  874 	ldhl	sp,	#19
    000003B7 22               [ 8]  875 	ld	(hl+), a
    000003B8 07               [ 4]  876 	rlca
    000003B9 9F               [ 4]  877 	sbc	a, a
    000003BA 77               [ 8]  878 	ld	(hl), a
    000003BB F8 19            [12]  879 	ldhl	sp,#25
    000003BD 2A               [ 8]  880 	ld	a, (hl+)
    000003BE 5F               [ 4]  881 	ld	e, a
    000003BF 56               [ 8]  882 	ld	d, (hl)
    000003C0 F8 13            [12]  883 	ldhl	sp,	#19
    000003C2 2A               [ 8]  884 	ld	a,	(hl+)
    000003C3 66               [ 8]  885 	ld	h, (hl)
    000003C4 6F               [ 4]  886 	ld	l, a
    000003C5 7B               [ 4]  887 	ld	a, e
    000003C6 95               [ 4]  888 	sub	a, l
    000003C7 5F               [ 4]  889 	ld	e, a
    000003C8 7A               [ 4]  890 	ld	a, d
    000003C9 9C               [ 4]  891 	sbc	a, h
    000003CA F8 18            [12]  892 	ldhl	sp,	#24
    000003CC 32               [ 8]  893 	ld	(hl-), a
    000003CD 7B               [ 4]  894 	ld	a, e
    000003CE 22               [ 8]  895 	ld	(hl+), a
    000003CF 2B               [ 8]  896 	dec	hl
    000003D0 2A               [ 8]  897 	ld	a, (hl+)
    000003D1 5F               [ 4]  898 	ld	e, a
    000003D2 56               [ 8]  899 	ld	d, (hl)
    000003D3 F8 15            [12]  900 	ldhl	sp,	#21
    000003D5 2A               [ 8]  901 	ld	a,	(hl+)
    000003D6 66               [ 8]  902 	ld	h, (hl)
    000003D7 6F               [ 4]  903 	ld	l, a
    000003D8 19               [ 8]  904 	add	hl, de
    000003D9 E5               [16]  905 	push	hl
    000003DA 7D               [ 4]  906 	ld	a, l
    000003DB F8 1B            [12]  907 	ldhl	sp,	#27
    000003DD 77               [ 8]  908 	ld	(hl), a
    000003DE E1               [12]  909 	pop	hl
    000003DF 7C               [ 4]  910 	ld	a, h
    000003E0 F8 1A            [12]  911 	ldhl	sp,	#26
    000003E2 77               [ 8]  912 	ld	(hl), a
    000003E3 18 15            [12]  913 	jr	00132$
    000003E5                        914 00131$:
    000003E5 F8 19            [12]  915 	ldhl	sp,	#25
    000003E7 2A               [ 8]  916 	ld	a, (hl+)
    000003E8 4F               [ 4]  917 	ld	c, a
    000003E9 46               [ 8]  918 	ld	b, (hl)
    000003EA F8 15            [12]  919 	ldhl	sp,	#21
    000003EC 2A               [ 8]  920 	ld	a,	(hl+)
    000003ED 66               [ 8]  921 	ld	h, (hl)
    000003EE 6F               [ 4]  922 	ld	l, a
    000003EF 09               [ 8]  923 	add	hl, bc
    000003F0 E5               [16]  924 	push	hl
    000003F1 7D               [ 4]  925 	ld	a, l
    000003F2 F8 1B            [12]  926 	ldhl	sp,	#27
    000003F4 77               [ 8]  927 	ld	(hl), a
    000003F5 E1               [12]  928 	pop	hl
    000003F6 7C               [ 4]  929 	ld	a, h
    000003F7 F8 1A            [12]  930 	ldhl	sp,	#26
    000003F9 77               [ 8]  931 	ld	(hl), a
    000003FA                        932 00132$:
    000003FA F8 19            [12]  933 	ldhl	sp,	#25
    000003FC 7E               [ 8]  934 	ld	a, (hl)
    000003FD F8 12            [12]  935 	ldhl	sp,	#18
    000003FF 77               [ 8]  936 	ld	(hl), a
                                    937 ;Source/Engine/Systems/render_sprite_system.c:40: int16_t screenY = isWorld ? (TO_INT(position.y) - camera.y + offset.y) : position.y + offset.y;
    00000400 F8 1F            [12]  938 	ldhl	sp,	#31
    00000402 CB 46            [12]  939 	bit	0, (hl)
    00000404 28 63            [12]  940 	jr	Z, 00133$
    00000406 F8 04            [12]  941 	ldhl	sp,	#4
    00000408 7E               [ 8]  942 	ld	a, (hl)
    00000409 F8 19            [12]  943 	ldhl	sp,	#25
    0000040B 77               [ 8]  944 	ld	(hl), a
    0000040C F8 05            [12]  945 	ldhl	sp,	#5
    0000040E 7E               [ 8]  946 	ld	a, (hl)
    0000040F F8 1A            [12]  947 	ldhl	sp,	#26
    00000411 77               [ 8]  948 	ld	(hl), a
    00000412 CB 2E            [16]  949 	sra	(hl)
    00000414 2B               [ 8]  950 	dec	hl
    00000415 CB 1E            [16]  951 	rr	(hl)
    00000417 23               [ 8]  952 	inc	hl
    00000418 CB 2E            [16]  953 	sra	(hl)
    0000041A 2B               [ 8]  954 	dec	hl
    0000041B CB 1E            [16]  955 	rr	(hl)
    0000041D 23               [ 8]  956 	inc	hl
    0000041E CB 2E            [16]  957 	sra	(hl)
    00000420 2B               [ 8]  958 	dec	hl
    00000421 CB 1E            [16]  959 	rr	(hl)
    00000423 23               [ 8]  960 	inc	hl
    00000424 CB 2E            [16]  961 	sra	(hl)
    00000426 2B               [ 8]  962 	dec	hl
    00000427 CB 1E            [16]  963 	rr	(hl)
    00000429 FAr01r00         [16]  964 	ld	a, (#(_camera + 1) + 0)
    0000042C F8 1F            [12]  965 	ldhl	sp,#31
    0000042E 77               [ 8]  966 	ld	(hl), a
    0000042F 7E               [ 8]  967 	ld	a, (hl)
    00000430 F8 17            [12]  968 	ldhl	sp,	#23
    00000432 22               [ 8]  969 	ld	(hl+), a
    00000433 07               [ 4]  970 	rlca
    00000434 9F               [ 4]  971 	sbc	a, a
    00000435 22               [ 8]  972 	ld	(hl+), a
    00000436 2A               [ 8]  973 	ld	a, (hl+)
    00000437 5F               [ 4]  974 	ld	e, a
    00000438 56               [ 8]  975 	ld	d, (hl)
    00000439 F8 17            [12]  976 	ldhl	sp,	#23
    0000043B 2A               [ 8]  977 	ld	a,	(hl+)
    0000043C 66               [ 8]  978 	ld	h, (hl)
    0000043D 6F               [ 4]  979 	ld	l, a
    0000043E 7B               [ 4]  980 	ld	a, e
    0000043F 95               [ 4]  981 	sub	a, l
    00000440 5F               [ 4]  982 	ld	e, a
    00000441 7A               [ 4]  983 	ld	a, d
    00000442 9C               [ 4]  984 	sbc	a, h
    00000443 F8 16            [12]  985 	ldhl	sp,	#22
    00000445 32               [ 8]  986 	ld	(hl-), a
    00000446 73               [ 8]  987 	ld	(hl), e
    00000447 F8 07            [12]  988 	ldhl	sp,	#7
    00000449 7E               [ 8]  989 	ld	a, (hl)
    0000044A F8 1F            [12]  990 	ldhl	sp,	#31
    0000044C 77               [ 8]  991 	ld	(hl), a
    0000044D 7E               [ 8]  992 	ld	a, (hl)
    0000044E F8 17            [12]  993 	ldhl	sp,	#23
    00000450 22               [ 8]  994 	ld	(hl+), a
    00000451 07               [ 4]  995 	rlca
    00000452 9F               [ 4]  996 	sbc	a, a
    00000453 32               [ 8]  997 	ld	(hl-), a
    00000454 2A               [ 8]  998 	ld	a, (hl+)
    00000455 5F               [ 4]  999 	ld	e, a
    00000456 56               [ 8] 1000 	ld	d, (hl)
    00000457 F8 15            [12] 1001 	ldhl	sp,	#21
    00000459 2A               [ 8] 1002 	ld	a,	(hl+)
    0000045A 66               [ 8] 1003 	ld	h, (hl)
    0000045B 6F               [ 4] 1004 	ld	l, a
    0000045C 19               [ 8] 1005 	add	hl, de
    0000045D E5               [16] 1006 	push	hl
    0000045E 7D               [ 4] 1007 	ld	a, l
    0000045F F8 1B            [12] 1008 	ldhl	sp,	#27
    00000461 77               [ 8] 1009 	ld	(hl), a
    00000462 E1               [12] 1010 	pop	hl
    00000463 7C               [ 4] 1011 	ld	a, h
    00000464 F8 1A            [12] 1012 	ldhl	sp,	#26
    00000466 77               [ 8] 1013 	ld	(hl), a
    00000467 18 32            [12] 1014 	jr	00134$
    00000469                       1015 00133$:
    00000469 F8 04            [12] 1016 	ldhl	sp,	#4
    0000046B 7E               [ 8] 1017 	ld	a, (hl)
    0000046C F8 19            [12] 1018 	ldhl	sp,	#25
    0000046E 77               [ 8] 1019 	ld	(hl), a
    0000046F F8 05            [12] 1020 	ldhl	sp,	#5
    00000471 7E               [ 8] 1021 	ld	a, (hl)
    00000472 F8 1A            [12] 1022 	ldhl	sp,	#26
    00000474 77               [ 8] 1023 	ld	(hl), a
    00000475 F8 07            [12] 1024 	ldhl	sp,	#7
    00000477 7E               [ 8] 1025 	ld	a, (hl)
    00000478 F8 15            [12] 1026 	ldhl	sp,	#21
    0000047A 22               [ 8] 1027 	ld	(hl+), a
    0000047B 07               [ 4] 1028 	rlca
    0000047C 9F               [ 4] 1029 	sbc	a, a
    0000047D 77               [ 8] 1030 	ld	(hl), a
    0000047E F8 19            [12] 1031 	ldhl	sp,	#25
    00000480 3A               [ 8] 1032 	ld	a, (hl-)
    00000481 2B               [ 8] 1033 	dec	hl
    00000482 77               [ 8] 1034 	ld	(hl), a
    00000483 F8 1A            [12] 1035 	ldhl	sp,	#26
    00000485 3A               [ 8] 1036 	ld	a, (hl-)
    00000486 2B               [ 8] 1037 	dec	hl
    00000487 32               [ 8] 1038 	ld	(hl-), a
    00000488 2A               [ 8] 1039 	ld	a, (hl+)
    00000489 5F               [ 4] 1040 	ld	e, a
    0000048A 56               [ 8] 1041 	ld	d, (hl)
    0000048B F8 15            [12] 1042 	ldhl	sp,	#21
    0000048D 2A               [ 8] 1043 	ld	a,	(hl+)
    0000048E 66               [ 8] 1044 	ld	h, (hl)
    0000048F 6F               [ 4] 1045 	ld	l, a
    00000490 19               [ 8] 1046 	add	hl, de
    00000491 E5               [16] 1047 	push	hl
    00000492 7D               [ 4] 1048 	ld	a, l
    00000493 F8 1B            [12] 1049 	ldhl	sp,	#27
    00000495 77               [ 8] 1050 	ld	(hl), a
    00000496 E1               [12] 1051 	pop	hl
    00000497 7C               [ 4] 1052 	ld	a, h
    00000498 F8 1A            [12] 1053 	ldhl	sp,	#26
    0000049A 77               [ 8] 1054 	ld	(hl), a
    0000049B                       1055 00134$:
    0000049B F8 19            [12] 1056 	ldhl	sp,	#25
    0000049D 7E               [ 8] 1057 	ld	a, (hl)
    0000049E F8 13            [12] 1058 	ldhl	sp,	#19
    000004A0 77               [ 8] 1059 	ld	(hl), a
                                   1060 ;Source/Engine/Systems/render_sprite_system.c:42: uint8_t numTiles = spriteComponent.width[i] * spriteComponent.height[i];
    000004A1 11rC8r00         [12] 1061 	ld	de, #(_spriteComponent + 200)
    000004A4 F8 1C            [12] 1062 	ldhl	sp,	#28
    000004A6 6E               [ 8] 1063 	ld	l, (hl)
    000004A7 26 00            [ 8] 1064 	ld	h, #0x00
    000004A9 19               [ 8] 1065 	add	hl, de
    000004AA E5               [16] 1066 	push	hl
    000004AB 7D               [ 4] 1067 	ld	a, l
    000004AC F8 16            [12] 1068 	ldhl	sp,	#22
    000004AE 77               [ 8] 1069 	ld	(hl), a
    000004AF E1               [12] 1070 	pop	hl
    000004B0 7C               [ 4] 1071 	ld	a, h
    000004B1 F8 15            [12] 1072 	ldhl	sp,	#21
    000004B3 77               [ 8] 1073 	ld	(hl), a
    000004B4 11rFAr00         [12] 1074 	ld	de, #(_spriteComponent + 250)
    000004B7 F8 1C            [12] 1075 	ldhl	sp,	#28
    000004B9 6E               [ 8] 1076 	ld	l, (hl)
    000004BA 26 00            [ 8] 1077 	ld	h, #0x00
    000004BC 19               [ 8] 1078 	add	hl, de
    000004BD E5               [16] 1079 	push	hl
    000004BE 7D               [ 4] 1080 	ld	a, l
    000004BF F8 18            [12] 1081 	ldhl	sp,	#24
    000004C1 77               [ 8] 1082 	ld	(hl), a
    000004C2 E1               [12] 1083 	pop	hl
    000004C3 7C               [ 4] 1084 	ld	a, h
    000004C4 F8 17            [12] 1085 	ldhl	sp,	#23
    000004C6 32               [ 8] 1086 	ld	(hl-), a
    000004C7 2A               [ 8] 1087 	ld	a, (hl+)
    000004C8 5F               [ 4] 1088 	ld	e, a
    000004C9 3A               [ 8] 1089 	ld	a, (hl-)
    000004CA 2B               [ 8] 1090 	dec	hl
    000004CB 2B               [ 8] 1091 	dec	hl
    000004CC 57               [ 4] 1092 	ld	d, a
    000004CD 1A               [ 8] 1093 	ld	a, (de)
    000004CE 4F               [ 4] 1094 	ld	c, a
    000004CF 2A               [ 8] 1095 	ld	a, (hl+)
    000004D0 5F               [ 4] 1096 	ld	e, a
    000004D1 56               [ 8] 1097 	ld	d, (hl)
    000004D2 1A               [ 8] 1098 	ld	a, (de)
    000004D3 59               [ 4] 1099 	ld	e, c
                                   1100 ;Source/Engine/Systems/render_sprite_system.c:43: set_sprite_data(spriteOAMIndex, numTiles, spriteComponent.tileData[i]);
    000004D4 CDr00r00         [24] 1101 	call	__muluchar
    000004D7 F8 1F            [12] 1102 	ldhl	sp,	#31
    000004D9 71               [ 8] 1103 	ld	(hl), c
    000004DA 11r32r00         [12] 1104 	ld	de, #(_spriteComponent + 50)
    000004DD F8 1E            [12] 1105 	ldhl	sp,	#30
    000004DF 6E               [ 8] 1106 	ld	l, (hl)
    000004E0 26 00            [ 8] 1107 	ld	h, #0x00
    000004E2 19               [ 8] 1108 	add	hl, de
    000004E3 2A               [ 8] 1109 	ld	a, (hl+)
    000004E4 4F               [ 4] 1110 	ld	c, a
    000004E5 46               [ 8] 1111 	ld	b, (hl)
    000004E6 C5               [16] 1112 	push	bc
    000004E7 F8 21            [12] 1113 	ldhl	sp,	#33
    000004E9 7E               [ 8] 1114 	ld	a, (hl)
    000004EA F5               [16] 1115 	push	af
    000004EB 33               [ 8] 1116 	inc	sp
    000004EC F8 1E            [12] 1117 	ldhl	sp,	#30
    000004EE 7E               [ 8] 1118 	ld	a, (hl)
    000004EF F5               [16] 1119 	push	af
    000004F0 33               [ 8] 1120 	inc	sp
    000004F1 CDr00r00         [24] 1121 	call	_set_sprite_data
    000004F4 E8 04            [16] 1122 	add	sp, #4
                                   1123 ;Source/Engine/Systems/render_sprite_system.c:47: for (uint8_t tx = 0; tx < spriteComponent.width[i]; tx++) {
    000004F6 F8 1D            [12] 1124 	ldhl	sp,	#29
    000004F8 36 00            [12] 1125 	ld	(hl), #0x00
    000004FA                       1126 00124$:
    000004FA F8 14            [12] 1127 	ldhl	sp,#20
    000004FC 2A               [ 8] 1128 	ld	a, (hl+)
    000004FD 5F               [ 4] 1129 	ld	e, a
    000004FE 56               [ 8] 1130 	ld	d, (hl)
    000004FF 1A               [ 8] 1131 	ld	a, (de)
    00000500 4F               [ 4] 1132 	ld	c, a
    00000501 F8 1D            [12] 1133 	ldhl	sp,	#29
    00000503 7E               [ 8] 1134 	ld	a, (hl)
    00000504 91               [ 4] 1135 	sub	a, c
    00000505 D2rABr05         [16] 1136 	jp	NC, 00128$
                                   1137 ;Source/Engine/Systems/render_sprite_system.c:48: for (uint8_t ty = 0; ty < spriteComponent.height[i]; ty++) {
    00000508 2B               [ 8] 1138 	dec	hl
    00000509 2B               [ 8] 1139 	dec	hl
    0000050A 7E               [ 8] 1140 	ld	a, (hl)
    0000050B F8 1E            [12] 1141 	ldhl	sp,	#30
    0000050D 22               [ 8] 1142 	ld	(hl+), a
    0000050E 36 00            [12] 1143 	ld	(hl), #0x00
    00000510                       1144 00121$:
    00000510 F8 16            [12] 1145 	ldhl	sp,#22
    00000512 2A               [ 8] 1146 	ld	a, (hl+)
    00000513 5F               [ 4] 1147 	ld	e, a
    00000514 56               [ 8] 1148 	ld	d, (hl)
    00000515 1A               [ 8] 1149 	ld	a, (de)
    00000516 4F               [ 4] 1150 	ld	c, a
    00000517 F8 1F            [12] 1151 	ldhl	sp,	#31
    00000519 7E               [ 8] 1152 	ld	a, (hl)
    0000051A 91               [ 4] 1153 	sub	a, c
    0000051B D2rA5r05         [16] 1154 	jp	NC, 00125$
                                   1155 ;Source/Engine/Systems/render_sprite_system.c:49: if (spriteOAMIndex >= 40) return; // Max hardware sprites
    0000051E 2B               [ 8] 1156 	dec	hl
    0000051F 7E               [ 8] 1157 	ld	a, (hl)
    00000520 D6 28            [ 8] 1158 	sub	a, #0x28
    00000522 D2rB1r05         [16] 1159 	jp	NC, 00129$
                                   1160 ;/opt/gbdk/include/gb/gb.h:1887: shadow_OAM[nb].tile=tile;
    00000525 F8 1E            [12] 1161 	ldhl	sp,	#30
    00000527 4E               [ 8] 1162 	ld	c, (hl)
    00000528 AF               [ 4] 1163 	xor	a, a
    00000529 CB 21            [ 8] 1164 	sla	c
    0000052B 8F               [ 4] 1165 	adc	a, a
    0000052C CB 21            [ 8] 1166 	sla	c
    0000052E 8F               [ 4] 1167 	adc	a, a
    0000052F F8 00            [12] 1168 	ldhl	sp,	#0
    00000531 71               [ 8] 1169 	ld	(hl), c
    00000532 23               [ 8] 1170 	inc	hl
    00000533 77               [ 8] 1171 	ld	(hl), a
    00000534 11r00r00         [12] 1172 	ld	de, #_shadow_OAM
    00000537 E1               [12] 1173 	pop	hl
    00000538 E5               [16] 1174 	push	hl
    00000539 19               [ 8] 1175 	add	hl, de
    0000053A 23               [ 8] 1176 	inc	hl
    0000053B 23               [ 8] 1177 	inc	hl
    0000053C 4D               [ 4] 1178 	ld	c, l
    0000053D 44               [ 4] 1179 	ld	b, h
    0000053E F8 1E            [12] 1180 	ldhl	sp,	#30
    00000540 7E               [ 8] 1181 	ld	a, (hl)
    00000541 02               [ 8] 1182 	ld	(bc), a
                                   1183 ;Source/Engine/Systems/render_sprite_system.c:53: set_sprite_prop(spriteOAMIndex, spriteComponent.flags[i] & (SPRITE_FLIP_X | SPRITE_FLIP_Y));
    00000542 F8 10            [12] 1184 	ldhl	sp,#16
    00000544 2A               [ 8] 1185 	ld	a, (hl+)
    00000545 5F               [ 4] 1186 	ld	e, a
    00000546 56               [ 8] 1187 	ld	d, (hl)
    00000547 1A               [ 8] 1188 	ld	a, (de)
    00000548 E6 06            [ 8] 1189 	and	a, #0x06
    0000054A 4F               [ 4] 1190 	ld	c, a
                                   1191 ;/opt/gbdk/include/gb/gb.h:1946: shadow_OAM[nb].prop=prop;
    0000054B 11r00r00         [12] 1192 	ld	de, #_shadow_OAM
    0000054E E1               [12] 1193 	pop	hl
    0000054F E5               [16] 1194 	push	hl
    00000550 19               [ 8] 1195 	add	hl, de
    00000551 23               [ 8] 1196 	inc	hl
    00000552 23               [ 8] 1197 	inc	hl
    00000553 23               [ 8] 1198 	inc	hl
    00000554 5D               [ 4] 1199 	ld	e, l
    00000555 54               [ 4] 1200 	ld	d, h
    00000556 79               [ 4] 1201 	ld	a, c
    00000557 12               [ 8] 1202 	ld	(de), a
                                   1203 ;Source/Engine/Systems/render_sprite_system.c:55: move_sprite(spriteOAMIndex, screenX + tx * 8, screenY + ty * 8);
    00000558 F8 1F            [12] 1204 	ldhl	sp,	#31
    0000055A 7E               [ 8] 1205 	ld	a, (hl)
    0000055B 87               [ 4] 1206 	add	a, a
    0000055C 87               [ 4] 1207 	add	a, a
    0000055D 87               [ 4] 1208 	add	a, a
    0000055E F8 13            [12] 1209 	ldhl	sp,	#19
    00000560 86               [ 8] 1210 	add	a, (hl)
    00000561 F8 18            [12] 1211 	ldhl	sp,	#24
    00000563 77               [ 8] 1212 	ld	(hl), a
    00000564 F8 1D            [12] 1213 	ldhl	sp,	#29
    00000566 7E               [ 8] 1214 	ld	a, (hl)
    00000567 87               [ 4] 1215 	add	a, a
    00000568 87               [ 4] 1216 	add	a, a
    00000569 87               [ 4] 1217 	add	a, a
    0000056A F8 12            [12] 1218 	ldhl	sp,	#18
    0000056C 86               [ 8] 1219 	add	a, (hl)
    0000056D F8 19            [12] 1220 	ldhl	sp,	#25
    0000056F 77               [ 8] 1221 	ld	(hl), a
                                   1222 ;/opt/gbdk/include/gb/gb.h:1973: OAM_item_t * itm = &shadow_OAM[nb];
    00000570 11r00r00         [12] 1223 	ld	de, #_shadow_OAM
    00000573 E1               [12] 1224 	pop	hl
    00000574 E5               [16] 1225 	push	hl
    00000575 19               [ 8] 1226 	add	hl, de
    00000576 E5               [16] 1227 	push	hl
    00000577 7D               [ 4] 1228 	ld	a, l
    00000578 F8 1C            [12] 1229 	ldhl	sp,	#28
    0000057A 77               [ 8] 1230 	ld	(hl), a
    0000057B E1               [12] 1231 	pop	hl
    0000057C 7C               [ 4] 1232 	ld	a, h
    0000057D F8 1B            [12] 1233 	ldhl	sp,	#27
                                   1234 ;/opt/gbdk/include/gb/gb.h:1974: itm->y=y, itm->x=x;
    0000057F 32               [ 8] 1235 	ld	(hl-), a
    00000580 2A               [ 8] 1236 	ld	a, (hl+)
    00000581 5F               [ 4] 1237 	ld	e, a
    00000582 56               [ 8] 1238 	ld	d, (hl)
    00000583 F8 18            [12] 1239 	ldhl	sp,	#24
    00000585 7E               [ 8] 1240 	ld	a, (hl)
    00000586 12               [ 8] 1241 	ld	(de), a
    00000587 F8 1A            [12] 1242 	ldhl	sp,#26
    00000589 2A               [ 8] 1243 	ld	a, (hl+)
    0000058A 5F               [ 4] 1244 	ld	e, a
    0000058B 56               [ 8] 1245 	ld	d, (hl)
    0000058C 6B               [ 4] 1246 	ld	l, e
    0000058D 62               [ 4] 1247 	ld	h, d
    0000058E 23               [ 8] 1248 	inc	hl
    0000058F 33               [ 8] 1249 	inc	sp
    00000590 33               [ 8] 1250 	inc	sp
    00000591 5D               [ 4] 1251 	ld	e, l
    00000592 54               [ 4] 1252 	ld	d, h
    00000593 D5               [16] 1253 	push	de
    00000594 F8 19            [12] 1254 	ldhl	sp,	#25
    00000596 7E               [ 8] 1255 	ld	a, (hl)
    00000597 12               [ 8] 1256 	ld	(de), a
                                   1257 ;Source/Engine/Systems/render_sprite_system.c:56: spriteOAMIndex++;
    00000598 F8 1E            [12] 1258 	ldhl	sp,	#30
    0000059A 34               [12] 1259 	inc	(hl)
    0000059B 7E               [ 8] 1260 	ld	a, (hl)
    0000059C F8 1B            [12] 1261 	ldhl	sp,	#27
    0000059E 77               [ 8] 1262 	ld	(hl), a
                                   1263 ;Source/Engine/Systems/render_sprite_system.c:48: for (uint8_t ty = 0; ty < spriteComponent.height[i]; ty++) {
    0000059F F8 1F            [12] 1264 	ldhl	sp,	#31
    000005A1 34               [12] 1265 	inc	(hl)
    000005A2 C3r10r05         [16] 1266 	jp	00121$
    000005A5                       1267 00125$:
                                   1268 ;Source/Engine/Systems/render_sprite_system.c:47: for (uint8_t tx = 0; tx < spriteComponent.width[i]; tx++) {
    000005A5 F8 1D            [12] 1269 	ldhl	sp,	#29
    000005A7 34               [12] 1270 	inc	(hl)
    000005A8 C3rFAr04         [16] 1271 	jp	00124$
    000005AB                       1272 00128$:
                                   1273 ;Source/Engine/Systems/render_sprite_system.c:23: for (uint8_t i = 0; i < SPRITE_POOL_SIZE; i++) {
    000005AB F8 1C            [12] 1274 	ldhl	sp,	#28
    000005AD 34               [12] 1275 	inc	(hl)
    000005AE C3r91r02         [16] 1276 	jp	00127$
    000005B1                       1277 00129$:
                                   1278 ;Source/Engine/Systems/render_sprite_system.c:61: }
    000005B1 E8 20            [16] 1279 	add	sp, #32
    000005B3 C9               [16] 1280 	ret
                                   1281 	.area _CODE
                                   1282 	.area _INITIALIZER
    00000000                       1283 __xinit__camera:
    00000000 00                    1284 	.db #0x00	;  0
    00000001 00                    1285 	.db #0x00	;  0
                                   1286 	.area _CABS (ABS)
